<?xml version="1.0" encoding="utf-8"?>
<CoverageSession xmlns:xsd="http://www.w3.org/2001/XMLSchema" xmlns:xsi="http://www.w3.org/2001/XMLSchema-instance" Version="4.7.922.0">
  <Summary numSequencePoints="1111" visitedSequencePoints="394" numBranchPoints="243" visitedBranchPoints="115" sequenceCoverage="35.46" branchCoverage="47.33" maxCyclomaticComplexity="8" minCyclomaticComplexity="1" maxCrapScore="46.78" minCrapScore="1" visitedClasses="12" numClasses="21" visitedMethods="82" numMethods="145" />
  <Modules>
    <Module hash="79-15-2B-8C-87-FA-B8-4F-61-46-6C-F1-F8-DF-F3-5C-85-FD-CA-39">
      <Summary numSequencePoints="127" visitedSequencePoints="127" numBranchPoints="21" visitedBranchPoints="21" sequenceCoverage="100" branchCoverage="100" maxCyclomaticComplexity="1" minCyclomaticComplexity="1" maxCrapScore="2" minCrapScore="1" visitedClasses="3" numClasses="3" visitedMethods="21" numMethods="21" />
      <ModulePath>C:\Users\rewqa\Desktop\視窗\git\window_form_program_hw\hw2Tests\bin\Debug\fine-code-coverage\build-output\hw2Tests.dll</ModulePath>
      <ModuleTime>2024-12-16T02:41:47.1332563Z</ModuleTime>
      <ModuleName>hw2Tests</ModuleName>
      <Files>
        <File uid="1" fullPath="C:\Users\rewqa\Desktop\視窗\git\window_form_program_hw\hw2Tests\PresentationModel\PresentationModelTests.cs" />
        <File uid="2" fullPath="C:\Users\rewqa\Desktop\視窗\git\window_form_program_hw\hw2Tests\ModelTests.cs" />
      </Files>
      <Classes>
        <Class>
          <Summary numSequencePoints="0" visitedSequencePoints="0" numBranchPoints="0" visitedBranchPoints="0" sequenceCoverage="0" branchCoverage="0" maxCyclomaticComplexity="1" minCyclomaticComplexity="1" maxCrapScore="2" minCrapScore="2" visitedClasses="0" numClasses="0" visitedMethods="0" numMethods="0" />
          <FullName>Microsoft.CodeAnalysis.EmbeddedAttribute</FullName>
          <Methods>
            <Method visited="false" cyclomaticComplexity="1" nPathComplexity="0" sequenceCoverage="0" branchCoverage="0" crapScore="2" isConstructor="true" isStatic="false" isGetter="false" isSetter="false">
              <Summary numSequencePoints="0" visitedSequencePoints="0" numBranchPoints="0" visitedBranchPoints="0" sequenceCoverage="0" branchCoverage="0" maxCyclomaticComplexity="1" minCyclomaticComplexity="1" maxCrapScore="2" minCrapScore="2" visitedClasses="0" numClasses="0" visitedMethods="0" numMethods="0" />
              <MetadataToken>100663297</MetadataToken>
              <Name>System.Void Microsoft.CodeAnalysis.EmbeddedAttribute::.ctor()</Name>
              <SequencePoints />
              <BranchPoints />
              <MethodPoint vc="0" uspid="1" ordinal="0" offset="0" />
            </Method>
          </Methods>
        </Class>
        <Class>
          <Summary numSequencePoints="0" visitedSequencePoints="0" numBranchPoints="0" visitedBranchPoints="0" sequenceCoverage="0" branchCoverage="0" maxCyclomaticComplexity="1" minCyclomaticComplexity="1" maxCrapScore="2" minCrapScore="2" visitedClasses="0" numClasses="0" visitedMethods="0" numMethods="0" />
          <FullName>System.Runtime.CompilerServices.NullableAttribute</FullName>
          <Methods>
            <Method visited="false" cyclomaticComplexity="1" nPathComplexity="0" sequenceCoverage="0" branchCoverage="0" crapScore="2" isConstructor="true" isStatic="false" isGetter="false" isSetter="false">
              <Summary numSequencePoints="0" visitedSequencePoints="0" numBranchPoints="0" visitedBranchPoints="0" sequenceCoverage="0" branchCoverage="0" maxCyclomaticComplexity="1" minCyclomaticComplexity="1" maxCrapScore="2" minCrapScore="2" visitedClasses="0" numClasses="0" visitedMethods="0" numMethods="0" />
              <MetadataToken>100663298</MetadataToken>
              <Name>System.Void System.Runtime.CompilerServices.NullableAttribute::.ctor(System.Byte)</Name>
              <SequencePoints />
              <BranchPoints />
              <MethodPoint vc="0" uspid="2" ordinal="0" offset="0" />
            </Method>
            <Method visited="false" cyclomaticComplexity="1" nPathComplexity="0" sequenceCoverage="0" branchCoverage="0" crapScore="2" isConstructor="true" isStatic="false" isGetter="false" isSetter="false">
              <Summary numSequencePoints="0" visitedSequencePoints="0" numBranchPoints="0" visitedBranchPoints="0" sequenceCoverage="0" branchCoverage="0" maxCyclomaticComplexity="1" minCyclomaticComplexity="1" maxCrapScore="2" minCrapScore="2" visitedClasses="0" numClasses="0" visitedMethods="0" numMethods="0" />
              <MetadataToken>100663299</MetadataToken>
              <Name>System.Void System.Runtime.CompilerServices.NullableAttribute::.ctor(System.Byte[])</Name>
              <SequencePoints />
              <BranchPoints />
              <MethodPoint vc="0" uspid="3" ordinal="0" offset="0" />
            </Method>
          </Methods>
        </Class>
        <Class>
          <Summary numSequencePoints="0" visitedSequencePoints="0" numBranchPoints="0" visitedBranchPoints="0" sequenceCoverage="0" branchCoverage="0" maxCyclomaticComplexity="1" minCyclomaticComplexity="1" maxCrapScore="2" minCrapScore="2" visitedClasses="0" numClasses="0" visitedMethods="0" numMethods="0" />
          <FullName>System.Runtime.CompilerServices.NullableContextAttribute</FullName>
          <Methods>
            <Method visited="false" cyclomaticComplexity="1" nPathComplexity="0" sequenceCoverage="0" branchCoverage="0" crapScore="2" isConstructor="true" isStatic="false" isGetter="false" isSetter="false">
              <Summary numSequencePoints="0" visitedSequencePoints="0" numBranchPoints="0" visitedBranchPoints="0" sequenceCoverage="0" branchCoverage="0" maxCyclomaticComplexity="1" minCyclomaticComplexity="1" maxCrapScore="2" minCrapScore="2" visitedClasses="0" numClasses="0" visitedMethods="0" numMethods="0" />
              <MetadataToken>100663300</MetadataToken>
              <Name>System.Void System.Runtime.CompilerServices.NullableContextAttribute::.ctor(System.Byte)</Name>
              <SequencePoints />
              <BranchPoints />
              <MethodPoint vc="0" uspid="4" ordinal="0" offset="0" />
            </Method>
          </Methods>
        </Class>
        <Class>
          <Summary numSequencePoints="60" visitedSequencePoints="60" numBranchPoints="12" visitedBranchPoints="12" sequenceCoverage="100" branchCoverage="100" maxCyclomaticComplexity="1" minCyclomaticComplexity="1" maxCrapScore="2" minCrapScore="1" visitedClasses="1" numClasses="1" visitedMethods="12" numMethods="12" />
          <FullName>hw2.PresentationModel.Tests.PresentationModelTests</FullName>
          <Methods>
            <Method visited="true" cyclomaticComplexity="1" nPathComplexity="0" sequenceCoverage="100" branchCoverage="100" crapScore="1" isConstructor="false" isStatic="false" isGetter="false" isSetter="false">
              <Summary numSequencePoints="4" visitedSequencePoints="4" numBranchPoints="1" visitedBranchPoints="1" sequenceCoverage="100" branchCoverage="100" maxCyclomaticComplexity="1" minCyclomaticComplexity="1" maxCrapScore="1" minCrapScore="1" visitedClasses="0" numClasses="0" visitedMethods="1" numMethods="1" />
              <MetadataToken>100663301</MetadataToken>
              <Name>System.Void hw2.PresentationModel.Tests.PresentationModelTests::Initialize()</Name>
              <FileRef uid="1" />
              <SequencePoints>
                <SequencePoint vc="11" uspid="5" ordinal="0" offset="0" sl="20" sc="9" el="20" ec="10" bec="0" bev="0" fileid="1" />
                <SequencePoint vc="11" uspid="6" ordinal="1" offset="1" sl="21" sc="13" el="21" ec="41" bec="0" bev="0" fileid="1" />
                <SequencePoint vc="11" uspid="7" ordinal="2" offset="7" sl="22" sc="13" el="22" ec="67" bec="0" bev="0" fileid="1" />
                <SequencePoint vc="11" uspid="8" ordinal="3" offset="19" sl="23" sc="9" el="23" ec="10" bec="0" bev="0" fileid="1" />
              </SequencePoints>
              <BranchPoints />
              <MethodPoint xsi:type="SequencePoint" vc="11" uspid="5" ordinal="0" offset="0" sl="20" sc="9" el="20" ec="10" bec="0" bev="0" fileid="1" />
            </Method>
            <Method visited="true" cyclomaticComplexity="1" nPathComplexity="0" sequenceCoverage="100" branchCoverage="100" crapScore="1" isConstructor="false" isStatic="false" isGetter="false" isSetter="false">
              <Summary numSequencePoints="4" visitedSequencePoints="4" numBranchPoints="1" visitedBranchPoints="1" sequenceCoverage="100" branchCoverage="100" maxCyclomaticComplexity="1" minCyclomaticComplexity="1" maxCrapScore="1" minCrapScore="1" visitedClasses="0" numClasses="0" visitedMethods="1" numMethods="1" />
              <MetadataToken>100663302</MetadataToken>
              <Name>System.Void hw2.PresentationModel.Tests.PresentationModelTests::TestShapeComboBoxIndexChanged_ValidIndex_ShouldSetColorBlack()</Name>
              <FileRef uid="1" />
              <SequencePoints>
                <SequencePoint vc="1" uspid="9" ordinal="0" offset="0" sl="27" sc="9" el="27" ec="10" bec="0" bev="0" fileid="1" />
                <SequencePoint vc="1" uspid="10" ordinal="1" offset="1" sl="28" sc="13" el="28" ec="61" bec="0" bev="0" fileid="1" />
                <SequencePoint vc="1" uspid="11" ordinal="2" offset="14" sl="29" sc="13" el="29" ec="83" bec="0" bev="0" fileid="1" />
                <SequencePoint vc="1" uspid="12" ordinal="3" offset="36" sl="30" sc="9" el="30" ec="10" bec="0" bev="0" fileid="1" />
              </SequencePoints>
              <BranchPoints />
              <MethodPoint xsi:type="SequencePoint" vc="1" uspid="9" ordinal="0" offset="0" sl="27" sc="9" el="27" ec="10" bec="0" bev="0" fileid="1" />
            </Method>
            <Method visited="true" cyclomaticComplexity="1" nPathComplexity="0" sequenceCoverage="100" branchCoverage="100" crapScore="1" isConstructor="false" isStatic="false" isGetter="false" isSetter="false">
              <Summary numSequencePoints="4" visitedSequencePoints="4" numBranchPoints="1" visitedBranchPoints="1" sequenceCoverage="100" branchCoverage="100" maxCyclomaticComplexity="1" minCyclomaticComplexity="1" maxCrapScore="1" minCrapScore="1" visitedClasses="0" numClasses="0" visitedMethods="1" numMethods="1" />
              <MetadataToken>100663303</MetadataToken>
              <Name>System.Void hw2.PresentationModel.Tests.PresentationModelTests::TestShapeComboBoxIndexChanged_InvalidIndex_ShouldSetColorRed()</Name>
              <FileRef uid="1" />
              <SequencePoints>
                <SequencePoint vc="1" uspid="13" ordinal="0" offset="0" sl="34" sc="9" el="34" ec="10" bec="0" bev="0" fileid="1" />
                <SequencePoint vc="1" uspid="14" ordinal="1" offset="1" sl="35" sc="13" el="35" ec="62" bec="0" bev="0" fileid="1" />
                <SequencePoint vc="1" uspid="15" ordinal="2" offset="14" sl="36" sc="13" el="36" ec="81" bec="0" bev="0" fileid="1" />
                <SequencePoint vc="1" uspid="16" ordinal="3" offset="36" sl="37" sc="9" el="37" ec="10" bec="0" bev="0" fileid="1" />
              </SequencePoints>
              <BranchPoints />
              <MethodPoint xsi:type="SequencePoint" vc="1" uspid="13" ordinal="0" offset="0" sl="34" sc="9" el="34" ec="10" bec="0" bev="0" fileid="1" />
            </Method>
            <Method visited="true" cyclomaticComplexity="1" nPathComplexity="0" sequenceCoverage="100" branchCoverage="100" crapScore="1" isConstructor="false" isStatic="false" isGetter="false" isSetter="false">
              <Summary numSequencePoints="4" visitedSequencePoints="4" numBranchPoints="1" visitedBranchPoints="1" sequenceCoverage="100" branchCoverage="100" maxCyclomaticComplexity="1" minCyclomaticComplexity="1" maxCrapScore="1" minCrapScore="1" visitedClasses="0" numClasses="0" visitedMethods="1" numMethods="1" />
              <MetadataToken>100663304</MetadataToken>
              <Name>System.Void hw2.PresentationModel.Tests.PresentationModelTests::TestTextTextBoxTextChanged_ValidText_ShouldSetColorBlack()</Name>
              <FileRef uid="1" />
              <SequencePoints>
                <SequencePoint vc="1" uspid="17" ordinal="0" offset="0" sl="41" sc="9" el="41" ec="10" bec="0" bev="0" fileid="1" />
                <SequencePoint vc="1" uspid="18" ordinal="1" offset="1" sl="42" sc="13" el="42" ec="69" bec="0" bev="0" fileid="1" />
                <SequencePoint vc="1" uspid="19" ordinal="2" offset="18" sl="43" sc="13" el="43" ec="76" bec="0" bev="0" fileid="1" />
                <SequencePoint vc="1" uspid="20" ordinal="3" offset="40" sl="44" sc="9" el="44" ec="10" bec="0" bev="0" fileid="1" />
              </SequencePoints>
              <BranchPoints />
              <MethodPoint xsi:type="SequencePoint" vc="1" uspid="17" ordinal="0" offset="0" sl="41" sc="9" el="41" ec="10" bec="0" bev="0" fileid="1" />
            </Method>
            <Method visited="true" cyclomaticComplexity="1" nPathComplexity="0" sequenceCoverage="100" branchCoverage="100" crapScore="1" isConstructor="false" isStatic="false" isGetter="false" isSetter="false">
              <Summary numSequencePoints="4" visitedSequencePoints="4" numBranchPoints="1" visitedBranchPoints="1" sequenceCoverage="100" branchCoverage="100" maxCyclomaticComplexity="1" minCyclomaticComplexity="1" maxCrapScore="1" minCrapScore="1" visitedClasses="0" numClasses="0" visitedMethods="1" numMethods="1" />
              <MetadataToken>100663305</MetadataToken>
              <Name>System.Void hw2.PresentationModel.Tests.PresentationModelTests::TestTextTextBoxTextChanged_EmptyText_ShouldSetColorRed()</Name>
              <FileRef uid="1" />
              <SequencePoints>
                <SequencePoint vc="1" uspid="21" ordinal="0" offset="0" sl="48" sc="9" el="48" ec="10" bec="0" bev="0" fileid="1" />
                <SequencePoint vc="1" uspid="22" ordinal="1" offset="1" sl="49" sc="13" el="49" ec="59" bec="0" bev="0" fileid="1" />
                <SequencePoint vc="1" uspid="23" ordinal="2" offset="18" sl="50" sc="13" el="50" ec="74" bec="0" bev="0" fileid="1" />
                <SequencePoint vc="1" uspid="24" ordinal="3" offset="40" sl="51" sc="9" el="51" ec="10" bec="0" bev="0" fileid="1" />
              </SequencePoints>
              <BranchPoints />
              <MethodPoint xsi:type="SequencePoint" vc="1" uspid="21" ordinal="0" offset="0" sl="48" sc="9" el="48" ec="10" bec="0" bev="0" fileid="1" />
            </Method>
            <Method visited="true" cyclomaticComplexity="1" nPathComplexity="0" sequenceCoverage="100" branchCoverage="100" crapScore="1" isConstructor="false" isStatic="false" isGetter="false" isSetter="false">
              <Summary numSequencePoints="4" visitedSequencePoints="4" numBranchPoints="1" visitedBranchPoints="1" sequenceCoverage="100" branchCoverage="100" maxCyclomaticComplexity="1" minCyclomaticComplexity="1" maxCrapScore="1" minCrapScore="1" visitedClasses="0" numClasses="0" visitedMethods="1" numMethods="1" />
              <MetadataToken>100663306</MetadataToken>
              <Name>System.Void hw2.PresentationModel.Tests.PresentationModelTests::TestXTextBoxTextChanged_ValidNumber_ShouldSetColorBlack()</Name>
              <FileRef uid="1" />
              <SequencePoints>
                <SequencePoint vc="1" uspid="25" ordinal="0" offset="0" sl="55" sc="9" el="55" ec="10" bec="0" bev="0" fileid="1" />
                <SequencePoint vc="1" uspid="26" ordinal="1" offset="1" sl="56" sc="13" el="56" ec="62" bec="0" bev="0" fileid="1" />
                <SequencePoint vc="1" uspid="27" ordinal="2" offset="18" sl="57" sc="13" el="57" ec="73" bec="0" bev="0" fileid="1" />
                <SequencePoint vc="1" uspid="28" ordinal="3" offset="40" sl="58" sc="9" el="58" ec="10" bec="0" bev="0" fileid="1" />
              </SequencePoints>
              <BranchPoints />
              <MethodPoint xsi:type="SequencePoint" vc="1" uspid="25" ordinal="0" offset="0" sl="55" sc="9" el="55" ec="10" bec="0" bev="0" fileid="1" />
            </Method>
            <Method visited="true" cyclomaticComplexity="1" nPathComplexity="0" sequenceCoverage="100" branchCoverage="100" crapScore="1" isConstructor="false" isStatic="false" isGetter="false" isSetter="false">
              <Summary numSequencePoints="4" visitedSequencePoints="4" numBranchPoints="1" visitedBranchPoints="1" sequenceCoverage="100" branchCoverage="100" maxCyclomaticComplexity="1" minCyclomaticComplexity="1" maxCrapScore="1" minCrapScore="1" visitedClasses="0" numClasses="0" visitedMethods="1" numMethods="1" />
              <MetadataToken>100663307</MetadataToken>
              <Name>System.Void hw2.PresentationModel.Tests.PresentationModelTests::TestXTextBoxTextChanged_InvalidNumber_ShouldSetColorRed()</Name>
              <FileRef uid="1" />
              <SequencePoints>
                <SequencePoint vc="1" uspid="29" ordinal="0" offset="0" sl="62" sc="9" el="62" ec="10" bec="0" bev="0" fileid="1" />
                <SequencePoint vc="1" uspid="30" ordinal="1" offset="1" sl="63" sc="13" el="63" ec="63" bec="0" bev="0" fileid="1" />
                <SequencePoint vc="1" uspid="31" ordinal="2" offset="18" sl="64" sc="13" el="64" ec="71" bec="0" bev="0" fileid="1" />
                <SequencePoint vc="1" uspid="32" ordinal="3" offset="40" sl="65" sc="9" el="65" ec="10" bec="0" bev="0" fileid="1" />
              </SequencePoints>
              <BranchPoints />
              <MethodPoint xsi:type="SequencePoint" vc="1" uspid="29" ordinal="0" offset="0" sl="62" sc="9" el="62" ec="10" bec="0" bev="0" fileid="1" />
            </Method>
            <Method visited="true" cyclomaticComplexity="1" nPathComplexity="0" sequenceCoverage="100" branchCoverage="100" crapScore="1" isConstructor="false" isStatic="false" isGetter="false" isSetter="false">
              <Summary numSequencePoints="4" visitedSequencePoints="4" numBranchPoints="1" visitedBranchPoints="1" sequenceCoverage="100" branchCoverage="100" maxCyclomaticComplexity="1" minCyclomaticComplexity="1" maxCrapScore="1" minCrapScore="1" visitedClasses="0" numClasses="0" visitedMethods="1" numMethods="1" />
              <MetadataToken>100663308</MetadataToken>
              <Name>System.Void hw2.PresentationModel.Tests.PresentationModelTests::TestYTextBoxTextChanged_InvalidNumber_ShouldSetColorRed()</Name>
              <FileRef uid="1" />
              <SequencePoints>
                <SequencePoint vc="1" uspid="33" ordinal="0" offset="0" sl="68" sc="9" el="68" ec="10" bec="0" bev="0" fileid="1" />
                <SequencePoint vc="1" uspid="34" ordinal="1" offset="1" sl="69" sc="13" el="69" ec="63" bec="0" bev="0" fileid="1" />
                <SequencePoint vc="1" uspid="35" ordinal="2" offset="18" sl="70" sc="13" el="70" ec="71" bec="0" bev="0" fileid="1" />
                <SequencePoint vc="1" uspid="36" ordinal="3" offset="40" sl="71" sc="9" el="71" ec="10" bec="0" bev="0" fileid="1" />
              </SequencePoints>
              <BranchPoints />
              <MethodPoint xsi:type="SequencePoint" vc="1" uspid="33" ordinal="0" offset="0" sl="68" sc="9" el="68" ec="10" bec="0" bev="0" fileid="1" />
            </Method>
            <Method visited="true" cyclomaticComplexity="1" nPathComplexity="0" sequenceCoverage="100" branchCoverage="100" crapScore="1" isConstructor="false" isStatic="false" isGetter="false" isSetter="false">
              <Summary numSequencePoints="4" visitedSequencePoints="4" numBranchPoints="1" visitedBranchPoints="1" sequenceCoverage="100" branchCoverage="100" maxCyclomaticComplexity="1" minCyclomaticComplexity="1" maxCrapScore="1" minCrapScore="1" visitedClasses="0" numClasses="0" visitedMethods="1" numMethods="1" />
              <MetadataToken>100663309</MetadataToken>
              <Name>System.Void hw2.PresentationModel.Tests.PresentationModelTests::TestHeightTextBoxTextChanged_InvalidNumber_ShouldSetColorRed()</Name>
              <FileRef uid="1" />
              <SequencePoints>
                <SequencePoint vc="1" uspid="37" ordinal="0" offset="0" sl="74" sc="9" el="74" ec="10" bec="0" bev="0" fileid="1" />
                <SequencePoint vc="1" uspid="38" ordinal="1" offset="1" sl="75" sc="13" el="75" ec="68" bec="0" bev="0" fileid="1" />
                <SequencePoint vc="1" uspid="39" ordinal="2" offset="18" sl="76" sc="13" el="76" ec="76" bec="0" bev="0" fileid="1" />
                <SequencePoint vc="1" uspid="40" ordinal="3" offset="40" sl="77" sc="9" el="77" ec="10" bec="0" bev="0" fileid="1" />
              </SequencePoints>
              <BranchPoints />
              <MethodPoint xsi:type="SequencePoint" vc="1" uspid="37" ordinal="0" offset="0" sl="74" sc="9" el="74" ec="10" bec="0" bev="0" fileid="1" />
            </Method>
            <Method visited="true" cyclomaticComplexity="1" nPathComplexity="0" sequenceCoverage="100" branchCoverage="100" crapScore="1" isConstructor="false" isStatic="false" isGetter="false" isSetter="false">
              <Summary numSequencePoints="4" visitedSequencePoints="4" numBranchPoints="1" visitedBranchPoints="1" sequenceCoverage="100" branchCoverage="100" maxCyclomaticComplexity="1" minCyclomaticComplexity="1" maxCrapScore="1" minCrapScore="1" visitedClasses="0" numClasses="0" visitedMethods="1" numMethods="1" />
              <MetadataToken>100663310</MetadataToken>
              <Name>System.Void hw2.PresentationModel.Tests.PresentationModelTests::TestWidthTextBoxTextChanged_InvalidNumber_ShouldSetColorRed()</Name>
              <FileRef uid="1" />
              <SequencePoints>
                <SequencePoint vc="1" uspid="41" ordinal="0" offset="0" sl="80" sc="9" el="80" ec="10" bec="0" bev="0" fileid="1" />
                <SequencePoint vc="1" uspid="42" ordinal="1" offset="1" sl="81" sc="13" el="81" ec="67" bec="0" bev="0" fileid="1" />
                <SequencePoint vc="1" uspid="43" ordinal="2" offset="18" sl="82" sc="13" el="82" ec="75" bec="0" bev="0" fileid="1" />
                <SequencePoint vc="1" uspid="44" ordinal="3" offset="40" sl="83" sc="9" el="83" ec="10" bec="0" bev="0" fileid="1" />
              </SequencePoints>
              <BranchPoints />
              <MethodPoint xsi:type="SequencePoint" vc="1" uspid="41" ordinal="0" offset="0" sl="80" sc="9" el="80" ec="10" bec="0" bev="0" fileid="1" />
            </Method>
            <Method visited="true" cyclomaticComplexity="1" nPathComplexity="0" sequenceCoverage="100" branchCoverage="100" crapScore="1" isConstructor="false" isStatic="false" isGetter="false" isSetter="false">
              <Summary numSequencePoints="10" visitedSequencePoints="10" numBranchPoints="1" visitedBranchPoints="1" sequenceCoverage="100" branchCoverage="100" maxCyclomaticComplexity="1" minCyclomaticComplexity="1" maxCrapScore="1" minCrapScore="1" visitedClasses="0" numClasses="0" visitedMethods="1" numMethods="1" />
              <MetadataToken>100663311</MetadataToken>
              <Name>System.Void hw2.PresentationModel.Tests.PresentationModelTests::TestCheckAllCorrect_AllValid_ShouldEnableAddButton()</Name>
              <FileRef uid="1" />
              <SequencePoints>
                <SequencePoint vc="1" uspid="45" ordinal="0" offset="0" sl="94" sc="9" el="94" ec="10" bec="0" bev="0" fileid="1" />
                <SequencePoint vc="1" uspid="46" ordinal="1" offset="1" sl="95" sc="13" el="95" ec="61" bec="0" bev="0" fileid="1" />
                <SequencePoint vc="1" uspid="47" ordinal="2" offset="14" sl="96" sc="13" el="96" ec="69" bec="0" bev="0" fileid="1" />
                <SequencePoint vc="1" uspid="48" ordinal="3" offset="31" sl="97" sc="13" el="97" ec="59" bec="0" bev="0" fileid="1" />
                <SequencePoint vc="1" uspid="49" ordinal="4" offset="48" sl="98" sc="13" el="98" ec="59" bec="0" bev="0" fileid="1" />
                <SequencePoint vc="1" uspid="50" ordinal="5" offset="65" sl="99" sc="13" el="99" ec="63" bec="0" bev="0" fileid="1" />
                <SequencePoint vc="1" uspid="51" ordinal="6" offset="82" sl="100" sc="13" el="100" ec="62" bec="0" bev="0" fileid="1" />
                <SequencePoint vc="1" uspid="52" ordinal="7" offset="99" sl="102" sc="13" el="102" ec="50" bec="0" bev="0" fileid="1" />
                <SequencePoint vc="1" uspid="53" ordinal="8" offset="111" sl="104" sc="13" el="104" ec="66" bec="0" bev="0" fileid="1" />
                <SequencePoint vc="1" uspid="54" ordinal="9" offset="128" sl="105" sc="9" el="105" ec="10" bec="0" bev="0" fileid="1" />
              </SequencePoints>
              <BranchPoints />
              <MethodPoint xsi:type="SequencePoint" vc="1" uspid="45" ordinal="0" offset="0" sl="94" sc="9" el="94" ec="10" bec="0" bev="0" fileid="1" />
            </Method>
            <Method visited="true" cyclomaticComplexity="1" nPathComplexity="0" sequenceCoverage="100" branchCoverage="100" crapScore="1" isConstructor="false" isStatic="false" isGetter="false" isSetter="false">
              <Summary numSequencePoints="10" visitedSequencePoints="10" numBranchPoints="1" visitedBranchPoints="1" sequenceCoverage="100" branchCoverage="100" maxCyclomaticComplexity="1" minCyclomaticComplexity="1" maxCrapScore="1" minCrapScore="1" visitedClasses="0" numClasses="0" visitedMethods="1" numMethods="1" />
              <MetadataToken>100663312</MetadataToken>
              <Name>System.Void hw2.PresentationModel.Tests.PresentationModelTests::TestCheckAllCorrect_InvalidInput_ShouldDisableAddButton()</Name>
              <FileRef uid="1" />
              <SequencePoints>
                <SequencePoint vc="1" uspid="55" ordinal="0" offset="0" sl="109" sc="9" el="109" ec="10" bec="0" bev="0" fileid="1" />
                <SequencePoint vc="1" uspid="56" ordinal="1" offset="1" sl="110" sc="13" el="110" ec="62" bec="0" bev="0" fileid="1" />
                <SequencePoint vc="1" uspid="57" ordinal="2" offset="14" sl="111" sc="13" el="111" ec="59" bec="0" bev="0" fileid="1" />
                <SequencePoint vc="1" uspid="58" ordinal="3" offset="31" sl="112" sc="13" el="112" ec="59" bec="0" bev="0" fileid="1" />
                <SequencePoint vc="1" uspid="59" ordinal="4" offset="48" sl="113" sc="13" el="113" ec="59" bec="0" bev="0" fileid="1" />
                <SequencePoint vc="1" uspid="60" ordinal="5" offset="65" sl="114" sc="13" el="114" ec="63" bec="0" bev="0" fileid="1" />
                <SequencePoint vc="1" uspid="61" ordinal="6" offset="82" sl="115" sc="13" el="115" ec="62" bec="0" bev="0" fileid="1" />
                <SequencePoint vc="1" uspid="62" ordinal="7" offset="99" sl="117" sc="13" el="117" ec="50" bec="0" bev="0" fileid="1" />
                <SequencePoint vc="1" uspid="63" ordinal="8" offset="111" sl="119" sc="13" el="119" ec="67" bec="0" bev="0" fileid="1" />
                <SequencePoint vc="1" uspid="64" ordinal="9" offset="128" sl="120" sc="9" el="120" ec="10" bec="0" bev="0" fileid="1" />
              </SequencePoints>
              <BranchPoints />
              <MethodPoint xsi:type="SequencePoint" vc="1" uspid="55" ordinal="0" offset="0" sl="109" sc="9" el="109" ec="10" bec="0" bev="0" fileid="1" />
            </Method>
            <Method visited="false" cyclomaticComplexity="1" nPathComplexity="0" sequenceCoverage="0" branchCoverage="0" crapScore="2" isConstructor="true" isStatic="false" isGetter="false" isSetter="false">
              <Summary numSequencePoints="0" visitedSequencePoints="0" numBranchPoints="0" visitedBranchPoints="0" sequenceCoverage="0" branchCoverage="0" maxCyclomaticComplexity="1" minCyclomaticComplexity="1" maxCrapScore="2" minCrapScore="2" visitedClasses="0" numClasses="0" visitedMethods="0" numMethods="0" />
              <MetadataToken>100663313</MetadataToken>
              <Name>System.Void hw2.PresentationModel.Tests.PresentationModelTests::.ctor()</Name>
              <SequencePoints />
              <BranchPoints />
              <MethodPoint vc="0" uspid="65" ordinal="0" offset="0" />
            </Method>
          </Methods>
        </Class>
        <Class>
          <Summary numSequencePoints="66" visitedSequencePoints="66" numBranchPoints="8" visitedBranchPoints="8" sequenceCoverage="100" branchCoverage="100" maxCyclomaticComplexity="1" minCyclomaticComplexity="1" maxCrapScore="2" minCrapScore="1" visitedClasses="1" numClasses="1" visitedMethods="8" numMethods="8" />
          <FullName>hw2.Tests.ModelTests</FullName>
          <Methods>
            <Method visited="true" cyclomaticComplexity="1" nPathComplexity="0" sequenceCoverage="100" branchCoverage="100" crapScore="1" isConstructor="false" isStatic="false" isGetter="false" isSetter="false">
              <Summary numSequencePoints="13" visitedSequencePoints="13" numBranchPoints="1" visitedBranchPoints="1" sequenceCoverage="100" branchCoverage="100" maxCyclomaticComplexity="1" minCyclomaticComplexity="1" maxCrapScore="1" minCrapScore="1" visitedClasses="0" numClasses="0" visitedMethods="1" numMethods="1" />
              <MetadataToken>100663314</MetadataToken>
              <Name>System.Void hw2.Tests.ModelTests::TestEnterNewShape_StringArray()</Name>
              <FileRef uid="2" />
              <SequencePoints>
                <SequencePoint vc="1" uspid="66" ordinal="0" offset="0" sl="25" sc="9" el="25" ec="10" bec="0" bev="0" fileid="2" />
                <SequencePoint vc="1" uspid="67" ordinal="1" offset="1" sl="27" sc="13" el="27" ec="37" bec="0" bev="0" fileid="2" />
                <SequencePoint vc="1" uspid="68" ordinal="2" offset="7" sl="28" sc="13" el="28" ec="73" bec="0" bev="0" fileid="2" />
                <SequencePoint vc="1" uspid="69" ordinal="3" offset="62" sl="31" sc="13" el="31" ec="61" bec="0" bev="0" fileid="2" />
                <SequencePoint vc="1" uspid="70" ordinal="4" offset="70" sl="34" sc="13" el="34" ec="46" bec="0" bev="0" fileid="2" />
                <SequencePoint vc="1" uspid="71" ordinal="5" offset="83" sl="35" sc="13" el="35" ec="59" bec="0" bev="0" fileid="2" />
                <SequencePoint vc="1" uspid="72" ordinal="6" offset="106" sl="36" sc="13" el="36" ec="46" bec="0" bev="0" fileid="2" />
                <SequencePoint vc="1" uspid="73" ordinal="7" offset="125" sl="37" sc="13" el="37" ec="50" bec="0" bev="0" fileid="2" />
                <SequencePoint vc="1" uspid="74" ordinal="8" offset="148" sl="38" sc="13" el="38" ec="45" bec="0" bev="0" fileid="2" />
                <SequencePoint vc="1" uspid="75" ordinal="9" offset="171" sl="39" sc="13" el="39" ec="45" bec="0" bev="0" fileid="2" />
                <SequencePoint vc="1" uspid="76" ordinal="10" offset="194" sl="40" sc="13" el="40" ec="49" bec="0" bev="0" fileid="2" />
                <SequencePoint vc="1" uspid="77" ordinal="11" offset="217" sl="41" sc="13" el="41" ec="50" bec="0" bev="0" fileid="2" />
                <SequencePoint vc="1" uspid="78" ordinal="12" offset="240" sl="42" sc="9" el="42" ec="10" bec="0" bev="0" fileid="2" />
              </SequencePoints>
              <BranchPoints />
              <MethodPoint xsi:type="SequencePoint" vc="1" uspid="66" ordinal="0" offset="0" sl="25" sc="9" el="25" ec="10" bec="0" bev="0" fileid="2" />
            </Method>
            <Method visited="true" cyclomaticComplexity="1" nPathComplexity="0" sequenceCoverage="100" branchCoverage="100" crapScore="1" isConstructor="false" isStatic="false" isGetter="false" isSetter="false">
              <Summary numSequencePoints="14" visitedSequencePoints="14" numBranchPoints="1" visitedBranchPoints="1" sequenceCoverage="100" branchCoverage="100" maxCyclomaticComplexity="1" minCyclomaticComplexity="1" maxCrapScore="1" minCrapScore="1" visitedClasses="0" numClasses="0" visitedMethods="1" numMethods="1" />
              <MetadataToken>100663315</MetadataToken>
              <Name>System.Void hw2.Tests.ModelTests::TestEnterNewShape_ShapeObject()</Name>
              <FileRef uid="2" />
              <SequencePoints>
                <SequencePoint vc="1" uspid="79" ordinal="0" offset="0" sl="46" sc="9" el="46" ec="10" bec="0" bev="0" fileid="2" />
                <SequencePoint vc="1" uspid="80" ordinal="1" offset="1" sl="48" sc="13" el="48" ec="37" bec="0" bev="0" fileid="2" />
                <SequencePoint vc="1" uspid="81" ordinal="2" offset="7" sl="50" sc="13" el="50" ec="55" bec="0" bev="0" fileid="2" />
                <SequencePoint vc="1" uspid="82" ordinal="3" offset="13" sl="51" sc="13" el="51" ec="74" bec="0" bev="0" fileid="2" />
                <SequencePoint vc="1" uspid="83" ordinal="4" offset="35" sl="53" sc="13" el="53" ec="55" bec="0" bev="0" fileid="2" />
                <SequencePoint vc="1" uspid="84" ordinal="5" offset="43" sl="56" sc="13" el="56" ec="46" bec="0" bev="0" fileid="2" />
                <SequencePoint vc="1" uspid="85" ordinal="6" offset="56" sl="57" sc="13" el="57" ec="59" bec="0" bev="0" fileid="2" />
                <SequencePoint vc="1" uspid="86" ordinal="7" offset="79" sl="58" sc="13" el="58" ec="46" bec="0" bev="0" fileid="2" />
                <SequencePoint vc="1" uspid="87" ordinal="8" offset="98" sl="59" sc="13" el="59" ec="50" bec="0" bev="0" fileid="2" />
                <SequencePoint vc="1" uspid="88" ordinal="9" offset="121" sl="60" sc="13" el="60" ec="45" bec="0" bev="0" fileid="2" />
                <SequencePoint vc="1" uspid="89" ordinal="10" offset="144" sl="61" sc="13" el="61" ec="45" bec="0" bev="0" fileid="2" />
                <SequencePoint vc="1" uspid="90" ordinal="11" offset="167" sl="62" sc="13" el="62" ec="49" bec="0" bev="0" fileid="2" />
                <SequencePoint vc="1" uspid="91" ordinal="12" offset="190" sl="63" sc="13" el="63" ec="50" bec="0" bev="0" fileid="2" />
                <SequencePoint vc="1" uspid="92" ordinal="13" offset="213" sl="64" sc="9" el="64" ec="10" bec="0" bev="0" fileid="2" />
              </SequencePoints>
              <BranchPoints />
              <MethodPoint xsi:type="SequencePoint" vc="1" uspid="79" ordinal="0" offset="0" sl="46" sc="9" el="46" ec="10" bec="0" bev="0" fileid="2" />
            </Method>
            <Method visited="true" cyclomaticComplexity="1" nPathComplexity="0" sequenceCoverage="100" branchCoverage="100" crapScore="1" isConstructor="false" isStatic="false" isGetter="false" isSetter="false">
              <Summary numSequencePoints="9" visitedSequencePoints="9" numBranchPoints="1" visitedBranchPoints="1" sequenceCoverage="100" branchCoverage="100" maxCyclomaticComplexity="1" minCyclomaticComplexity="1" maxCrapScore="1" minCrapScore="1" visitedClasses="0" numClasses="0" visitedMethods="1" numMethods="1" />
              <MetadataToken>100663316</MetadataToken>
              <Name>System.Void hw2.Tests.ModelTests::TestRemoveShape()</Name>
              <FileRef uid="2" />
              <SequencePoints>
                <SequencePoint vc="1" uspid="93" ordinal="0" offset="0" sl="68" sc="9" el="68" ec="10" bec="0" bev="0" fileid="2" />
                <SequencePoint vc="1" uspid="94" ordinal="1" offset="1" sl="70" sc="13" el="70" ec="37" bec="0" bev="0" fileid="2" />
                <SequencePoint vc="1" uspid="95" ordinal="2" offset="7" sl="71" sc="13" el="71" ec="55" bec="0" bev="0" fileid="2" />
                <SequencePoint vc="1" uspid="96" ordinal="3" offset="13" sl="72" sc="13" el="72" ec="74" bec="0" bev="0" fileid="2" />
                <SequencePoint vc="1" uspid="97" ordinal="4" offset="35" sl="74" sc="13" el="74" ec="42" bec="0" bev="0" fileid="2" />
                <SequencePoint vc="1" uspid="98" ordinal="5" offset="43" sl="77" sc="13" el="77" ec="35" bec="0" bev="0" fileid="2" />
                <SequencePoint vc="1" uspid="99" ordinal="6" offset="51" sl="78" sc="13" el="78" ec="44" bec="0" bev="0" fileid="2" />
                <SequencePoint vc="1" uspid="100" ordinal="7" offset="58" sl="81" sc="13" el="81" ec="46" bec="0" bev="0" fileid="2" />
                <SequencePoint vc="1" uspid="101" ordinal="8" offset="71" sl="82" sc="9" el="82" ec="10" bec="0" bev="0" fileid="2" />
              </SequencePoints>
              <BranchPoints />
              <MethodPoint xsi:type="SequencePoint" vc="1" uspid="93" ordinal="0" offset="0" sl="68" sc="9" el="68" ec="10" bec="0" bev="0" fileid="2" />
            </Method>
            <Method visited="true" cyclomaticComplexity="1" nPathComplexity="0" sequenceCoverage="100" branchCoverage="100" crapScore="1" isConstructor="false" isStatic="false" isGetter="false" isSetter="false">
              <Summary numSequencePoints="5" visitedSequencePoints="5" numBranchPoints="1" visitedBranchPoints="1" sequenceCoverage="100" branchCoverage="100" maxCyclomaticComplexity="1" minCyclomaticComplexity="1" maxCrapScore="1" minCrapScore="1" visitedClasses="0" numClasses="0" visitedMethods="1" numMethods="1" />
              <MetadataToken>100663317</MetadataToken>
              <Name>System.Void hw2.Tests.ModelTests::TestPointerPressed()</Name>
              <FileRef uid="2" />
              <SequencePoints>
                <SequencePoint vc="1" uspid="102" ordinal="0" offset="0" sl="86" sc="9" el="86" ec="10" bec="0" bev="0" fileid="2" />
                <SequencePoint vc="1" uspid="103" ordinal="1" offset="1" sl="88" sc="13" el="88" ec="37" bec="0" bev="0" fileid="2" />
                <SequencePoint vc="1" uspid="104" ordinal="2" offset="7" sl="91" sc="13" el="91" ec="42" bec="0" bev="0" fileid="2" />
                <SequencePoint vc="1" uspid="105" ordinal="3" offset="24" sl="95" sc="13" el="95" ec="33" bec="0" bev="0" fileid="2" />
                <SequencePoint vc="1" uspid="106" ordinal="4" offset="31" sl="96" sc="9" el="96" ec="10" bec="0" bev="0" fileid="2" />
              </SequencePoints>
              <BranchPoints />
              <MethodPoint xsi:type="SequencePoint" vc="1" uspid="102" ordinal="0" offset="0" sl="86" sc="9" el="86" ec="10" bec="0" bev="0" fileid="2" />
            </Method>
            <Method visited="true" cyclomaticComplexity="1" nPathComplexity="0" sequenceCoverage="100" branchCoverage="100" crapScore="1" isConstructor="false" isStatic="false" isGetter="false" isSetter="false">
              <Summary numSequencePoints="7" visitedSequencePoints="7" numBranchPoints="1" visitedBranchPoints="1" sequenceCoverage="100" branchCoverage="100" maxCyclomaticComplexity="1" minCyclomaticComplexity="1" maxCrapScore="1" minCrapScore="1" visitedClasses="0" numClasses="0" visitedMethods="1" numMethods="1" />
              <MetadataToken>100663318</MetadataToken>
              <Name>System.Void hw2.Tests.ModelTests::PointerMoved_ShouldInvokeNotifyModelChanged()</Name>
              <FileRef uid="2" />
              <SequencePoints>
                <SequencePoint vc="1" uspid="107" ordinal="0" offset="6" sl="100" sc="9" el="100" ec="10" bec="0" bev="0" fileid="2" />
                <SequencePoint vc="1" uspid="108" ordinal="1" offset="7" sl="102" sc="13" el="102" ec="37" bec="0" bev="0" fileid="2" />
                <SequencePoint vc="1" uspid="109" ordinal="2" offset="13" sl="103" sc="13" el="103" ec="39" bec="0" bev="0" fileid="2" />
                <SequencePoint vc="1" uspid="110" ordinal="3" offset="20" sl="106" sc="13" el="106" ec="62" bec="0" bev="0" fileid="2" />
                <SequencePoint vc="1" uspid="111" ordinal="4" offset="39" sl="109" sc="13" el="109" ec="40" bec="0" bev="0" fileid="2" />
                <SequencePoint vc="1" uspid="112" ordinal="5" offset="56" sl="112" sc="13" el="112" ec="110" bec="0" bev="0" fileid="2" />
                <SequencePoint vc="1" uspid="113" ordinal="6" offset="73" sl="113" sc="9" el="113" ec="10" bec="0" bev="0" fileid="2" />
              </SequencePoints>
              <BranchPoints />
              <MethodPoint vc="1" uspid="114" ordinal="0" offset="0" />
            </Method>
            <Method visited="true" cyclomaticComplexity="1" nPathComplexity="0" sequenceCoverage="100" branchCoverage="100" crapScore="1" isConstructor="false" isStatic="false" isGetter="false" isSetter="false">
              <Summary numSequencePoints="5" visitedSequencePoints="5" numBranchPoints="1" visitedBranchPoints="1" sequenceCoverage="100" branchCoverage="100" maxCyclomaticComplexity="1" minCyclomaticComplexity="1" maxCrapScore="1" minCrapScore="1" visitedClasses="0" numClasses="0" visitedMethods="1" numMethods="1" />
              <MetadataToken>100663319</MetadataToken>
              <Name>System.Void hw2.Tests.ModelTests::TestPointerReleased()</Name>
              <FileRef uid="2" />
              <SequencePoints>
                <SequencePoint vc="1" uspid="115" ordinal="0" offset="0" sl="117" sc="9" el="117" ec="10" bec="0" bev="0" fileid="2" />
                <SequencePoint vc="1" uspid="116" ordinal="1" offset="1" sl="119" sc="13" el="119" ec="37" bec="0" bev="0" fileid="2" />
                <SequencePoint vc="1" uspid="117" ordinal="2" offset="7" sl="122" sc="13" el="122" ec="43" bec="0" bev="0" fileid="2" />
                <SequencePoint vc="1" uspid="118" ordinal="3" offset="24" sl="126" sc="13" el="126" ec="33" bec="0" bev="0" fileid="2" />
                <SequencePoint vc="1" uspid="119" ordinal="4" offset="31" sl="127" sc="9" el="127" ec="10" bec="0" bev="0" fileid="2" />
              </SequencePoints>
              <BranchPoints />
              <MethodPoint xsi:type="SequencePoint" vc="1" uspid="115" ordinal="0" offset="0" sl="117" sc="9" el="117" ec="10" bec="0" bev="0" fileid="2" />
            </Method>
            <Method visited="true" cyclomaticComplexity="1" nPathComplexity="0" sequenceCoverage="100" branchCoverage="100" crapScore="1" isConstructor="false" isStatic="false" isGetter="false" isSetter="false">
              <Summary numSequencePoints="7" visitedSequencePoints="7" numBranchPoints="1" visitedBranchPoints="1" sequenceCoverage="100" branchCoverage="100" maxCyclomaticComplexity="1" minCyclomaticComplexity="1" maxCrapScore="1" minCrapScore="1" visitedClasses="0" numClasses="0" visitedMethods="1" numMethods="1" />
              <MetadataToken>100663320</MetadataToken>
              <Name>System.Void hw2.Tests.ModelTests::Setup()</Name>
              <FileRef uid="2" />
              <SequencePoints>
                <SequencePoint vc="7" uspid="120" ordinal="0" offset="0" sl="132" sc="9" el="132" ec="10" bec="0" bev="0" fileid="2" />
                <SequencePoint vc="7" uspid="121" ordinal="1" offset="1" sl="133" sc="13" el="133" ec="34" bec="0" bev="0" fileid="2" />
                <SequencePoint vc="7" uspid="122" ordinal="2" offset="12" sl="136" sc="13" el="136" ec="52" bec="0" bev="0" fileid="2" />
                <SequencePoint vc="7" uspid="123" ordinal="3" offset="23" sl="137" sc="13" el="137" ec="52" bec="0" bev="0" fileid="2" />
                <SequencePoint vc="7" uspid="124" ordinal="4" offset="34" sl="140" sc="13" el="140" ec="83" bec="0" bev="0" fileid="2" />
                <SequencePoint vc="7" uspid="125" ordinal="5" offset="138" sl="141" sc="13" el="141" ec="83" bec="0" bev="0" fileid="2" />
                <SequencePoint vc="7" uspid="126" ordinal="6" offset="242" sl="142" sc="9" el="142" ec="10" bec="0" bev="0" fileid="2" />
              </SequencePoints>
              <BranchPoints />
              <MethodPoint xsi:type="SequencePoint" vc="7" uspid="120" ordinal="0" offset="0" sl="132" sc="9" el="132" ec="10" bec="0" bev="0" fileid="2" />
            </Method>
            <Method visited="true" cyclomaticComplexity="1" nPathComplexity="0" sequenceCoverage="100" branchCoverage="100" crapScore="1" isConstructor="false" isStatic="false" isGetter="false" isSetter="false">
              <Summary numSequencePoints="6" visitedSequencePoints="6" numBranchPoints="1" visitedBranchPoints="1" sequenceCoverage="100" branchCoverage="100" maxCyclomaticComplexity="1" minCyclomaticComplexity="1" maxCrapScore="1" minCrapScore="1" visitedClasses="0" numClasses="0" visitedMethods="1" numMethods="1" />
              <MetadataToken>100663321</MetadataToken>
              <Name>System.Void hw2.Tests.ModelTests::Draw_ShouldInvokeOnPaint()</Name>
              <FileRef uid="2" />
              <SequencePoints>
                <SequencePoint vc="1" uspid="127" ordinal="0" offset="0" sl="145" sc="9" el="145" ec="10" bec="0" bev="0" fileid="2" />
                <SequencePoint vc="1" uspid="128" ordinal="1" offset="1" sl="146" sc="13" el="146" ec="54" bec="0" bev="0" fileid="2" />
                <SequencePoint vc="1" uspid="129" ordinal="2" offset="7" sl="147" sc="13" el="147" ec="48" bec="0" bev="0" fileid="2" />
                <SequencePoint vc="1" uspid="130" ordinal="3" offset="13" sl="150" sc="13" el="150" ec="50" bec="0" bev="0" fileid="2" />
                <SequencePoint vc="1" uspid="131" ordinal="4" offset="30" sl="151" sc="13" el="151" ec="46" bec="0" bev="0" fileid="2" />
                <SequencePoint vc="1" uspid="132" ordinal="5" offset="48" sl="152" sc="9" el="152" ec="10" bec="0" bev="0" fileid="2" />
              </SequencePoints>
              <BranchPoints />
              <MethodPoint xsi:type="SequencePoint" vc="1" uspid="127" ordinal="0" offset="0" sl="145" sc="9" el="145" ec="10" bec="0" bev="0" fileid="2" />
            </Method>
            <Method visited="false" cyclomaticComplexity="1" nPathComplexity="0" sequenceCoverage="0" branchCoverage="0" crapScore="2" isConstructor="true" isStatic="false" isGetter="false" isSetter="false">
              <Summary numSequencePoints="0" visitedSequencePoints="0" numBranchPoints="0" visitedBranchPoints="0" sequenceCoverage="0" branchCoverage="0" maxCyclomaticComplexity="1" minCyclomaticComplexity="1" maxCrapScore="2" minCrapScore="2" visitedClasses="0" numClasses="0" visitedMethods="0" numMethods="0" />
              <MetadataToken>100663322</MetadataToken>
              <Name>System.Void hw2.Tests.ModelTests::.ctor()</Name>
              <SequencePoints />
              <BranchPoints />
              <MethodPoint vc="0" uspid="133" ordinal="0" offset="0" />
            </Method>
          </Methods>
        </Class>
        <Class>
          <Summary numSequencePoints="0" visitedSequencePoints="0" numBranchPoints="0" visitedBranchPoints="0" sequenceCoverage="0" branchCoverage="0" maxCyclomaticComplexity="1" minCyclomaticComplexity="1" maxCrapScore="2" minCrapScore="2" visitedClasses="0" numClasses="0" visitedMethods="0" numMethods="0" />
          <FullName>hw2.Tests.ModelTests/&lt;&gt;c</FullName>
          <Methods>
            <Method visited="false" cyclomaticComplexity="1" nPathComplexity="0" sequenceCoverage="0" branchCoverage="0" crapScore="2" isConstructor="true" isStatic="true" isGetter="false" isSetter="false">
              <Summary numSequencePoints="0" visitedSequencePoints="0" numBranchPoints="0" visitedBranchPoints="0" sequenceCoverage="0" branchCoverage="0" maxCyclomaticComplexity="1" minCyclomaticComplexity="1" maxCrapScore="2" minCrapScore="2" visitedClasses="0" numClasses="0" visitedMethods="0" numMethods="0" />
              <MetadataToken>100663323</MetadataToken>
              <Name>System.Void hw2.Tests.ModelTests/&lt;&gt;c::.cctor()</Name>
              <SequencePoints />
              <BranchPoints />
              <MethodPoint vc="0" uspid="134" ordinal="0" offset="0" />
            </Method>
            <Method visited="false" cyclomaticComplexity="1" nPathComplexity="0" sequenceCoverage="0" branchCoverage="0" crapScore="2" isConstructor="true" isStatic="false" isGetter="false" isSetter="false">
              <Summary numSequencePoints="0" visitedSequencePoints="0" numBranchPoints="0" visitedBranchPoints="0" sequenceCoverage="0" branchCoverage="0" maxCyclomaticComplexity="1" minCyclomaticComplexity="1" maxCrapScore="2" minCrapScore="2" visitedClasses="0" numClasses="0" visitedMethods="0" numMethods="0" />
              <MetadataToken>100663324</MetadataToken>
              <Name>System.Void hw2.Tests.ModelTests/&lt;&gt;c::.ctor()</Name>
              <SequencePoints />
              <BranchPoints />
              <MethodPoint vc="0" uspid="135" ordinal="0" offset="0" />
            </Method>
          </Methods>
        </Class>
        <Class>
          <Summary numSequencePoints="1" visitedSequencePoints="1" numBranchPoints="1" visitedBranchPoints="1" sequenceCoverage="100" branchCoverage="100" maxCyclomaticComplexity="1" minCyclomaticComplexity="1" maxCrapScore="2" minCrapScore="1" visitedClasses="1" numClasses="1" visitedMethods="1" numMethods="1" />
          <FullName>hw2.Tests.ModelTests/&lt;&gt;c__DisplayClass8_0</FullName>
          <Methods>
            <Method visited="false" cyclomaticComplexity="1" nPathComplexity="0" sequenceCoverage="0" branchCoverage="0" crapScore="2" isConstructor="true" isStatic="false" isGetter="false" isSetter="false">
              <Summary numSequencePoints="0" visitedSequencePoints="0" numBranchPoints="0" visitedBranchPoints="0" sequenceCoverage="0" branchCoverage="0" maxCyclomaticComplexity="1" minCyclomaticComplexity="1" maxCrapScore="2" minCrapScore="2" visitedClasses="0" numClasses="0" visitedMethods="0" numMethods="0" />
              <MetadataToken>100663325</MetadataToken>
              <Name>System.Void hw2.Tests.ModelTests/&lt;&gt;c__DisplayClass8_0::.ctor()</Name>
              <SequencePoints />
              <BranchPoints />
              <MethodPoint vc="0" uspid="136" ordinal="0" offset="0" />
            </Method>
            <Method visited="true" cyclomaticComplexity="1" nPathComplexity="0" sequenceCoverage="100" branchCoverage="100" crapScore="1" isConstructor="false" isStatic="false" isGetter="false" isSetter="false">
              <Summary numSequencePoints="1" visitedSequencePoints="1" numBranchPoints="1" visitedBranchPoints="1" sequenceCoverage="100" branchCoverage="100" maxCyclomaticComplexity="1" minCyclomaticComplexity="1" maxCrapScore="1" minCrapScore="1" visitedClasses="0" numClasses="0" visitedMethods="1" numMethods="1" />
              <MetadataToken>100663326</MetadataToken>
              <Name>System.Void hw2.Tests.ModelTests/&lt;&gt;c__DisplayClass8_0::&lt;PointerMoved_ShouldInvokeNotifyModelChanged&gt;b__0()</Name>
              <FileRef uid="2" />
              <SequencePoints>
                <SequencePoint vc="1" uspid="137" ordinal="0" offset="0" sl="106" sc="42" el="106" ec="61" bec="0" bev="0" fileid="2" />
              </SequencePoints>
              <BranchPoints />
              <MethodPoint xsi:type="SequencePoint" vc="1" uspid="137" ordinal="0" offset="0" sl="106" sc="42" el="106" ec="61" bec="0" bev="0" fileid="2" />
            </Method>
          </Methods>
        </Class>
      </Classes>
    </Module>
    <Module hash="E6-1D-97-2E-AE-FB-D0-02-F7-9E-C3-DA-A4-3D-34-0B-B4-08-CD-5C">
      <Summary numSequencePoints="984" visitedSequencePoints="267" numBranchPoints="222" visitedBranchPoints="94" sequenceCoverage="27.13" branchCoverage="42.34" maxCyclomaticComplexity="8" minCyclomaticComplexity="1" maxCrapScore="46.78" minCrapScore="1" visitedClasses="9" numClasses="18" visitedMethods="61" numMethods="124" />
      <ModulePath>C:\Users\rewqa\Desktop\視窗\git\window_form_program_hw\hw2Tests\bin\Debug\fine-code-coverage\build-output\hw2.exe</ModulePath>
      <ModuleTime>2024-12-16T02:41:46.7248152Z</ModuleTime>
      <ModuleName>hw2</ModuleName>
      <Files>
        <File uid="7" fullPath="C:\Users\rewqa\Desktop\視窗\git\window_form_program_hw\window_form_program\DoubleBufferedPanel.cs" />
        <File uid="8" fullPath="C:\Users\rewqa\Desktop\視窗\git\window_form_program_hw\window_form_program\DrawingState.cs" />
        <File uid="9" fullPath="C:\Users\rewqa\Desktop\視窗\git\window_form_program_hw\window_form_program\factory.cs" />
        <File uid="10" fullPath="C:\Users\rewqa\Desktop\視窗\git\window_form_program_hw\window_form_program\Form1.cs" />
        <File uid="11" fullPath="C:\Users\rewqa\Desktop\視窗\git\window_form_program_hw\window_form_program\Form1.Designer.cs" />
        <File uid="12" fullPath="C:\Users\rewqa\Desktop\視窗\git\window_form_program_hw\window_form_program\GeneralState.cs" />
        <File uid="14" fullPath="C:\Users\rewqa\Desktop\視窗\git\window_form_program_hw\window_form_program\Model.cs" />
        <File uid="15" fullPath="C:\Users\rewqa\Desktop\視窗\git\window_form_program_hw\window_form_program\Program.cs" />
        <File uid="16" fullPath="C:\Users\rewqa\Desktop\視窗\git\window_form_program_hw\window_form_program\RandomStringBuilder.cs" />
        <File uid="17" fullPath="C:\Users\rewqa\Desktop\視窗\git\window_form_program_hw\window_form_program\Shapes.cs" />
        <File uid="24" fullPath="C:\Users\rewqa\Desktop\視窗\git\window_form_program_hw\window_form_program\PresentationModel\PresentationModel.cs" />
        <File uid="25" fullPath="C:\Users\rewqa\Desktop\視窗\git\window_form_program_hw\window_form_program\PresentationModel\WindowsFormsGraphicsAdaptor.cs" />
      </Files>
      <Classes>
        <Class>
          <Summary numSequencePoints="4" visitedSequencePoints="0" numBranchPoints="1" visitedBranchPoints="0" sequenceCoverage="0" branchCoverage="0" maxCyclomaticComplexity="1" minCyclomaticComplexity="1" maxCrapScore="2" minCrapScore="2" visitedClasses="0" numClasses="1" visitedMethods="0" numMethods="1" />
          <FullName>hw2.DoubleBufferedPanel</FullName>
          <Methods>
            <Method visited="false" cyclomaticComplexity="1" nPathComplexity="0" sequenceCoverage="0" branchCoverage="0" crapScore="2" isConstructor="true" isStatic="false" isGetter="false" isSetter="false">
              <Summary numSequencePoints="4" visitedSequencePoints="0" numBranchPoints="1" visitedBranchPoints="0" sequenceCoverage="0" branchCoverage="0" maxCyclomaticComplexity="1" minCyclomaticComplexity="1" maxCrapScore="2" minCrapScore="2" visitedClasses="0" numClasses="0" visitedMethods="0" numMethods="1" />
              <MetadataToken>100663297</MetadataToken>
              <Name>System.Void hw2.DoubleBufferedPanel::.ctor()</Name>
              <FileRef uid="7" />
              <SequencePoints>
                <SequencePoint vc="0" uspid="138" ordinal="0" offset="0" sl="14" sc="9" el="14" ec="37" bec="0" bev="0" fileid="7" />
                <SequencePoint vc="0" uspid="139" ordinal="1" offset="7" sl="15" sc="9" el="15" ec="10" bec="0" bev="0" fileid="7" />
                <SequencePoint vc="0" uspid="140" ordinal="2" offset="8" sl="16" sc="13" el="16" ec="35" bec="0" bev="0" fileid="7" />
                <SequencePoint vc="0" uspid="141" ordinal="3" offset="16" sl="17" sc="9" el="17" ec="10" bec="0" bev="0" fileid="7" />
              </SequencePoints>
              <BranchPoints />
              <MethodPoint xsi:type="SequencePoint" vc="0" uspid="138" ordinal="0" offset="0" sl="14" sc="9" el="14" ec="37" bec="0" bev="0" fileid="7" />
            </Method>
          </Methods>
        </Class>
        <Class>
          <Summary numSequencePoints="66" visitedSequencePoints="17" numBranchPoints="24" visitedBranchPoints="5" sequenceCoverage="25.76" branchCoverage="20.83" maxCyclomaticComplexity="5" minCyclomaticComplexity="1" maxCrapScore="30" minCrapScore="1" visitedClasses="1" numClasses="1" visitedMethods="4" numMethods="10" />
          <FullName>hw2.DrawingState</FullName>
          <Methods>
            <Method visited="true" cyclomaticComplexity="1" nPathComplexity="0" sequenceCoverage="100" branchCoverage="100" crapScore="1" isConstructor="false" isStatic="false" isGetter="false" isSetter="false">
              <Summary numSequencePoints="4" visitedSequencePoints="4" numBranchPoints="1" visitedBranchPoints="1" sequenceCoverage="100" branchCoverage="100" maxCyclomaticComplexity="1" minCyclomaticComplexity="1" maxCrapScore="1" minCrapScore="1" visitedClasses="0" numClasses="0" visitedMethods="1" numMethods="1" />
              <MetadataToken>100663298</MetadataToken>
              <Name>System.Void hw2.DrawingState::Initialize(hw2.Model)</Name>
              <FileRef uid="8" />
              <SequencePoints>
                <SequencePoint vc="1" uspid="142" ordinal="0" offset="0" sl="28" sc="9" el="28" ec="10" bec="0" bev="0" fileid="8" />
                <SequencePoint vc="1" uspid="143" ordinal="1" offset="1" sl="29" sc="13" el="29" ec="31" bec="0" bev="0" fileid="8" />
                <SequencePoint vc="1" uspid="144" ordinal="2" offset="8" sl="30" sc="13" el="30" ec="30" bec="0" bev="0" fileid="8" />
                <SequencePoint vc="1" uspid="145" ordinal="3" offset="15" sl="31" sc="9" el="31" ec="10" bec="0" bev="0" fileid="8" />
              </SequencePoints>
              <BranchPoints />
              <MethodPoint xsi:type="SequencePoint" vc="1" uspid="142" ordinal="0" offset="0" sl="28" sc="9" el="28" ec="10" bec="0" bev="0" fileid="8" />
            </Method>
            <Method visited="true" cyclomaticComplexity="3" nPathComplexity="2" sequenceCoverage="42.86" branchCoverage="66.67" crapScore="4.68" isConstructor="false" isStatic="false" isGetter="false" isSetter="false">
              <Summary numSequencePoints="14" visitedSequencePoints="6" numBranchPoints="3" visitedBranchPoints="2" sequenceCoverage="42.86" branchCoverage="66.67" maxCyclomaticComplexity="3" minCyclomaticComplexity="3" maxCrapScore="4.68" minCrapScore="4.68" visitedClasses="0" numClasses="0" visitedMethods="1" numMethods="1" />
              <MetadataToken>100663299</MetadataToken>
              <Name>System.Void hw2.DrawingState::OnPaint(hw2.Model,hw2.IDrawable)</Name>
              <FileRef uid="8" />
              <SequencePoints>
                <SequencePoint vc="1" uspid="146" ordinal="0" offset="0" sl="33" sc="9" el="33" ec="10" bec="0" bev="0" fileid="8" />
                <SequencePoint vc="1" uspid="147" ordinal="1" offset="1" sl="34" sc="13" el="34" ec="20" bec="0" bev="0" fileid="8" />
                <SequencePoint vc="1" uspid="148" ordinal="2" offset="2" sl="34" sc="38" el="34" ec="51" bec="0" bev="0" fileid="8" />
                <SequencePoint vc="0" uspid="149" ordinal="3" offset="16" sl="34" sc="22" el="34" ec="34" bec="0" bev="0" fileid="8" />
                <SequencePoint vc="0" uspid="150" ordinal="4" offset="24" sl="35" sc="13" el="35" ec="14" bec="0" bev="0" fileid="8" />
                <SequencePoint vc="0" uspid="151" ordinal="5" offset="25" sl="36" sc="17" el="36" ec="37" bec="0" bev="0" fileid="8" />
                <SequencePoint vc="0" uspid="152" ordinal="6" offset="33" sl="37" sc="13" el="37" ec="14" bec="0" bev="0" fileid="8" />
                <SequencePoint vc="1" uspid="153" ordinal="7" offset="34" sl="34" sc="35" el="34" ec="37" bec="0" bev="0" fileid="8" />
                <SequencePoint vc="1" uspid="154" ordinal="8" offset="60" sl="38" sc="13" el="38" ec="27" bec="2" bev="1" fileid="8" />
                <SequencePoint vc="0" uspid="155" ordinal="9" offset="70" sl="39" sc="13" el="39" ec="14" bec="0" bev="0" fileid="8" />
                <SequencePoint vc="0" uspid="156" ordinal="10" offset="71" sl="40" sc="17" el="40" ec="39" bec="0" bev="0" fileid="8" />
                <SequencePoint vc="0" uspid="157" ordinal="11" offset="83" sl="41" sc="17" el="41" ec="40" bec="0" bev="0" fileid="8" />
                <SequencePoint vc="0" uspid="158" ordinal="12" offset="96" sl="42" sc="13" el="42" ec="14" bec="0" bev="0" fileid="8" />
                <SequencePoint vc="1" uspid="159" ordinal="13" offset="97" sl="43" sc="9" el="43" ec="10" bec="0" bev="0" fileid="8" />
              </SequencePoints>
              <BranchPoints>
                <BranchPoint vc="0" uspid="162" ordinal="2" offset="68" sl="38" path="0" offsetend="70" fileid="8" />
                <BranchPoint vc="1" uspid="163" ordinal="3" offset="68" sl="38" path="1" offsetend="97" fileid="8" />
              </BranchPoints>
              <MethodPoint xsi:type="SequencePoint" vc="1" uspid="146" ordinal="0" offset="0" sl="33" sc="9" el="33" ec="10" bec="0" bev="0" fileid="8" />
            </Method>
            <Method visited="false" cyclomaticComplexity="1" nPathComplexity="0" sequenceCoverage="0" branchCoverage="0" crapScore="2" isConstructor="false" isStatic="false" isGetter="false" isSetter="false">
              <Summary numSequencePoints="9" visitedSequencePoints="0" numBranchPoints="1" visitedBranchPoints="0" sequenceCoverage="0" branchCoverage="0" maxCyclomaticComplexity="1" minCyclomaticComplexity="1" maxCrapScore="2" minCrapScore="2" visitedClasses="0" numClasses="0" visitedMethods="0" numMethods="1" />
              <MetadataToken>100663300</MetadataToken>
              <Name>System.Void hw2.DrawingState::MouseDown(hw2.Model,System.Drawing.PointF)</Name>
              <FileRef uid="8" />
              <SequencePoints>
                <SequencePoint vc="0" uspid="164" ordinal="0" offset="0" sl="45" sc="9" el="45" ec="10" bec="0" bev="0" fileid="8" />
                <SequencePoint vc="0" uspid="165" ordinal="1" offset="1" sl="46" sc="13" el="46" ec="30" bec="0" bev="0" fileid="8" />
                <SequencePoint vc="0" uspid="166" ordinal="2" offset="8" sl="47" sc="13" el="47" ec="41" bec="0" bev="0" fileid="8" />
                <SequencePoint vc="0" uspid="167" ordinal="3" offset="24" sl="48" sc="13" el="48" ec="35" bec="0" bev="0" fileid="8" />
                <SequencePoint vc="0" uspid="168" ordinal="4" offset="43" sl="49" sc="13" el="49" ec="35" bec="0" bev="0" fileid="8" />
                <SequencePoint vc="0" uspid="169" ordinal="5" offset="62" sl="50" sc="13" el="50" ec="33" bec="0" bev="0" fileid="8" />
                <SequencePoint vc="0" uspid="170" ordinal="6" offset="79" sl="51" sc="13" el="51" ec="34" bec="0" bev="0" fileid="8" />
                <SequencePoint vc="0" uspid="171" ordinal="7" offset="96" sl="52" sc="13" el="52" ec="33" bec="0" bev="0" fileid="8" />
                <SequencePoint vc="0" uspid="172" ordinal="8" offset="113" sl="53" sc="9" el="53" ec="10" bec="0" bev="0" fileid="8" />
              </SequencePoints>
              <BranchPoints />
              <MethodPoint xsi:type="SequencePoint" vc="0" uspid="164" ordinal="0" offset="0" sl="45" sc="9" el="45" ec="10" bec="0" bev="0" fileid="8" />
            </Method>
            <Method visited="false" cyclomaticComplexity="3" nPathComplexity="4" sequenceCoverage="0" branchCoverage="0" crapScore="12" isConstructor="false" isStatic="false" isGetter="false" isSetter="false">
              <Summary numSequencePoints="9" visitedSequencePoints="0" numBranchPoints="5" visitedBranchPoints="0" sequenceCoverage="0" branchCoverage="0" maxCyclomaticComplexity="3" minCyclomaticComplexity="3" maxCrapScore="12" minCrapScore="12" visitedClasses="0" numClasses="0" visitedMethods="0" numMethods="1" />
              <MetadataToken>100663301</MetadataToken>
              <Name>System.Void hw2.DrawingState::MouseMove(hw2.Model,System.Drawing.PointF)</Name>
              <FileRef uid="8" />
              <SequencePoints>
                <SequencePoint vc="0" uspid="173" ordinal="0" offset="0" sl="55" sc="9" el="55" ec="10" bec="0" bev="0" fileid="8" />
                <SequencePoint vc="0" uspid="174" ordinal="1" offset="1" sl="56" sc="13" el="56" ec="41" bec="4" bev="0" fileid="8" />
                <SequencePoint vc="0" uspid="175" ordinal="2" offset="31" sl="57" sc="13" el="57" ec="14" bec="0" bev="0" fileid="8" />
                <SequencePoint vc="0" uspid="176" ordinal="3" offset="32" sl="58" sc="17" el="58" ec="66" bec="0" bev="0" fileid="8" />
                <SequencePoint vc="0" uspid="177" ordinal="4" offset="68" sl="59" sc="17" el="59" ec="67" bec="0" bev="0" fileid="8" />
                <SequencePoint vc="0" uspid="178" ordinal="5" offset="104" sl="60" sc="17" el="60" ec="61" bec="0" bev="0" fileid="8" />
                <SequencePoint vc="0" uspid="179" ordinal="6" offset="139" sl="61" sc="17" el="61" ec="61" bec="0" bev="0" fileid="8" />
                <SequencePoint vc="0" uspid="180" ordinal="7" offset="174" sl="62" sc="13" el="62" ec="14" bec="0" bev="0" fileid="8" />
                <SequencePoint vc="0" uspid="181" ordinal="8" offset="175" sl="63" sc="9" el="63" ec="10" bec="0" bev="0" fileid="8" />
              </SequencePoints>
              <BranchPoints>
                <BranchPoint vc="0" uspid="182" ordinal="0" offset="7" sl="56" path="0" offsetend="9" fileid="8" />
                <BranchPoint vc="0" uspid="183" ordinal="1" offset="7" sl="56" path="1" offsetend="23" fileid="8" />
                <BranchPoint vc="0" uspid="184" ordinal="2" offset="26" sl="56" path="0" offsetend="31" fileid="8" />
                <BranchPoint vc="0" uspid="185" ordinal="3" offset="26" sl="56" path="1" offsetend="175" fileid="8" />
              </BranchPoints>
              <MethodPoint xsi:type="SequencePoint" vc="0" uspid="173" ordinal="0" offset="0" sl="55" sc="9" el="55" ec="10" bec="0" bev="0" fileid="8" />
            </Method>
            <Method visited="false" cyclomaticComplexity="5" nPathComplexity="16" sequenceCoverage="0" branchCoverage="0" crapScore="30" isConstructor="false" isStatic="false" isGetter="false" isSetter="false">
              <Summary numSequencePoints="16" visitedSequencePoints="0" numBranchPoints="9" visitedBranchPoints="0" sequenceCoverage="0" branchCoverage="0" maxCyclomaticComplexity="5" minCyclomaticComplexity="5" maxCrapScore="30" minCrapScore="30" visitedClasses="0" numClasses="0" visitedMethods="0" numMethods="1" />
              <MetadataToken>100663302</MetadataToken>
              <Name>System.Void hw2.DrawingState::MouseUp(hw2.Model,System.Drawing.PointF)</Name>
              <FileRef uid="8" />
              <SequencePoints>
                <SequencePoint vc="0" uspid="186" ordinal="0" offset="0" sl="65" sc="9" el="65" ec="10" bec="0" bev="0" fileid="8" />
                <SequencePoint vc="0" uspid="187" ordinal="1" offset="1" sl="66" sc="13" el="66" ec="41" bec="4" bev="0" fileid="8" />
                <SequencePoint vc="0" uspid="188" ordinal="2" offset="31" sl="67" sc="13" el="67" ec="14" bec="0" bev="0" fileid="8" />
                <SequencePoint vc="0" uspid="189" ordinal="3" offset="32" sl="68" sc="17" el="68" ec="35" bec="0" bev="0" fileid="8" />
                <SequencePoint vc="0" uspid="190" ordinal="4" offset="39" sl="69" sc="17" el="69" ec="39" bec="0" bev="0" fileid="8" />
                <SequencePoint vc="0" uspid="191" ordinal="5" offset="51" sl="70" sc="17" el="70" ec="77" bec="0" bev="0" fileid="8" />
                <SequencePoint vc="0" uspid="192" ordinal="6" offset="68" sl="72" sc="17" el="72" ec="58" bec="0" bev="0" fileid="8" />
                <SequencePoint vc="0" uspid="193" ordinal="7" offset="80" sl="73" sc="17" el="73" ec="106" bec="0" bev="0" fileid="8" />
                <SequencePoint vc="0" uspid="194" ordinal="8" offset="136" sl="74" sc="17" el="74" ec="108" bec="0" bev="0" fileid="8" />
                <SequencePoint vc="0" uspid="195" ordinal="9" offset="192" sl="75" sc="17" el="75" ec="64" bec="0" bev="0" fileid="8" />
                <SequencePoint vc="0" uspid="196" ordinal="10" offset="211" sl="77" sc="17" el="77" ec="65" bec="4" bev="0" fileid="8" />
                <SequencePoint vc="0" uspid="197" ordinal="11" offset="256" sl="78" sc="21" el="78" ec="50" bec="0" bev="0" fileid="8" />
                <SequencePoint vc="0" uspid="198" ordinal="12" offset="269" sl="79" sc="17" el="79" ec="42" bec="0" bev="0" fileid="8" />
                <SequencePoint vc="0" uspid="199" ordinal="13" offset="276" sl="80" sc="17" el="80" ec="27" bec="0" bev="0" fileid="8" />
                <SequencePoint vc="0" uspid="200" ordinal="14" offset="283" sl="81" sc="13" el="81" ec="14" bec="0" bev="0" fileid="8" />
                <SequencePoint vc="0" uspid="201" ordinal="15" offset="284" sl="82" sc="9" el="82" ec="10" bec="0" bev="0" fileid="8" />
              </SequencePoints>
              <BranchPoints>
                <BranchPoint vc="0" uspid="202" ordinal="0" offset="7" sl="66" path="0" offsetend="9" fileid="8" />
                <BranchPoint vc="0" uspid="203" ordinal="1" offset="7" sl="66" path="1" offsetend="23" fileid="8" />
                <BranchPoint vc="0" uspid="204" ordinal="2" offset="26" sl="66" path="0" offsetend="31" fileid="8" />
                <BranchPoint vc="0" uspid="205" ordinal="3" offset="26" sl="66" path="1" offsetend="284" fileid="8" />
                <BranchPoint vc="0" uspid="206" ordinal="4" offset="227" sl="77" path="0" offsetend="229" fileid="8" />
                <BranchPoint vc="0" uspid="207" ordinal="5" offset="227" sl="77" path="1" offsetend="249" fileid="8" />
                <BranchPoint vc="0" uspid="208" ordinal="6" offset="254" sl="77" path="0" offsetend="256" fileid="8" />
                <BranchPoint vc="0" uspid="209" ordinal="7" offset="254" sl="77" path="1" offsetend="269" fileid="8" />
              </BranchPoints>
              <MethodPoint xsi:type="SequencePoint" vc="0" uspid="186" ordinal="0" offset="0" sl="65" sc="9" el="65" ec="10" bec="0" bev="0" fileid="8" />
            </Method>
            <Method visited="false" cyclomaticComplexity="1" nPathComplexity="0" sequenceCoverage="0" branchCoverage="0" crapScore="2" isConstructor="false" isStatic="false" isGetter="false" isSetter="false">
              <Summary numSequencePoints="2" visitedSequencePoints="0" numBranchPoints="1" visitedBranchPoints="0" sequenceCoverage="0" branchCoverage="0" maxCyclomaticComplexity="1" minCyclomaticComplexity="1" maxCrapScore="2" minCrapScore="2" visitedClasses="0" numClasses="0" visitedMethods="0" numMethods="1" />
              <MetadataToken>100663303</MetadataToken>
              <Name>System.Void hw2.DrawingState::KeyDown(hw2.Model,System.Int32)</Name>
              <FileRef uid="8" />
              <SequencePoints>
                <SequencePoint vc="0" uspid="210" ordinal="0" offset="0" sl="84" sc="9" el="84" ec="10" bec="0" bev="0" fileid="8" />
                <SequencePoint vc="0" uspid="211" ordinal="1" offset="1" sl="85" sc="9" el="85" ec="10" bec="0" bev="0" fileid="8" />
              </SequencePoints>
              <BranchPoints />
              <MethodPoint xsi:type="SequencePoint" vc="0" uspid="210" ordinal="0" offset="0" sl="84" sc="9" el="84" ec="10" bec="0" bev="0" fileid="8" />
            </Method>
            <Method visited="false" cyclomaticComplexity="1" nPathComplexity="0" sequenceCoverage="0" branchCoverage="0" crapScore="2" isConstructor="false" isStatic="false" isGetter="false" isSetter="false">
              <Summary numSequencePoints="2" visitedSequencePoints="0" numBranchPoints="1" visitedBranchPoints="0" sequenceCoverage="0" branchCoverage="0" maxCyclomaticComplexity="1" minCyclomaticComplexity="1" maxCrapScore="2" minCrapScore="2" visitedClasses="0" numClasses="0" visitedMethods="0" numMethods="1" />
              <MetadataToken>100663304</MetadataToken>
              <Name>System.Void hw2.DrawingState::KeyUp(hw2.Model,System.Int32)</Name>
              <FileRef uid="8" />
              <SequencePoints>
                <SequencePoint vc="0" uspid="212" ordinal="0" offset="0" sl="87" sc="9" el="87" ec="10" bec="0" bev="0" fileid="8" />
                <SequencePoint vc="0" uspid="213" ordinal="1" offset="1" sl="88" sc="9" el="88" ec="10" bec="0" bev="0" fileid="8" />
              </SequencePoints>
              <BranchPoints />
              <MethodPoint xsi:type="SequencePoint" vc="0" uspid="212" ordinal="0" offset="0" sl="87" sc="9" el="87" ec="10" bec="0" bev="0" fileid="8" />
            </Method>
            <Method visited="true" cyclomaticComplexity="1" nPathComplexity="0" sequenceCoverage="100" branchCoverage="100" crapScore="1" isConstructor="false" isStatic="false" isGetter="false" isSetter="false">
              <Summary numSequencePoints="6" visitedSequencePoints="6" numBranchPoints="1" visitedBranchPoints="1" sequenceCoverage="100" branchCoverage="100" maxCyclomaticComplexity="1" minCyclomaticComplexity="1" maxCrapScore="1" minCrapScore="1" visitedClasses="0" numClasses="0" visitedMethods="1" numMethods="1" />
              <MetadataToken>100663305</MetadataToken>
              <Name>System.Void hw2.DrawingState::SetShapeType(hw2.Model,System.String,System.Int32)</Name>
              <FileRef uid="8" />
              <SequencePoints>
                <SequencePoint vc="1" uspid="214" ordinal="0" offset="0" sl="90" sc="9" el="90" ec="10" bec="0" bev="0" fileid="8" />
                <SequencePoint vc="1" uspid="215" ordinal="1" offset="1" sl="91" sc="13" el="91" ec="95" bec="0" bev="0" fileid="8" />
                <SequencePoint vc="1" uspid="216" ordinal="2" offset="23" sl="92" sc="13" el="92" ec="34" bec="0" bev="0" fileid="8" />
                <SequencePoint vc="1" uspid="217" ordinal="3" offset="30" sl="93" sc="13" el="93" ec="55" bec="0" bev="0" fileid="8" />
                <SequencePoint vc="1" uspid="218" ordinal="4" offset="36" sl="94" sc="13" el="94" ec="77" bec="0" bev="0" fileid="8" />
                <SequencePoint vc="1" uspid="219" ordinal="5" offset="59" sl="96" sc="9" el="96" ec="10" bec="0" bev="0" fileid="8" />
              </SequencePoints>
              <BranchPoints />
              <MethodPoint xsi:type="SequencePoint" vc="1" uspid="214" ordinal="0" offset="0" sl="90" sc="9" el="90" ec="10" bec="0" bev="0" fileid="8" />
            </Method>
            <Method visited="false" cyclomaticComplexity="1" nPathComplexity="0" sequenceCoverage="0" branchCoverage="0" crapScore="2" isConstructor="false" isStatic="false" isGetter="false" isSetter="false">
              <Summary numSequencePoints="3" visitedSequencePoints="0" numBranchPoints="1" visitedBranchPoints="0" sequenceCoverage="0" branchCoverage="0" maxCyclomaticComplexity="1" minCyclomaticComplexity="1" maxCrapScore="2" minCrapScore="2" visitedClasses="0" numClasses="0" visitedMethods="0" numMethods="1" />
              <MetadataToken>100663306</MetadataToken>
              <Name>System.Void hw2.DrawingState::DeleteShape(hw2.Model,System.Int32)</Name>
              <FileRef uid="8" />
              <SequencePoints>
                <SequencePoint vc="0" uspid="220" ordinal="0" offset="0" sl="98" sc="9" el="98" ec="10" bec="0" bev="0" fileid="8" />
                <SequencePoint vc="0" uspid="221" ordinal="1" offset="1" sl="99" sc="13" el="99" ec="32" bec="0" bev="0" fileid="8" />
                <SequencePoint vc="0" uspid="222" ordinal="2" offset="9" sl="100" sc="9" el="100" ec="10" bec="0" bev="0" fileid="8" />
              </SequencePoints>
              <BranchPoints />
              <MethodPoint xsi:type="SequencePoint" vc="0" uspid="220" ordinal="0" offset="0" sl="98" sc="9" el="98" ec="10" bec="0" bev="0" fileid="8" />
            </Method>
            <Method visited="true" cyclomaticComplexity="1" nPathComplexity="0" sequenceCoverage="100" branchCoverage="100" crapScore="1" isConstructor="true" isStatic="false" isGetter="false" isSetter="false">
              <Summary numSequencePoints="1" visitedSequencePoints="1" numBranchPoints="1" visitedBranchPoints="1" sequenceCoverage="100" branchCoverage="100" maxCyclomaticComplexity="1" minCyclomaticComplexity="1" maxCrapScore="1" minCrapScore="1" visitedClasses="0" numClasses="0" visitedMethods="1" numMethods="1" />
              <MetadataToken>100663307</MetadataToken>
              <Name>System.Void hw2.DrawingState::.ctor()</Name>
              <FileRef uid="8" />
              <SequencePoints>
                <SequencePoint vc="24" uspid="223" ordinal="0" offset="0" sl="19" sc="9" el="19" ec="23" bec="0" bev="0" fileid="8" />
              </SequencePoints>
              <BranchPoints />
              <MethodPoint xsi:type="SequencePoint" vc="24" uspid="223" ordinal="0" offset="0" sl="19" sc="9" el="19" ec="23" bec="0" bev="0" fileid="8" />
            </Method>
          </Methods>
        </Class>
        <Class>
          <Summary numSequencePoints="23" visitedSequencePoints="16" numBranchPoints="9" visitedBranchPoints="2" sequenceCoverage="69.57" branchCoverage="22.22" maxCyclomaticComplexity="5" minCyclomaticComplexity="1" maxCrapScore="5.70" minCrapScore="2" visitedClasses="1" numClasses="1" visitedMethods="1" numMethods="1" />
          <FullName>hw2.ShapeFactory</FullName>
          <Methods>
            <Method visited="true" cyclomaticComplexity="5" nPathComplexity="16" sequenceCoverage="69.57" branchCoverage="22.22" crapScore="5.70" isConstructor="false" isStatic="false" isGetter="false" isSetter="false">
              <Summary numSequencePoints="23" visitedSequencePoints="16" numBranchPoints="9" visitedBranchPoints="2" sequenceCoverage="69.57" branchCoverage="22.22" maxCyclomaticComplexity="5" minCyclomaticComplexity="5" maxCrapScore="5.70" minCrapScore="5.70" visitedClasses="0" numClasses="0" visitedMethods="1" numMethods="1" />
              <MetadataToken>100663308</MetadataToken>
              <Name>hw2.Shape hw2.ShapeFactory::CreateShape(System.String,System.Int32,System.String,System.Int32,System.Int32,System.Int32,System.Int32)</Name>
              <FileRef uid="9" />
              <SequencePoints>
                <SequencePoint vc="4" uspid="224" ordinal="0" offset="0" sl="17" sc="9" el="17" ec="10" bec="0" bev="0" fileid="9" />
                <SequencePoint vc="4" uspid="225" ordinal="1" offset="1" sl="19" sc="13" el="19" ec="31" bec="8" bev="1" fileid="9" />
                <SequencePoint vc="4" uspid="226" ordinal="2" offset="66" sl="22" sc="21" el="22" ec="41" bec="0" bev="0" fileid="9" />
                <SequencePoint vc="4" uspid="227" ordinal="3" offset="72" sl="23" sc="21" el="23" ec="27" bec="0" bev="0" fileid="9" />
                <SequencePoint vc="0" uspid="228" ordinal="4" offset="74" sl="25" sc="21" el="25" ec="46" bec="0" bev="0" fileid="9" />
                <SequencePoint vc="0" uspid="229" ordinal="5" offset="80" sl="26" sc="21" el="26" ec="27" bec="0" bev="0" fileid="9" />
                <SequencePoint vc="0" uspid="230" ordinal="6" offset="82" sl="28" sc="21" el="28" ec="43" bec="0" bev="0" fileid="9" />
                <SequencePoint vc="0" uspid="231" ordinal="7" offset="88" sl="29" sc="21" el="29" ec="27" bec="0" bev="0" fileid="9" />
                <SequencePoint vc="0" uspid="232" ordinal="8" offset="90" sl="31" sc="21" el="31" ec="44" bec="0" bev="0" fileid="9" />
                <SequencePoint vc="0" uspid="233" ordinal="9" offset="96" sl="32" sc="21" el="32" ec="27" bec="0" bev="0" fileid="9" />
                <SequencePoint vc="0" uspid="234" ordinal="10" offset="98" sl="34" sc="21" el="34" ec="71" bec="0" bev="0" fileid="9" />
                <SequencePoint vc="4" uspid="235" ordinal="11" offset="109" sl="37" sc="13" el="37" ec="27" bec="0" bev="0" fileid="9" />
                <SequencePoint vc="4" uspid="236" ordinal="12" offset="117" sl="38" sc="13" el="38" ec="31" bec="0" bev="0" fileid="9" />
                <SequencePoint vc="4" uspid="237" ordinal="13" offset="125" sl="39" sc="13" el="39" ec="25" bec="0" bev="0" fileid="9" />
                <SequencePoint vc="4" uspid="238" ordinal="14" offset="135" sl="40" sc="13" el="40" ec="25" bec="0" bev="0" fileid="9" />
                <SequencePoint vc="4" uspid="239" ordinal="15" offset="145" sl="41" sc="13" el="41" ec="33" bec="0" bev="0" fileid="9" />
                <SequencePoint vc="4" uspid="240" ordinal="16" offset="155" sl="42" sc="13" el="42" ec="35" bec="0" bev="0" fileid="9" />
                <SequencePoint vc="4" uspid="241" ordinal="17" offset="165" sl="44" sc="13" el="44" ec="50" bec="0" bev="0" fileid="9" />
                <SequencePoint vc="4" uspid="242" ordinal="18" offset="172" sl="45" sc="13" el="45" ec="72" bec="0" bev="0" fileid="9" />
                <SequencePoint vc="4" uspid="243" ordinal="19" offset="198" sl="46" sc="13" el="46" ec="74" bec="0" bev="0" fileid="9" />
                <SequencePoint vc="4" uspid="244" ordinal="20" offset="224" sl="47" sc="13" el="47" ec="56" bec="0" bev="0" fileid="9" />
[...]
              </SequencePoints>
              <BranchPoints>
                <BranchPoint vc="3" uspid="1174" ordinal="0" offset="7" sl="113" path="0" offsetend="9" fileid="24" />
                <BranchPoint vc="0" uspid="1175" ordinal="1" offset="7" sl="113" path="1" offsetend="23" fileid="24" />
                <BranchPoint vc="2" uspid="1176" ordinal="2" offset="26" sl="113" path="0" offsetend="28" fileid="24" />
                <BranchPoint vc="1" uspid="1177" ordinal="3" offset="26" sl="113" path="1" offsetend="50" fileid="24" />
              </BranchPoints>
              <MethodPoint xsi:type="SequencePoint" vc="3" uspid="1162" ordinal="0" offset="0" sl="112" sc="9" el="112" ec="10" bec="0" bev="0" fileid="24" />
            </Method>
            <Method visited="true" cyclomaticComplexity="7" nPathComplexity="32" sequenceCoverage="100" branchCoverage="72.73" crapScore="7" isConstructor="false" isStatic="false" isGetter="false" isSetter="false">
              <Summary numSequencePoints="4" visitedSequencePoints="4" numBranchPoints="11" visitedBranchPoints="8" sequenceCoverage="100" branchCoverage="72.73" maxCyclomaticComplexity="7" minCyclomaticComplexity="7" maxCrapScore="7" minCrapScore="7" visitedClasses="0" numClasses="0" visitedMethods="1" numMethods="1" />
              <MetadataToken>100663434</MetadataToken>
              <Name>System.Void hw2.PresentationModel.PresentationModel::CheckAllCorrect()</Name>
              <FileRef uid="24" />
              <SequencePoints>
                <SequencePoint vc="2" uspid="1178" ordinal="0" offset="0" sl="126" sc="9" el="126" ec="10" bec="0" bev="0" fileid="24" />
                <SequencePoint vc="2" uspid="1179" ordinal="1" offset="1" sl="127" sc="13" el="127" ec="174" bec="6" bev="6" fileid="24" />
                <SequencePoint vc="2" uspid="1180" ordinal="2" offset="56" sl="129" sc="13" el="129" ec="42" bec="0" bev="0" fileid="24" />
                <SequencePoint vc="2" uspid="1181" ordinal="3" offset="68" sl="130" sc="9" el="130" ec="10" bec="0" bev="0" fileid="24" />
              </SequencePoints>
              <BranchPoints>
                <BranchPoint vc="1" uspid="1182" ordinal="0" offset="8" sl="127" path="0" offsetend="10" fileid="24" />
                <BranchPoint vc="1" uspid="1183" ordinal="1" offset="8" sl="127" path="1" offsetend="50" fileid="24" />
                <BranchPoint vc="1" uspid="1184" ordinal="2" offset="16" sl="127" path="0" offsetend="18" fileid="24" />
                <BranchPoint vc="0" uspid="1185" ordinal="3" offset="16" sl="127" path="1" offsetend="50" fileid="24" />
                <BranchPoint vc="1" uspid="1186" ordinal="4" offset="24" sl="127" path="0" offsetend="26" fileid="24" />
                <BranchPoint vc="0" uspid="1187" ordinal="5" offset="24" sl="127" path="1" offsetend="50" fileid="24" />
                <BranchPoint vc="1" uspid="1188" ordinal="6" offset="32" sl="127" path="0" offsetend="34" fileid="24" />
                <BranchPoint vc="0" uspid="1189" ordinal="7" offset="32" sl="127" path="1" offsetend="50" fileid="24" />
                <BranchPoint vc="1" uspid="1190" ordinal="8" offset="40" sl="127" path="0" offsetend="42" fileid="24" />
                <BranchPoint vc="1" uspid="1191" ordinal="9" offset="40" sl="127" path="1" offsetend="50" fileid="24" />
              </BranchPoints>
              <MethodPoint xsi:type="SequencePoint" vc="2" uspid="1178" ordinal="0" offset="0" sl="126" sc="9" el="126" ec="10" bec="0" bev="0" fileid="24" />
            </Method>
            <Method visited="true" cyclomaticComplexity="2" nPathComplexity="2" sequenceCoverage="100" branchCoverage="66.67" crapScore="2" isConstructor="false" isStatic="false" isGetter="false" isSetter="false">
              <Summary numSequencePoints="3" visitedSequencePoints="3" numBranchPoints="3" visitedBranchPoints="2" sequenceCoverage="100" branchCoverage="66.67" maxCyclomaticComplexity="2" minCyclomaticComplexity="2" maxCrapScore="2" minCrapScore="2" visitedClasses="0" numClasses="0" visitedMethods="1" numMethods="1" />
              <MetadataToken>100663435</MetadataToken>
              <Name>System.Void hw2.PresentationModel.PresentationModel::notify(System.String)</Name>
              <FileRef uid="24" />
              <SequencePoints>
                <SequencePoint vc="23" uspid="1192" ordinal="0" offset="0" sl="132" sc="9" el="132" ec="10" bec="0" bev="0" fileid="24" />
                <SequencePoint vc="23" uspid="1193" ordinal="1" offset="1" sl="133" sc="13" el="133" ec="87" bec="2" bev="1" fileid="24" />
                <SequencePoint vc="23" uspid="1194" ordinal="2" offset="26" sl="134" sc="9" el="134" ec="10" bec="0" bev="0" fileid="24" />
              </SequencePoints>
              <BranchPoints>
                <BranchPoint vc="23" uspid="1195" ordinal="0" offset="8" sl="133" path="0" offsetend="10" fileid="24" />
                <BranchPoint vc="0" uspid="1196" ordinal="1" offset="8" sl="133" path="1" offsetend="13" fileid="24" />
              </BranchPoints>
              <MethodPoint xsi:type="SequencePoint" vc="23" uspid="1192" ordinal="0" offset="0" sl="132" sc="9" el="132" ec="10" bec="0" bev="0" fileid="24" />
            </Method>
          </Methods>
        </Class>
        <Class>
          <Summary numSequencePoints="44" visitedSequencePoints="0" numBranchPoints="11" visitedBranchPoints="0" sequenceCoverage="0" branchCoverage="0" maxCyclomaticComplexity="3" minCyclomaticComplexity="1" maxCrapScore="12" minCrapScore="2" visitedClasses="0" numClasses="1" visitedMethods="0" numMethods="7" />
          <FullName>hw2.PresentationModel.WindowsFormsGraphicsAdaptor</FullName>
          <Methods>
            <Method visited="false" cyclomaticComplexity="1" nPathComplexity="0" sequenceCoverage="0" branchCoverage="0" crapScore="2" isConstructor="true" isStatic="false" isGetter="false" isSetter="false">
              <Summary numSequencePoints="6" visitedSequencePoints="0" numBranchPoints="1" visitedBranchPoints="0" sequenceCoverage="0" branchCoverage="0" maxCyclomaticComplexity="1" minCyclomaticComplexity="1" maxCrapScore="2" minCrapScore="2" visitedClasses="0" numClasses="0" visitedMethods="0" numMethods="1" />
              <MetadataToken>100663443</MetadataToken>
              <Name>System.Void hw2.PresentationModel.WindowsFormsGraphicsAdaptor::.ctor(System.Drawing.Graphics)</Name>
              <FileRef uid="25" />
              <SequencePoints>
                <SequencePoint vc="0" uspid="1197" ordinal="0" offset="0" sl="15" sc="9" el="15" ec="68" bec="0" bev="0" fileid="25" />
                <SequencePoint vc="0" uspid="1198" ordinal="1" offset="22" sl="16" sc="9" el="16" ec="46" bec="0" bev="0" fileid="25" />
                <SequencePoint vc="0" uspid="1199" ordinal="2" offset="33" sl="17" sc="9" el="17" ec="62" bec="0" bev="0" fileid="25" />
                <SequencePoint vc="0" uspid="1200" ordinal="3" offset="40" sl="18" sc="9" el="18" ec="10" bec="0" bev="0" fileid="25" />
                <SequencePoint vc="0" uspid="1201" ordinal="4" offset="41" sl="19" sc="13" el="19" ec="34" bec="0" bev="0" fileid="25" />
                <SequencePoint vc="0" uspid="1202" ordinal="5" offset="48" sl="20" sc="9" el="20" ec="10" bec="0" bev="0" fileid="25" />
              </SequencePoints>
              <BranchPoints />
              <MethodPoint xsi:type="SequencePoint" vc="0" uspid="1197" ordinal="0" offset="0" sl="15" sc="9" el="15" ec="68" bec="0" bev="0" fileid="25" />
            </Method>
            <Method visited="false" cyclomaticComplexity="1" nPathComplexity="0" sequenceCoverage="0" branchCoverage="0" crapScore="2" isConstructor="false" isStatic="false" isGetter="false" isSetter="false">
              <Summary numSequencePoints="4" visitedSequencePoints="0" numBranchPoints="1" visitedBranchPoints="0" sequenceCoverage="0" branchCoverage="0" maxCyclomaticComplexity="1" minCyclomaticComplexity="1" maxCrapScore="2" minCrapScore="2" visitedClasses="0" numClasses="0" visitedMethods="0" numMethods="1" />
              <MetadataToken>100663444</MetadataToken>
              <Name>System.Void hw2.PresentationModel.WindowsFormsGraphicsAdaptor::DrawEllipse(System.Single,System.Single,System.Single,System.Single,System.String,System.Drawing.PointF)</Name>
              <FileRef uid="25" />
              <SequencePoints>
                <SequencePoint vc="0" uspid="1203" ordinal="0" offset="0" sl="22" sc="9" el="22" ec="10" bec="0" bev="0" fileid="25" />
                <SequencePoint vc="0" uspid="1204" ordinal="1" offset="1" sl="24" sc="13" el="24" ec="68" bec="0" bev="0" fileid="25" />
                <SequencePoint vc="0" uspid="1205" ordinal="2" offset="23" sl="26" sc="13" el="26" ec="91" bec="0" bev="0" fileid="25" />
                <SequencePoint vc="0" uspid="1206" ordinal="3" offset="68" sl="27" sc="9" el="27" ec="10" bec="0" bev="0" fileid="25" />
              </SequencePoints>
              <BranchPoints />
              <MethodPoint xsi:type="SequencePoint" vc="0" uspid="1203" ordinal="0" offset="0" sl="22" sc="9" el="22" ec="10" bec="0" bev="0" fileid="25" />
            </Method>
            <Method visited="false" cyclomaticComplexity="1" nPathComplexity="0" sequenceCoverage="0" branchCoverage="0" crapScore="2" isConstructor="false" isStatic="false" isGetter="false" isSetter="false">
              <Summary numSequencePoints="4" visitedSequencePoints="0" numBranchPoints="1" visitedBranchPoints="0" sequenceCoverage="0" branchCoverage="0" maxCyclomaticComplexity="1" minCyclomaticComplexity="1" maxCrapScore="2" minCrapScore="2" visitedClasses="0" numClasses="0" visitedMethods="0" numMethods="1" />
              <MetadataToken>100663445</MetadataToken>
              <Name>System.Void hw2.PresentationModel.WindowsFormsGraphicsAdaptor::DrawRectangle(System.Single,System.Single,System.Single,System.Single,System.String,System.Drawing.PointF)</Name>
              <FileRef uid="25" />
              <SequencePoints>
                <SequencePoint vc="0" uspid="1207" ordinal="0" offset="0" sl="29" sc="9" el="29" ec="10" bec="0" bev="0" fileid="25" />
                <SequencePoint vc="0" uspid="1208" ordinal="1" offset="1" sl="31" sc="13" el="31" ec="70" bec="0" bev="0" fileid="25" />
                <SequencePoint vc="0" uspid="1209" ordinal="2" offset="23" sl="33" sc="13" el="33" ec="91" bec="0" bev="0" fileid="25" />
                <SequencePoint vc="0" uspid="1210" ordinal="3" offset="68" sl="34" sc="9" el="34" ec="10" bec="0" bev="0" fileid="25" />
              </SequencePoints>
              <BranchPoints />
              <MethodPoint xsi:type="SequencePoint" vc="0" uspid="1207" ordinal="0" offset="0" sl="29" sc="9" el="29" ec="10" bec="0" bev="0" fileid="25" />
            </Method>
            <Method visited="false" cyclomaticComplexity="3" nPathComplexity="4" sequenceCoverage="0" branchCoverage="0" crapScore="12" isConstructor="false" isStatic="false" isGetter="false" isSetter="false">
              <Summary numSequencePoints="16" visitedSequencePoints="0" numBranchPoints="5" visitedBranchPoints="0" sequenceCoverage="0" branchCoverage="0" maxCyclomaticComplexity="3" minCyclomaticComplexity="3" maxCrapScore="12" minCrapScore="12" visitedClasses="0" numClasses="0" visitedMethods="0" numMethods="1" />
              <MetadataToken>100663446</MetadataToken>
              <Name>System.Void hw2.PresentationModel.WindowsFormsGraphicsAdaptor::DrawOval(System.Single,System.Single,System.Single,System.Single,System.String,System.Drawing.PointF)</Name>
              <FileRef uid="25" />
              <SequencePoints>
                <SequencePoint vc="0" uspid="1211" ordinal="0" offset="0" sl="36" sc="9" el="36" ec="10" bec="0" bev="0" fileid="25" />
                <SequencePoint vc="0" uspid="1212" ordinal="1" offset="1" sl="38" sc="13" el="38" ec="52" bec="0" bev="0" fileid="25" />
                <SequencePoint vc="0" uspid="1213" ordinal="2" offset="10" sl="39" sc="13" el="39" ec="61" bec="0" bev="0" fileid="25" />
                <SequencePoint vc="0" uspid="1214" ordinal="3" offset="21" sl="40" sc="13" el="40" ec="64" bec="0" bev="0" fileid="25" />
                <SequencePoint vc="0" uspid="1215" ordinal="4" offset="33" sl="41" sc="13" el="41" ec="73" bec="0" bev="0" fileid="25" />
                <SequencePoint vc="0" uspid="1216" ordinal="5" offset="47" sl="42" sc="13" el="42" ec="41" bec="4" bev="0" fileid="25" />
                <SequencePoint vc="0" uspid="1217" ordinal="6" offset="76" sl="43" sc="13" el="43" ec="14" bec="0" bev="0" fileid="25" />
                <SequencePoint vc="0" uspid="1218" ordinal="7" offset="77" sl="44" sc="17" el="44" ec="138" bec="0" bev="0" fileid="25" />
                <SequencePoint vc="0" uspid="1219" ordinal="8" offset="138" sl="45" sc="17" el="45" ec="150" bec="0" bev="0" fileid="25" />
                <SequencePoint vc="0" uspid="1220" ordinal="9" offset="199" sl="47" sc="17" el="47" ec="112" bec="0" bev="0" fileid="25" />
                <SequencePoint vc="0" uspid="1221" ordinal="10" offset="235" sl="48" sc="17" el="48" ec="133" bec="0" bev="0" fileid="25" />
                <SequencePoint vc="0" uspid="1222" ordinal="11" offset="285" sl="50" sc="17" el="50" ec="69" bec="0" bev="0" fileid="25" />
                <SequencePoint vc="0" uspid="1223" ordinal="12" offset="314" sl="51" sc="17" el="51" ec="71" bec="0" bev="0" fileid="25" />
                <SequencePoint vc="0" uspid="1224" ordinal="13" offset="343" sl="52" sc="13" el="52" ec="14" bec="0" bev="0" fileid="25" />
                <SequencePoint vc="0" uspid="1225" ordinal="14" offset="344" sl="54" sc="13" el="54" ec="91" bec="0" bev="0" fileid="25" />
                <SequencePoint vc="0" uspid="1226" ordinal="15" offset="389" sl="55" sc="9" el="55" ec="10" bec="0" bev="0" fileid="25" />
              </SequencePoints>
              <BranchPoints>
                <BranchPoint vc="0" uspid="1227" ordinal="0" offset="53" sl="42" path="0" offsetend="55" fileid="25" />
                <BranchPoint vc="0" uspid="1228" ordinal="1" offset="53" sl="42" path="1" offsetend="66" fileid="25" />
                <BranchPoint vc="0" uspid="1229" ordinal="2" offset="71" sl="42" path="0" offsetend="76" fileid="25" />
                <BranchPoint vc="0" uspid="1230" ordinal="3" offset="71" sl="42" path="1" offsetend="344" fileid="25" />
              </BranchPoints>
              <MethodPoint xsi:type="SequencePoint" vc="0" uspid="1211" ordinal="0" offset="0" sl="36" sc="9" el="36" ec="10" bec="0" bev="0" fileid="25" />
            </Method>
            <Method visited="false" cyclomaticComplexity="1" nPathComplexity="0" sequenceCoverage="0" branchCoverage="0" crapScore="2" isConstructor="false" isStatic="false" isGetter="false" isSetter="false">
              <Summary numSequencePoints="5" visitedSequencePoints="0" numBranchPoints="1" visitedBranchPoints="0" sequenceCoverage="0" branchCoverage="0" maxCyclomaticComplexity="1" minCyclomaticComplexity="1" maxCrapScore="2" minCrapScore="2" visitedClasses="0" numClasses="0" visitedMethods="0" numMethods="1" />
              <MetadataToken>100663447</MetadataToken>
              <Name>System.Void hw2.PresentationModel.WindowsFormsGraphicsAdaptor::DrawPolygon(System.Single,System.Single,System.Single,System.Single,System.String,System.Drawing.PointF)</Name>
              <FileRef uid="25" />
              <SequencePoints>
                <SequencePoint vc="0" uspid="1231" ordinal="0" offset="0" sl="57" sc="9" el="57" ec="10" bec="0" bev="0" fileid="25" />
                <SequencePoint vc="0" uspid="1232" ordinal="1" offset="1" sl="59" sc="13" el="65" ec="15" bec="0" bev="0" fileid="25" />
                <SequencePoint vc="0" uspid="1233" ordinal="2" offset="140" sl="66" sc="13" el="66" ec="58" bec="0" bev="0" fileid="25" />
                <SequencePoint vc="0" uspid="1234" ordinal="3" offset="158" sl="68" sc="13" el="68" ec="91" bec="0" bev="0" fileid="25" />
                <SequencePoint vc="0" uspid="1235" ordinal="4" offset="203" sl="69" sc="9" el="69" ec="10" bec="0" bev="0" fileid="25" />
              </SequencePoints>
              <BranchPoints />
              <MethodPoint xsi:type="SequencePoint" vc="0" uspid="1231" ordinal="0" offset="0" sl="57" sc="9" el="57" ec="10" bec="0" bev="0" fileid="25" />
            </Method>
            <Method visited="false" cyclomaticComplexity="1" nPathComplexity="0" sequenceCoverage="0" branchCoverage="0" crapScore="2" isConstructor="false" isStatic="false" isGetter="false" isSetter="false">
              <Summary numSequencePoints="6" visitedSequencePoints="0" numBranchPoints="1" visitedBranchPoints="0" sequenceCoverage="0" branchCoverage="0" maxCyclomaticComplexity="1" minCyclomaticComplexity="1" maxCrapScore="2" minCrapScore="2" visitedClasses="0" numClasses="0" visitedMethods="0" numMethods="1" />
              <MetadataToken>100663448</MetadataToken>
              <Name>System.Void hw2.PresentationModel.WindowsFormsGraphicsAdaptor::DrawBoundingBox(System.Single,System.Single,System.Single,System.Single,System.String,System.Drawing.PointF)</Name>
              <FileRef uid="25" />
              <SequencePoints>
                <SequencePoint vc="0" uspid="1236" ordinal="0" offset="0" sl="71" sc="9" el="71" ec="10" bec="0" bev="0" fileid="25" />
                <SequencePoint vc="0" uspid="1237" ordinal="1" offset="1" sl="72" sc="13" el="72" ec="81" bec="0" bev="0" fileid="25" />
                <SequencePoint vc="0" uspid="1238" ordinal="2" offset="33" sl="73" sc="13" el="73" ec="66" bec="0" bev="0" fileid="25" />
                <SequencePoint vc="0" uspid="1239" ordinal="3" offset="53" sl="74" sc="13" el="74" ec="119" bec="0" bev="0" fileid="25" />
                <SequencePoint vc="0" uspid="1240" ordinal="4" offset="108" sl="75" sc="13" el="75" ec="114" bec="0" bev="0" fileid="25" />
                <SequencePoint vc="0" uspid="1241" ordinal="5" offset="175" sl="76" sc="9" el="76" ec="10" bec="0" bev="0" fileid="25" />
              </SequencePoints>
              <BranchPoints />
              <MethodPoint xsi:type="SequencePoint" vc="0" uspid="1236" ordinal="0" offset="0" sl="71" sc="9" el="71" ec="10" bec="0" bev="0" fileid="25" />
            </Method>
            <Method visited="false" cyclomaticComplexity="1" nPathComplexity="0" sequenceCoverage="0" branchCoverage="0" crapScore="2" isConstructor="false" isStatic="false" isGetter="false" isSetter="false">
              <Summary numSequencePoints="3" visitedSequencePoints="0" numBranchPoints="1" visitedBranchPoints="0" sequenceCoverage="0" branchCoverage="0" maxCyclomaticComplexity="1" minCyclomaticComplexity="1" maxCrapScore="2" minCrapScore="2" visitedClasses="0" numClasses="0" visitedMethods="0" numMethods="1" />
              <MetadataToken>100663449</MetadataToken>
              <Name>System.Void hw2.PresentationModel.WindowsFormsGraphicsAdaptor::DrawText(System.Single,System.Single,System.Single,System.Single,System.String,System.Drawing.PointF)</Name>
              <FileRef uid="25" />
              <SequencePoints>
                <SequencePoint vc="0" uspid="1242" ordinal="0" offset="0" sl="78" sc="9" el="78" ec="10" bec="0" bev="0" fileid="25" />
                <SequencePoint vc="0" uspid="1243" ordinal="1" offset="1" sl="80" sc="13" el="80" ec="91" bec="0" bev="0" fileid="25" />
                <SequencePoint vc="0" uspid="1244" ordinal="2" offset="46" sl="81" sc="9" el="81" ec="10" bec="0" bev="0" fileid="25" />
              </SequencePoints>
              <BranchPoints />
              <MethodPoint xsi:type="SequencePoint" vc="0" uspid="1242" ordinal="0" offset="0" sl="78" sc="9" el="78" ec="10" bec="0" bev="0" fileid="25" />
            </Method>
          </Methods>
        </Class>
      </Classes>
    </Module>
  </Modules>
</CoverageSession>