<?xml version="1.0" encoding="utf-8"?>
<CoverageSession xmlns:xsd="http://www.w3.org/2001/XMLSchema" xmlns:xsi="http://www.w3.org/2001/XMLSchema-instance" Version="4.7.922.0">
  <Summary numSequencePoints="1600" visitedSequencePoints="449" numBranchPoints="383" visitedBranchPoints="130" sequenceCoverage="28.06" branchCoverage="33.94" maxCyclomaticComplexity="12" minCyclomaticComplexity="1" maxCrapScore="124.13" minCrapScore="1" visitedClasses="15" numClasses="29" visitedMethods="90" numMethods="209" />
  <Modules>
    <Module hash="A4-87-F9-DD-2D-D2-0F-96-1F-64-EE-D7-04-8F-2E-46-6D-53-2F-B7">
      <Summary numSequencePoints="129" visitedSequencePoints="129" numBranchPoints="21" visitedBranchPoints="21" sequenceCoverage="100" branchCoverage="100" maxCyclomaticComplexity="1" minCyclomaticComplexity="1" maxCrapScore="2" minCrapScore="1" visitedClasses="3" numClasses="3" visitedMethods="21" numMethods="21" />
      <ModulePath>C:\Users\rewqa\Desktop\視窗\git\window_form_program_hw\hw2Tests\bin\Debug\fine-code-coverage\build-output\hw2Tests.dll</ModulePath>
      <ModuleTime>2024-12-17T05:26:41.6481595Z</ModuleTime>
      <ModuleName>hw2Tests</ModuleName>
      <Files>
        <File uid="1" fullPath="C:\Users\rewqa\Desktop\視窗\git\window_form_program_hw\hw2Tests\ModelTests.cs" />
        <File uid="3" fullPath="C:\Users\rewqa\Desktop\視窗\git\window_form_program_hw\hw2Tests\PresentationModel\PresentationModelTests.cs" />
      </Files>
      <Classes>
        <Class>
          <Summary numSequencePoints="0" visitedSequencePoints="0" numBranchPoints="0" visitedBranchPoints="0" sequenceCoverage="0" branchCoverage="0" maxCyclomaticComplexity="1" minCyclomaticComplexity="1" maxCrapScore="2" minCrapScore="2" visitedClasses="0" numClasses="0" visitedMethods="0" numMethods="0" />
          <FullName>Microsoft.CodeAnalysis.EmbeddedAttribute</FullName>
          <Methods>
            <Method visited="false" cyclomaticComplexity="1" nPathComplexity="0" sequenceCoverage="0" branchCoverage="0" crapScore="2" isConstructor="true" isStatic="false" isGetter="false" isSetter="false">
              <Summary numSequencePoints="0" visitedSequencePoints="0" numBranchPoints="0" visitedBranchPoints="0" sequenceCoverage="0" branchCoverage="0" maxCyclomaticComplexity="1" minCyclomaticComplexity="1" maxCrapScore="2" minCrapScore="2" visitedClasses="0" numClasses="0" visitedMethods="0" numMethods="0" />
              <MetadataToken>100663297</MetadataToken>
              <Name>System.Void Microsoft.CodeAnalysis.EmbeddedAttribute::.ctor()</Name>
              <SequencePoints />
              <BranchPoints />
              <MethodPoint vc="0" uspid="1" ordinal="0" offset="0" />
            </Method>
          </Methods>
        </Class>
        <Class>
          <Summary numSequencePoints="0" visitedSequencePoints="0" numBranchPoints="0" visitedBranchPoints="0" sequenceCoverage="0" branchCoverage="0" maxCyclomaticComplexity="1" minCyclomaticComplexity="1" maxCrapScore="2" minCrapScore="2" visitedClasses="0" numClasses="0" visitedMethods="0" numMethods="0" />
          <FullName>System.Runtime.CompilerServices.NullableAttribute</FullName>
          <Methods>
            <Method visited="false" cyclomaticComplexity="1" nPathComplexity="0" sequenceCoverage="0" branchCoverage="0" crapScore="2" isConstructor="true" isStatic="false" isGetter="false" isSetter="false">
              <Summary numSequencePoints="0" visitedSequencePoints="0" numBranchPoints="0" visitedBranchPoints="0" sequenceCoverage="0" branchCoverage="0" maxCyclomaticComplexity="1" minCyclomaticComplexity="1" maxCrapScore="2" minCrapScore="2" visitedClasses="0" numClasses="0" visitedMethods="0" numMethods="0" />
              <MetadataToken>100663298</MetadataToken>
              <Name>System.Void System.Runtime.CompilerServices.NullableAttribute::.ctor(System.Byte)</Name>
              <SequencePoints />
              <BranchPoints />
              <MethodPoint vc="0" uspid="2" ordinal="0" offset="0" />
            </Method>
            <Method visited="false" cyclomaticComplexity="1" nPathComplexity="0" sequenceCoverage="0" branchCoverage="0" crapScore="2" isConstructor="true" isStatic="false" isGetter="false" isSetter="false">
              <Summary numSequencePoints="0" visitedSequencePoints="0" numBranchPoints="0" visitedBranchPoints="0" sequenceCoverage="0" branchCoverage="0" maxCyclomaticComplexity="1" minCyclomaticComplexity="1" maxCrapScore="2" minCrapScore="2" visitedClasses="0" numClasses="0" visitedMethods="0" numMethods="0" />
              <MetadataToken>100663299</MetadataToken>
              <Name>System.Void System.Runtime.CompilerServices.NullableAttribute::.ctor(System.Byte[])</Name>
              <SequencePoints />
              <BranchPoints />
              <MethodPoint vc="0" uspid="3" ordinal="0" offset="0" />
            </Method>
          </Methods>
        </Class>
        <Class>
          <Summary numSequencePoints="0" visitedSequencePoints="0" numBranchPoints="0" visitedBranchPoints="0" sequenceCoverage="0" branchCoverage="0" maxCyclomaticComplexity="1" minCyclomaticComplexity="1" maxCrapScore="2" minCrapScore="2" visitedClasses="0" numClasses="0" visitedMethods="0" numMethods="0" />
          <FullName>System.Runtime.CompilerServices.NullableContextAttribute</FullName>
          <Methods>
            <Method visited="false" cyclomaticComplexity="1" nPathComplexity="0" sequenceCoverage="0" branchCoverage="0" crapScore="2" isConstructor="true" isStatic="false" isGetter="false" isSetter="false">
              <Summary numSequencePoints="0" visitedSequencePoints="0" numBranchPoints="0" visitedBranchPoints="0" sequenceCoverage="0" branchCoverage="0" maxCyclomaticComplexity="1" minCyclomaticComplexity="1" maxCrapScore="2" minCrapScore="2" visitedClasses="0" numClasses="0" visitedMethods="0" numMethods="0" />
              <MetadataToken>100663300</MetadataToken>
              <Name>System.Void System.Runtime.CompilerServices.NullableContextAttribute::.ctor(System.Byte)</Name>
              <SequencePoints />
              <BranchPoints />
              <MethodPoint vc="0" uspid="4" ordinal="0" offset="0" />
            </Method>
          </Methods>
        </Class>
        <Class>
          <Summary numSequencePoints="68" visitedSequencePoints="68" numBranchPoints="8" visitedBranchPoints="8" sequenceCoverage="100" branchCoverage="100" maxCyclomaticComplexity="1" minCyclomaticComplexity="1" maxCrapScore="2" minCrapScore="1" visitedClasses="1" numClasses="1" visitedMethods="8" numMethods="8" />
          <FullName>hw2.Tests.ModelTests</FullName>
          <Methods>
            <Method visited="true" cyclomaticComplexity="1" nPathComplexity="0" sequenceCoverage="100" branchCoverage="100" crapScore="1" isConstructor="false" isStatic="false" isGetter="false" isSetter="false">
              <Summary numSequencePoints="14" visitedSequencePoints="14" numBranchPoints="1" visitedBranchPoints="1" sequenceCoverage="100" branchCoverage="100" maxCyclomaticComplexity="1" minCyclomaticComplexity="1" maxCrapScore="1" minCrapScore="1" visitedClasses="0" numClasses="0" visitedMethods="1" numMethods="1" />
              <MetadataToken>100663301</MetadataToken>
              <Name>System.Void hw2.Tests.ModelTests::TestEnterNewShape_StringArray()</Name>
              <FileRef uid="1" />
              <SequencePoints>
                <SequencePoint vc="1" uspid="5" ordinal="0" offset="0" sl="23" sc="9" el="23" ec="10" bec="0" bev="0" fileid="1" />
                <SequencePoint vc="1" uspid="6" ordinal="1" offset="1" sl="25" sc="13" el="25" ec="37" bec="0" bev="0" fileid="1" />
                <SequencePoint vc="1" uspid="7" ordinal="2" offset="7" sl="26" sc="13" el="26" ec="73" bec="0" bev="0" fileid="1" />
                <SequencePoint vc="1" uspid="8" ordinal="3" offset="62" sl="29" sc="13" el="29" ec="48" bec="0" bev="0" fileid="1" />
                <SequencePoint vc="1" uspid="9" ordinal="4" offset="70" sl="30" sc="13" el="30" ec="44" bec="0" bev="0" fileid="1" />
                <SequencePoint vc="1" uspid="10" ordinal="5" offset="77" sl="33" sc="13" el="33" ec="46" bec="0" bev="0" fileid="1" />
                <SequencePoint vc="1" uspid="11" ordinal="6" offset="90" sl="34" sc="13" el="34" ec="59" bec="0" bev="0" fileid="1" />
                <SequencePoint vc="1" uspid="12" ordinal="7" offset="113" sl="35" sc="13" el="35" ec="46" bec="0" bev="0" fileid="1" />
                <SequencePoint vc="1" uspid="13" ordinal="8" offset="132" sl="36" sc="13" el="36" ec="50" bec="0" bev="0" fileid="1" />
                <SequencePoint vc="1" uspid="14" ordinal="9" offset="155" sl="37" sc="13" el="37" ec="45" bec="0" bev="0" fileid="1" />
                <SequencePoint vc="1" uspid="15" ordinal="10" offset="178" sl="38" sc="13" el="38" ec="45" bec="0" bev="0" fileid="1" />
                <SequencePoint vc="1" uspid="16" ordinal="11" offset="201" sl="39" sc="13" el="39" ec="49" bec="0" bev="0" fileid="1" />
                <SequencePoint vc="1" uspid="17" ordinal="12" offset="224" sl="40" sc="13" el="40" ec="50" bec="0" bev="0" fileid="1" />
                <SequencePoint vc="1" uspid="18" ordinal="13" offset="247" sl="41" sc="9" el="41" ec="10" bec="0" bev="0" fileid="1" />
              </SequencePoints>
              <BranchPoints />
              <MethodPoint xsi:type="SequencePoint" vc="1" uspid="5" ordinal="0" offset="0" sl="23" sc="9" el="23" ec="10" bec="0" bev="0" fileid="1" />
            </Method>
            <Method visited="true" cyclomaticComplexity="1" nPathComplexity="0" sequenceCoverage="100" branchCoverage="100" crapScore="1" isConstructor="false" isStatic="false" isGetter="false" isSetter="false">
              <Summary numSequencePoints="15" visitedSequencePoints="15" numBranchPoints="1" visitedBranchPoints="1" sequenceCoverage="100" branchCoverage="100" maxCyclomaticComplexity="1" minCyclomaticComplexity="1" maxCrapScore="1" minCrapScore="1" visitedClasses="0" numClasses="0" visitedMethods="1" numMethods="1" />
              <MetadataToken>100663302</MetadataToken>
              <Name>System.Void hw2.Tests.ModelTests::TestEnterNewShape_ShapeObject()</Name>
              <FileRef uid="1" />
              <SequencePoints>
                <SequencePoint vc="1" uspid="19" ordinal="0" offset="0" sl="45" sc="9" el="45" ec="10" bec="0" bev="0" fileid="1" />
                <SequencePoint vc="1" uspid="20" ordinal="1" offset="1" sl="47" sc="13" el="47" ec="37" bec="0" bev="0" fileid="1" />
                <SequencePoint vc="1" uspid="21" ordinal="2" offset="7" sl="49" sc="13" el="49" ec="55" bec="0" bev="0" fileid="1" />
                <SequencePoint vc="1" uspid="22" ordinal="3" offset="13" sl="50" sc="13" el="50" ec="74" bec="0" bev="0" fileid="1" />
                <SequencePoint vc="1" uspid="23" ordinal="4" offset="35" sl="52" sc="13" el="52" ec="42" bec="0" bev="0" fileid="1" />
                <SequencePoint vc="1" uspid="24" ordinal="5" offset="43" sl="53" sc="13" el="53" ec="44" bec="0" bev="0" fileid="1" />
                <SequencePoint vc="1" uspid="25" ordinal="6" offset="50" sl="56" sc="13" el="56" ec="46" bec="0" bev="0" fileid="1" />
                <SequencePoint vc="1" uspid="26" ordinal="7" offset="63" sl="57" sc="13" el="57" ec="59" bec="0" bev="0" fileid="1" />
                <SequencePoint vc="1" uspid="27" ordinal="8" offset="86" sl="58" sc="13" el="58" ec="46" bec="0" bev="0" fileid="1" />
                <SequencePoint vc="1" uspid="28" ordinal="9" offset="105" sl="59" sc="13" el="59" ec="50" bec="0" bev="0" fileid="1" />
                <SequencePoint vc="1" uspid="29" ordinal="10" offset="128" sl="60" sc="13" el="60" ec="45" bec="0" bev="0" fileid="1" />
                <SequencePoint vc="1" uspid="30" ordinal="11" offset="151" sl="61" sc="13" el="61" ec="45" bec="0" bev="0" fileid="1" />
                <SequencePoint vc="1" uspid="31" ordinal="12" offset="174" sl="62" sc="13" el="62" ec="49" bec="0" bev="0" fileid="1" />
                <SequencePoint vc="1" uspid="32" ordinal="13" offset="197" sl="63" sc="13" el="63" ec="50" bec="0" bev="0" fileid="1" />
                <SequencePoint vc="1" uspid="33" ordinal="14" offset="220" sl="64" sc="9" el="64" ec="10" bec="0" bev="0" fileid="1" />
              </SequencePoints>
              <BranchPoints />
              <MethodPoint xsi:type="SequencePoint" vc="1" uspid="19" ordinal="0" offset="0" sl="45" sc="9" el="45" ec="10" bec="0" bev="0" fileid="1" />
            </Method>
            <Method visited="true" cyclomaticComplexity="1" nPathComplexity="0" sequenceCoverage="100" branchCoverage="100" crapScore="1" isConstructor="false" isStatic="false" isGetter="false" isSetter="false">
              <Summary numSequencePoints="9" visitedSequencePoints="9" numBranchPoints="1" visitedBranchPoints="1" sequenceCoverage="100" branchCoverage="100" maxCyclomaticComplexity="1" minCyclomaticComplexity="1" maxCrapScore="1" minCrapScore="1" visitedClasses="0" numClasses="0" visitedMethods="1" numMethods="1" />
              <MetadataToken>100663303</MetadataToken>
              <Name>System.Void hw2.Tests.ModelTests::TestRemoveShape()</Name>
              <FileRef uid="1" />
              <SequencePoints>
                <SequencePoint vc="1" uspid="34" ordinal="0" offset="0" sl="68" sc="9" el="68" ec="10" bec="0" bev="0" fileid="1" />
                <SequencePoint vc="1" uspid="35" ordinal="1" offset="1" sl="70" sc="13" el="70" ec="37" bec="0" bev="0" fileid="1" />
                <SequencePoint vc="1" uspid="36" ordinal="2" offset="7" sl="71" sc="13" el="71" ec="55" bec="0" bev="0" fileid="1" />
                <SequencePoint vc="1" uspid="37" ordinal="3" offset="13" sl="72" sc="13" el="72" ec="74" bec="0" bev="0" fileid="1" />
                <SequencePoint vc="1" uspid="38" ordinal="4" offset="35" sl="74" sc="13" el="74" ec="42" bec="0" bev="0" fileid="1" />
                <SequencePoint vc="1" uspid="39" ordinal="5" offset="43" sl="77" sc="13" el="77" ec="35" bec="0" bev="0" fileid="1" />
                <SequencePoint vc="1" uspid="40" ordinal="6" offset="51" sl="78" sc="13" el="78" ec="44" bec="0" bev="0" fileid="1" />
                <SequencePoint vc="1" uspid="41" ordinal="7" offset="58" sl="81" sc="13" el="81" ec="46" bec="0" bev="0" fileid="1" />
                <SequencePoint vc="1" uspid="42" ordinal="8" offset="71" sl="82" sc="9" el="82" ec="10" bec="0" bev="0" fileid="1" />
              </SequencePoints>
              <BranchPoints />
              <MethodPoint xsi:type="SequencePoint" vc="1" uspid="34" ordinal="0" offset="0" sl="68" sc="9" el="68" ec="10" bec="0" bev="0" fileid="1" />
            </Method>
            <Method visited="true" cyclomaticComplexity="1" nPathComplexity="0" sequenceCoverage="100" branchCoverage="100" crapScore="1" isConstructor="false" isStatic="false" isGetter="false" isSetter="false">
              <Summary numSequencePoints="5" visitedSequencePoints="5" numBranchPoints="1" visitedBranchPoints="1" sequenceCoverage="100" branchCoverage="100" maxCyclomaticComplexity="1" minCyclomaticComplexity="1" maxCrapScore="1" minCrapScore="1" visitedClasses="0" numClasses="0" visitedMethods="1" numMethods="1" />
              <MetadataToken>100663304</MetadataToken>
              <Name>System.Void hw2.Tests.ModelTests::TestPointerPressed()</Name>
              <FileRef uid="1" />
              <SequencePoints>
                <SequencePoint vc="1" uspid="43" ordinal="0" offset="0" sl="86" sc="9" el="86" ec="10" bec="0" bev="0" fileid="1" />
                <SequencePoint vc="1" uspid="44" ordinal="1" offset="1" sl="88" sc="13" el="88" ec="37" bec="0" bev="0" fileid="1" />
                <SequencePoint vc="1" uspid="45" ordinal="2" offset="7" sl="91" sc="13" el="91" ec="42" bec="0" bev="0" fileid="1" />
                <SequencePoint vc="1" uspid="46" ordinal="3" offset="24" sl="95" sc="13" el="95" ec="33" bec="0" bev="0" fileid="1" />
                <SequencePoint vc="1" uspid="47" ordinal="4" offset="31" sl="96" sc="9" el="96" ec="10" bec="0" bev="0" fileid="1" />
              </SequencePoints>
              <BranchPoints />
              <MethodPoint xsi:type="SequencePoint" vc="1" uspid="43" ordinal="0" offset="0" sl="86" sc="9" el="86" ec="10" bec="0" bev="0" fileid="1" />
            </Method>
            <Method visited="true" cyclomaticComplexity="1" nPathComplexity="0" sequenceCoverage="100" branchCoverage="100" crapScore="1" isConstructor="false" isStatic="false" isGetter="false" isSetter="false">
              <Summary numSequencePoints="7" visitedSequencePoints="7" numBranchPoints="1" visitedBranchPoints="1" sequenceCoverage="100" branchCoverage="100" maxCyclomaticComplexity="1" minCyclomaticComplexity="1" maxCrapScore="1" minCrapScore="1" visitedClasses="0" numClasses="0" visitedMethods="1" numMethods="1" />
              <MetadataToken>100663305</MetadataToken>
              <Name>System.Void hw2.Tests.ModelTests::PointerMoved_ShouldInvokeNotifyModelChanged()</Name>
              <FileRef uid="1" />
              <SequencePoints>
                <SequencePoint vc="1" uspid="48" ordinal="0" offset="6" sl="100" sc="9" el="100" ec="10" bec="0" bev="0" fileid="1" />
                <SequencePoint vc="1" uspid="49" ordinal="1" offset="7" sl="102" sc="13" el="102" ec="37" bec="0" bev="0" fileid="1" />
                <SequencePoint vc="1" uspid="50" ordinal="2" offset="13" sl="103" sc="13" el="103" ec="39" bec="0" bev="0" fileid="1" />
                <SequencePoint vc="1" uspid="51" ordinal="3" offset="20" sl="106" sc="13" el="106" ec="62" bec="0" bev="0" fileid="1" />
                <SequencePoint vc="1" uspid="52" ordinal="4" offset="39" sl="109" sc="13" el="109" ec="40" bec="0" bev="0" fileid="1" />
                <SequencePoint vc="1" uspid="53" ordinal="5" offset="56" sl="112" sc="13" el="112" ec="110" bec="0" bev="0" fileid="1" />
                <SequencePoint vc="1" uspid="54" ordinal="6" offset="73" sl="113" sc="9" el="113" ec="10" bec="0" bev="0" fileid="1" />
              </SequencePoints>
              <BranchPoints />
              <MethodPoint vc="1" uspid="55" ordinal="0" offset="0" />
            </Method>
            <Method visited="true" cyclomaticComplexity="1" nPathComplexity="0" sequenceCoverage="100" branchCoverage="100" crapScore="1" isConstructor="false" isStatic="false" isGetter="false" isSetter="false">
              <Summary numSequencePoints="5" visitedSequencePoints="5" numBranchPoints="1" visitedBranchPoints="1" sequenceCoverage="100" branchCoverage="100" maxCyclomaticComplexity="1" minCyclomaticComplexity="1" maxCrapScore="1" minCrapScore="1" visitedClasses="0" numClasses="0" visitedMethods="1" numMethods="1" />
              <MetadataToken>100663306</MetadataToken>
              <Name>System.Void hw2.Tests.ModelTests::TestPointerReleased()</Name>
              <FileRef uid="1" />
              <SequencePoints>
                <SequencePoint vc="1" uspid="56" ordinal="0" offset="0" sl="117" sc="9" el="117" ec="10" bec="0" bev="0" fileid="1" />
                <SequencePoint vc="1" uspid="57" ordinal="1" offset="1" sl="119" sc="13" el="119" ec="37" bec="0" bev="0" fileid="1" />
                <SequencePoint vc="1" uspid="58" ordinal="2" offset="7" sl="122" sc="13" el="122" ec="43" bec="0" bev="0" fileid="1" />
                <SequencePoint vc="1" uspid="59" ordinal="3" offset="24" sl="126" sc="13" el="126" ec="33" bec="0" bev="0" fileid="1" />
                <SequencePoint vc="1" uspid="60" ordinal="4" offset="31" sl="127" sc="9" el="127" ec="10" bec="0" bev="0" fileid="1" />
              </SequencePoints>
              <BranchPoints />
              <MethodPoint xsi:type="SequencePoint" vc="1" uspid="56" ordinal="0" offset="0" sl="117" sc="9" el="117" ec="10" bec="0" bev="0" fileid="1" />
            </Method>
            <Method visited="true" cyclomaticComplexity="1" nPathComplexity="0" sequenceCoverage="100" branchCoverage="100" crapScore="1" isConstructor="false" isStatic="false" isGetter="false" isSetter="false">
              <Summary numSequencePoints="7" visitedSequencePoints="7" numBranchPoints="1" visitedBranchPoints="1" sequenceCoverage="100" branchCoverage="100" maxCyclomaticComplexity="1" minCyclomaticComplexity="1" maxCrapScore="1" minCrapScore="1" visitedClasses="0" numClasses="0" visitedMethods="1" numMethods="1" />
              <MetadataToken>100663307</MetadataToken>
              <Name>System.Void hw2.Tests.ModelTests::Setup()</Name>
              <FileRef uid="1" />
              <SequencePoints>
                <SequencePoint vc="7" uspid="61" ordinal="0" offset="0" sl="132" sc="9" el="132" ec="10" bec="0" bev="0" fileid="1" />
                <SequencePoint vc="7" uspid="62" ordinal="1" offset="1" sl="133" sc="13" el="133" ec="34" bec="0" bev="0" fileid="1" />
                <SequencePoint vc="7" uspid="63" ordinal="2" offset="12" sl="136" sc="13" el="136" ec="52" bec="0" bev="0" fileid="1" />
                <SequencePoint vc="7" uspid="64" ordinal="3" offset="23" sl="137" sc="13" el="137" ec="52" bec="0" bev="0" fileid="1" />
                <SequencePoint vc="7" uspid="65" ordinal="4" offset="34" sl="140" sc="13" el="140" ec="83" bec="0" bev="0" fileid="1" />
                <SequencePoint vc="7" uspid="66" ordinal="5" offset="138" sl="141" sc="13" el="141" ec="83" bec="0" bev="0" fileid="1" />
                <SequencePoint vc="7" uspid="67" ordinal="6" offset="242" sl="142" sc="9" el="142" ec="10" bec="0" bev="0" fileid="1" />
              </SequencePoints>
              <BranchPoints />
              <MethodPoint xsi:type="SequencePoint" vc="7" uspid="61" ordinal="0" offset="0" sl="132" sc="9" el="132" ec="10" bec="0" bev="0" fileid="1" />
            </Method>
            <Method visited="true" cyclomaticComplexity="1" nPathComplexity="0" sequenceCoverage="100" branchCoverage="100" crapScore="1" isConstructor="false" isStatic="false" isGetter="false" isSetter="false">
              <Summary numSequencePoints="6" visitedSequencePoints="6" numBranchPoints="1" visitedBranchPoints="1" sequenceCoverage="100" branchCoverage="100" maxCyclomaticComplexity="1" minCyclomaticComplexity="1" maxCrapScore="1" minCrapScore="1" visitedClasses="0" numClasses="0" visitedMethods="1" numMethods="1" />
              <MetadataToken>100663308</MetadataToken>
              <Name>System.Void hw2.Tests.ModelTests::Draw_ShouldInvokeOnPaint()</Name>
              <FileRef uid="1" />
              <SequencePoints>
                <SequencePoint vc="1" uspid="68" ordinal="0" offset="0" sl="145" sc="9" el="145" ec="10" bec="0" bev="0" fileid="1" />
                <SequencePoint vc="1" uspid="69" ordinal="1" offset="1" sl="146" sc="13" el="146" ec="54" bec="0" bev="0" fileid="1" />
                <SequencePoint vc="1" uspid="70" ordinal="2" offset="7" sl="147" sc="13" el="147" ec="48" bec="0" bev="0" fileid="1" />
                <SequencePoint vc="1" uspid="71" ordinal="3" offset="13" sl="150" sc="13" el="150" ec="50" bec="0" bev="0" fileid="1" />
                <SequencePoint vc="1" uspid="72" ordinal="4" offset="30" sl="151" sc="13" el="151" ec="46" bec="0" bev="0" fileid="1" />
                <SequencePoint vc="1" uspid="73" ordinal="5" offset="48" sl="152" sc="9" el="152" ec="10" bec="0" bev="0" fileid="1" />
              </SequencePoints>
              <BranchPoints />
              <MethodPoint xsi:type="SequencePoint" vc="1" uspid="68" ordinal="0" offset="0" sl="145" sc="9" el="145" ec="10" bec="0" bev="0" fileid="1" />
            </Method>
            <Method visited="false" cyclomaticComplexity="1" nPathComplexity="0" sequenceCoverage="0" branchCoverage="0" crapScore="2" isConstructor="true" isStatic="false" isGetter="false" isSetter="false">
              <Summary numSequencePoints="0" visitedSequencePoints="0" numBranchPoints="0" visitedBranchPoints="0" sequenceCoverage="0" branchCoverage="0" maxCyclomaticComplexity="1" minCyclomaticComplexity="1" maxCrapScore="2" minCrapScore="2" visitedClasses="0" numClasses="0" visitedMethods="0" numMethods="0" />
              <MetadataToken>100663309</MetadataToken>
              <Name>System.Void hw2.Tests.ModelTests::.ctor()</Name>
              <SequencePoints />
              <BranchPoints />
              <MethodPoint vc="0" uspid="74" ordinal="0" offset="0" />
            </Method>
          </Methods>
        </Class>
        <Class>
          <Summary numSequencePoints="0" visitedSequencePoints="0" numBranchPoints="0" visitedBranchPoints="0" sequenceCoverage="0" branchCoverage="0" maxCyclomaticComplexity="1" minCyclomaticComplexity="1" maxCrapScore="2" minCrapScore="2" visitedClasses="0" numClasses="0" visitedMethods="0" numMethods="0" />
          <FullName>hw2.Tests.ModelTests/&lt;&gt;c</FullName>
          <Methods>
            <Method visited="false" cyclomaticComplexity="1" nPathComplexity="0" sequenceCoverage="0" branchCoverage="0" crapScore="2" isConstructor="true" isStatic="true" isGetter="false" isSetter="false">
              <Summary numSequencePoints="0" visitedSequencePoints="0" numBranchPoints="0" visitedBranchPoints="0" sequenceCoverage="0" branchCoverage="0" maxCyclomaticComplexity="1" minCyclomaticComplexity="1" maxCrapScore="2" minCrapScore="2" visitedClasses="0" numClasses="0" visitedMethods="0" numMethods="0" />
              <MetadataToken>100663323</MetadataToken>
              <Name>System.Void hw2.Tests.ModelTests/&lt;&gt;c::.cctor()</Name>
              <SequencePoints />
              <BranchPoints />
              <MethodPoint vc="0" uspid="75" ordinal="0" offset="0" />
            </Method>
            <Method visited="false" cyclomaticComplexity="1" nPathComplexity="0" sequenceCoverage="0" branchCoverage="0" crapScore="2" isConstructor="true" isStatic="false" isGetter="false" isSetter="false">
              <Summary numSequencePoints="0" visitedSequencePoints="0" numBranchPoints="0" visitedBranchPoints="0" sequenceCoverage="0" branchCoverage="0" maxCyclomaticComplexity="1" minCyclomaticComplexity="1" maxCrapScore="2" minCrapScore="2" visitedClasses="0" numClasses="0" visitedMethods="0" numMethods="0" />
              <MetadataToken>100663324</MetadataToken>
              <Name>System.Void hw2.Tests.ModelTests/&lt;&gt;c::.ctor()</Name>
              <SequencePoints />
              <BranchPoints />
              <MethodPoint vc="0" uspid="76" ordinal="0" offset="0" />
            </Method>
          </Methods>
        </Class>
        <Class>
          <Summary numSequencePoints="1" visitedSequencePoints="1" numBranchPoints="1" visitedBranchPoints="1" sequenceCoverage="100" branchCoverage="100" maxCyclomaticComplexity="1" minCyclomaticComplexity="1" maxCrapScore="2" minCrapScore="1" visitedClasses="1" numClasses="1" visitedMethods="1" numMethods="1" />
          <FullName>hw2.Tests.ModelTests/&lt;&gt;c__DisplayClass7_0</FullName>
          <Methods>
            <Method visited="false" cyclomaticComplexity="1" nPathComplexity="0" sequenceCoverage="0" branchCoverage="0" crapScore="2" isConstructor="true" isStatic="false" isGetter="false" isSetter="false">
              <Summary numSequencePoints="0" visitedSequencePoints="0" numBranchPoints="0" visitedBranchPoints="0" sequenceCoverage="0" branchCoverage="0" maxCyclomaticComplexity="1" minCyclomaticComplexity="1" maxCrapScore="2" minCrapScore="2" visitedClasses="0" numClasses="0" visitedMethods="0" numMethods="0" />
              <MetadataToken>100663325</MetadataToken>
              <Name>System.Void hw2.Tests.ModelTests/&lt;&gt;c__DisplayClass7_0::.ctor()</Name>
              <SequencePoints />
              <BranchPoints />
              <MethodPoint vc="0" uspid="77" ordinal="0" offset="0" />
            </Method>
            <Method visited="true" cyclomaticComplexity="1" nPathComplexity="0" sequenceCoverage="100" branchCoverage="100" crapScore="1" isConstructor="false" isStatic="false" isGetter="false" isSetter="false">
              <Summary numSequencePoints="1" visitedSequencePoints="1" numBranchPoints="1" visitedBranchPoints="1" sequenceCoverage="100" branchCoverage="100" maxCyclomaticComplexity="1" minCyclomaticComplexity="1" maxCrapScore="1" minCrapScore="1" visitedClasses="0" numClasses="0" visitedMethods="1" numMethods="1" />
              <MetadataToken>100663326</MetadataToken>
              <Name>System.Void hw2.Tests.ModelTests/&lt;&gt;c__DisplayClass7_0::&lt;PointerMoved_ShouldInvokeNotifyModelChanged&gt;b__0()</Name>
              <FileRef uid="1" />
              <SequencePoints>
                <SequencePoint vc="1" uspid="78" ordinal="0" offset="0" sl="106" sc="42" el="106" ec="61" bec="0" bev="0" fileid="1" />
              </SequencePoints>
              <BranchPoints />
              <MethodPoint xsi:type="SequencePoint" vc="1" uspid="78" ordinal="0" offset="0" sl="106" sc="42" el="106" ec="61" bec="0" bev="0" fileid="1" />
            </Method>
          </Methods>
        </Class>
        <Class>
          <Summary numSequencePoints="60" visitedSequencePoints="60" numBranchPoints="12" visitedBranchPoints="12" sequenceCoverage="100" branchCoverage="100" maxCyclomaticComplexity="1" minCyclomaticComplexity="1" maxCrapScore="2" minCrapScore="1" visitedClasses="1" numClasses="1" visitedMethods="12" numMethods="12" />
          <FullName>hw2.Tests.PresentationModelTests</FullName>
          <Methods>
            <Method visited="true" cyclomaticComplexity="1" nPathComplexity="0" sequenceCoverage="100" branchCoverage="100" crapScore="1" isConstructor="false" isStatic="false" isGetter="false" isSetter="false">
              <Summary numSequencePoints="4" visitedSequencePoints="4" numBranchPoints="1" visitedBranchPoints="1" sequenceCoverage="100" branchCoverage="100" maxCyclomaticComplexity="1" minCyclomaticComplexity="1" maxCrapScore="1" minCrapScore="1" visitedClasses="0" numClasses="0" visitedMethods="1" numMethods="1" />
              <MetadataToken>100663310</MetadataToken>
              <Name>System.Void hw2.Tests.PresentationModelTests::Initialize()</Name>
              <FileRef uid="3" />
              <SequencePoints>
                <SequencePoint vc="11" uspid="79" ordinal="0" offset="0" sl="20" sc="9" el="20" ec="10" bec="0" bev="0" fileid="3" />
                <SequencePoint vc="11" uspid="80" ordinal="1" offset="1" sl="21" sc="13" el="21" ec="41" bec="0" bev="0" fileid="3" />
                <SequencePoint vc="11" uspid="81" ordinal="2" offset="7" sl="22" sc="13" el="22" ec="67" bec="0" bev="0" fileid="3" />
                <SequencePoint vc="11" uspid="82" ordinal="3" offset="19" sl="23" sc="9" el="23" ec="10" bec="0" bev="0" fileid="3" />
              </SequencePoints>
              <BranchPoints />
              <MethodPoint xsi:type="SequencePoint" vc="11" uspid="79" ordinal="0" offset="0" sl="20" sc="9" el="20" ec="10" bec="0" bev="0" fileid="3" />
            </Method>
            <Method visited="true" cyclomaticComplexity="1" nPathComplexity="0" sequenceCoverage="100" branchCoverage="100" crapScore="1" isConstructor="false" isStatic="false" isGetter="false" isSetter="false">
              <Summary numSequencePoints="4" visitedSequencePoints="4" numBranchPoints="1" visitedBranchPoints="1" sequenceCoverage="100" branchCoverage="100" maxCyclomaticComplexity="1" minCyclomaticComplexity="1" maxCrapScore="1" minCrapScore="1" visitedClasses="0" numClasses="0" visitedMethods="1" numMethods="1" />
              <MetadataToken>100663311</MetadataToken>
              <Name>System.Void hw2.Tests.PresentationModelTests::TestShapeComboBoxIndexChanged_ValidIndex_ShouldSetColorBlack()</Name>
              <FileRef uid="3" />
              <SequencePoints>
                <SequencePoint vc="1" uspid="83" ordinal="0" offset="0" sl="27" sc="9" el="27" ec="10" bec="0" bev="0" fileid="3" />
                <SequencePoint vc="1" uspid="84" ordinal="1" offset="1" sl="28" sc="13" el="28" ec="61" bec="0" bev="0" fileid="3" />
                <SequencePoint vc="1" uspid="85" ordinal="2" offset="14" sl="29" sc="13" el="29" ec="83" bec="0" bev="0" fileid="3" />
                <SequencePoint vc="1" uspid="86" ordinal="3" offset="36" sl="30" sc="9" el="30" ec="10" bec="0" bev="0" fileid="3" />
              </SequencePoints>
              <BranchPoints />
              <MethodPoint xsi:type="SequencePoint" vc="1" uspid="83" ordinal="0" offset="0" sl="27" sc="9" el="27" ec="10" bec="0" bev="0" fileid="3" />
            </Method>
            <Method visited="true" cyclomaticComplexity="1" nPathComplexity="0" sequenceCoverage="100" branchCoverage="100" crapScore="1" isConstructor="false" isStatic="false" isGetter="false" isSetter="false">
              <Summary numSequencePoints="4" visitedSequencePoints="4" numBranchPoints="1" visitedBranchPoints="1" sequenceCoverage="100" branchCoverage="100" maxCyclomaticComplexity="1" minCyclomaticComplexity="1" maxCrapScore="1" minCrapScore="1" visitedClasses="0" numClasses="0" visitedMethods="1" numMethods="1" />
              <MetadataToken>100663312</MetadataToken>
              <Name>System.Void hw2.Tests.PresentationModelTests::TestShapeComboBoxIndexChanged_InvalidIndex_ShouldSetColorRed()</Name>
              <FileRef uid="3" />
              <SequencePoints>
                <SequencePoint vc="1" uspid="87" ordinal="0" offset="0" sl="34" sc="9" el="34" ec="10" bec="0" bev="0" fileid="3" />
                <SequencePoint vc="1" uspid="88" ordinal="1" offset="1" sl="35" sc="13" el="35" ec="62" bec="0" bev="0" fileid="3" />
                <SequencePoint vc="1" uspid="89" ordinal="2" offset="14" sl="36" sc="13" el="36" ec="81" bec="0" bev="0" fileid="3" />
                <SequencePoint vc="1" uspid="90" ordinal="3" offset="36" sl="37" sc="9" el="37" ec="10" bec="0" bev="0" fileid="3" />
              </SequencePoints>
              <BranchPoints />
              <MethodPoint xsi:type="SequencePoint" vc="1" uspid="87" ordinal="0" offset="0" sl="34" sc="9" el="34" ec="10" bec="0" bev="0" fileid="3" />
            </Method>
            <Method visited="true" cyclomaticComplexity="1" nPathComplexity="0" sequenceCoverage="100" branchCoverage="100" crapScore="1" isConstructor="false" isStatic="false" isGetter="false" isSetter="false">
              <Summary numSequencePoints="4" visitedSequencePoints="4" numBranchPoints="1" visitedBranchPoints="1" sequenceCoverage="100" branchCoverage="100" maxCyclomaticComplexity="1" minCyclomaticComplexity="1" maxCrapScore="1" minCrapScore="1" visitedClasses="0" numClasses="0" visitedMethods="1" numMethods="1" />
              <MetadataToken>100663313</MetadataToken>
              <Name>System.Void hw2.Tests.PresentationModelTests::TestTextTextBoxTextChanged_ValidText_ShouldSetColorBlack()</Name>
              <FileRef uid="3" />
              <SequencePoints>
                <SequencePoint vc="1" uspid="91" ordinal="0" offset="0" sl="41" sc="9" el="41" ec="10" bec="0" bev="0" fileid="3" />
                <SequencePoint vc="1" uspid="92" ordinal="1" offset="1" sl="42" sc="13" el="42" ec="69" bec="0" bev="0" fileid="3" />
                <SequencePoint vc="1" uspid="93" ordinal="2" offset="18" sl="43" sc="13" el="43" ec="76" bec="0" bev="0" fileid="3" />
                <SequencePoint vc="1" uspid="94" ordinal="3" offset="40" sl="44" sc="9" el="44" ec="10" bec="0" bev="0" fileid="3" />
              </SequencePoints>
              <BranchPoints />
              <MethodPoint xsi:type="SequencePoint" vc="1" uspid="91" ordinal="0" offset="0" sl="41" sc="9" el="41" ec="10" bec="0" bev="0" fileid="3" />
            </Method>
            <Method visited="true" cyclomaticComplexity="1" nPathComplexity="0" sequenceCoverage="100" branchCoverage="100" crapScore="1" isConstructor="false" isStatic="false" isGetter="false" isSetter="false">
              <Summary numSequencePoints="4" visitedSequencePoints="4" numBranchPoints="1" visitedBranchPoints="1" sequenceCoverage="100" branchCoverage="100" maxCyclomaticComplexity="1" minCyclomaticComplexity="1" maxCrapScore="1" minCrapScore="1" visitedClasses="0" numClasses="0" visitedMethods="1" numMethods="1" />
              <MetadataToken>100663314</MetadataToken>
              <Name>System.Void hw2.Tests.PresentationModelTests::TestTextTextBoxTextChanged_EmptyText_ShouldSetColorRed()</Name>
              <FileRef uid="3" />
              <SequencePoints>
                <SequencePoint vc="1" uspid="95" ordinal="0" offset="0" sl="48" sc="9" el="48" ec="10" bec="0" bev="0" fileid="3" />
                <SequencePoint vc="1" uspid="96" ordinal="1" offset="1" sl="49" sc="13" el="49" ec="59" bec="0" bev="0" fileid="3" />
                <SequencePoint vc="1" uspid="97" ordinal="2" offset="18" sl="50" sc="13" el="50" ec="74" bec="0" bev="0" fileid="3" />
                <SequencePoint vc="1" uspid="98" ordinal="3" offset="40" sl="51" sc="9" el="51" ec="10" bec="0" bev="0" fileid="3" />
              </SequencePoints>
              <BranchPoints />
              <MethodPoint xsi:type="SequencePoint" vc="1" uspid="95" ordinal="0" offset="0" sl="48" sc="9" el="48" ec="10" bec="0" bev="0" fileid="3" />
            </Method>
            <Method visited="true" cyclomaticComplexity="1" nPathComplexity="0" sequenceCoverage="100" branchCoverage="100" crapScore="1" isConstructor="false" isStatic="false" isGetter="false" isSetter="false">
              <Summary numSequencePoints="4" visitedSequencePoints="4" numBranchPoints="1" visitedBranchPoints="1" sequenceCoverage="100" branchCoverage="100" maxCyclomaticComplexity="1" minCyclomaticComplexity="1" maxCrapScore="1" minCrapScore="1" visitedClasses="0" numClasses="0" visitedMethods="1" numMethods="1" />
              <MetadataToken>100663315</MetadataToken>
              <Name>System.Void hw2.Tests.PresentationModelTests::TestXTextBoxTextChanged_ValidNumber_ShouldSetColorBlack()</Name>
              <FileRef uid="3" />
              <SequencePoints>
                <SequencePoint vc="1" uspid="99" ordinal="0" offset="0" sl="55" sc="9" el="55" ec="10" bec="0" bev="0" fileid="3" />
                <SequencePoint vc="1" uspid="100" ordinal="1" offset="1" sl="56" sc="13" el="56" ec="62" bec="0" bev="0" fileid="3" />
                <SequencePoint vc="1" uspid="101" ordinal="2" offset="18" sl="57" sc="13" el="57" ec="73" bec="0" bev="0" fileid="3" />
                <SequencePoint vc="1" uspid="102" ordinal="3" offset="40" sl="58" sc="9" el="58" ec="10" bec="0" bev="0" fileid="3" />
              </SequencePoints>
              <BranchPoints />
              <MethodPoint xsi:type="SequencePoint" vc="1" uspid="99" ordinal="0" offset="0" sl="55" sc="9" el="55" ec="10" bec="0" bev="0" fileid="3" />
            </Method>
            <Method visited="true" cyclomaticComplexity="1" nPathComplexity="0" sequenceCoverage="100" branchCoverage="100" crapScore="1" isConstructor="false" isStatic="false" isGetter="false" isSetter="false">
              <Summary numSequencePoints="4" visitedSequencePoints="4" numBranchPoints="1" visitedBranchPoints="1" sequenceCoverage="100" branchCoverage="100" maxCyclomaticComplexity="1" minCyclomaticComplexity="1" maxCrapScore="1" minCrapScore="1" visitedClasses="0" numClasses="0" visitedMethods="1" numMethods="1" />
              <MetadataToken>100663316</MetadataToken>
              <Name>System.Void hw2.Tests.PresentationModelTests::TestXTextBoxTextChanged_InvalidNumber_ShouldSetColorRed()</Name>
              <FileRef uid="3" />
              <SequencePoints>
                <SequencePoint vc="1" uspid="103" ordinal="0" offset="0" sl="62" sc="9" el="62" ec="10" bec="0" bev="0" fileid="3" />
                <SequencePoint vc="1" uspid="104" ordinal="1" offset="1" sl="63" sc="13" el="63" ec="63" bec="0" bev="0" fileid="3" />
                <SequencePoint vc="1" uspid="105" ordinal="2" offset="18" sl="64" sc="13" el="64" ec="71" bec="0" bev="0" fileid="3" />
                <SequencePoint vc="1" uspid="106" ordinal="3" offset="40" sl="65" sc="9" el="65" ec="10" bec="0" bev="0" fileid="3" />
              </SequencePoints>
              <BranchPoints />
              <MethodPoint xsi:type="SequencePoint" vc="1" uspid="103" ordinal="0" offset="0" sl="62" sc="9" el="62" ec="10" bec="0" bev="0" fileid="3" />
            </Method>
            <Method visited="true" cyclomaticComplexity="1" nPathComplexity="0" sequenceCoverage="100" branchCoverage="100" crapScore="1" isConstructor="false" isStatic="false" isGetter="false" isSetter="false">
              <Summary numSequencePoints="4" visitedSequencePoints="4" numBranchPoints="1" visitedBranchPoints="1" sequenceCoverage="100" branchCoverage="100" maxCyclomaticComplexity="1" minCyclomaticComplexity="1" maxCrapScore="1" minCrapScore="1" visitedClasses="0" numClasses="0" visitedMethods="1" numMethods="1" />
              <MetadataToken>100663317</MetadataToken>
              <Name>System.Void hw2.Tests.PresentationModelTests::TestYTextBoxTextChanged_InvalidNumber_ShouldSetColorRed()</Name>
              <FileRef uid="3" />
              <SequencePoints>
                <SequencePoint vc="1" uspid="107" ordinal="0" offset="0" sl="68" sc="9" el="68" ec="10" bec="0" bev="0" fileid="3" />
                <SequencePoint vc="1" uspid="108" ordinal="1" offset="1" sl="69" sc="13" el="69" ec="63" bec="0" bev="0" fileid="3" />
                <SequencePoint vc="1" uspid="109" ordinal="2" offset="18" sl="70" sc="13" el="70" ec="71" bec="0" bev="0" fileid="3" />
                <SequencePoint vc="1" uspid="110" ordinal="3" offset="40" sl="71" sc="9" el="71" ec="10" bec="0" bev="0" fileid="3" />
              </SequencePoints>
              <BranchPoints />
              <MethodPoint xsi:type="SequencePoint" vc="1" uspid="107" ordinal="0" offset="0" sl="68" sc="9" el="68" ec="10" bec="0" bev="0" fileid="3" />
            </Method>
            <Method visited="true" cyclomaticComplexity="1" nPathComplexity="0" sequenceCoverage="100" branchCoverage="100" crapScore="1" isConstructor="false" isStatic="false" isGetter="false" isSetter="false">
              <Summary numSequencePoints="4" visitedSequencePoints="4" numBranchPoints="1" visitedBranchPoints="1" sequenceCoverage="100" branchCoverage="100" maxCyclomaticComplexity="1" minCyclomaticComplexity="1" maxCrapScore="1" minCrapScore="1" visitedClasses="0" numClasses="0" visitedMethods="1" numMethods="1" />
              <MetadataToken>100663318</MetadataToken>
              <Name>System.Void hw2.Tests.PresentationModelTests::TestHeightTextBoxTextChanged_InvalidNumber_ShouldSetColorRed()</Name>
              <FileRef uid="3" />
              <SequencePoints>
                <SequencePoint vc="1" uspid="111" ordinal="0" offset="0" sl="74" sc="9" el="74" ec="10" bec="0" bev="0" fileid="3" />
                <SequencePoint vc="1" uspid="112" ordinal="1" offset="1" sl="75" sc="13" el="75" ec="68" bec="0" bev="0" fileid="3" />
                <SequencePoint vc="1" uspid="113" ordinal="2" offset="18" sl="76" sc="13" el="76" ec="76" bec="0" bev="0" fileid="3" />
                <SequencePoint vc="1" uspid="114" ordinal="3" offset="40" sl="77" sc="9" el="77" ec="10" bec="0" bev="0" fileid="3" />
              </SequencePoints>
              <BranchPoints />
              <MethodPoint xsi:type="SequencePoint" vc="1" uspid="111" ordinal="0" offset="0" sl="74" sc="9" el="74" ec="10" bec="0" bev="0" fileid="3" />
            </Method>
            <Method visited="true" cyclomaticComplexity="1" nPathComplexity="0" sequenceCoverage="100" branchCoverage="100" crapScore="1" isConstructor="false" isStatic="false" isGetter="false" isSetter="false">
              <Summary numSequencePoints="4" visitedSequencePoints="4" numBranchPoints="1" visitedBranchPoints="1" sequenceCoverage="100" branchCoverage="100" maxCyclomaticComplexity="1" minCyclomaticComplexity="1" maxCrapScore="1" minCrapScore="1" visitedClasses="0" numClasses="0" visitedMethods="1" numMethods="1" />
              <MetadataToken>100663319</MetadataToken>
              <Name>System.Void hw2.Tests.PresentationModelTests::TestWidthTextBoxTextChanged_InvalidNumber_ShouldSetColorRed()</Name>
              <FileRef uid="3" />
              <SequencePoints>
                <SequencePoint vc="1" uspid="115" ordinal="0" offset="0" sl="80" sc="9" el="80" ec="10" bec="0" bev="0" fileid="3" />
                <SequencePoint vc="1" uspid="116" ordinal="1" offset="1" sl="81" sc="13" el="81" ec="67" bec="0" bev="0" fileid="3" />
                <SequencePoint vc="1" uspid="117" ordinal="2" offset="18" sl="82" sc="13" el="82" ec="75" bec="0" bev="0" fileid="3" />
                <SequencePoint vc="1" uspid="118" ordinal="3" offset="40" sl="83" sc="9" el="83" ec="10" bec="0" bev="0" fileid="3" />
              </SequencePoints>
              <BranchPoints />
              <MethodPoint xsi:type="SequencePoint" vc="1" uspid="115" ordinal="0" offset="0" sl="80" sc="9" el="80" ec="10" bec="0" bev="0" fileid="3" />
            </Method>
            <Method visited="true" cyclomaticComplexity="1" nPathComplexity="0" sequenceCoverage="100" branchCoverage="100" crapScore="1" isConstructor="false" isStatic="false" isGetter="false" isSetter="false">
              <Summary numSequencePoints="10" visitedSequencePoints="10" numBranchPoints="1" visitedBranchPoints="1" sequenceCoverage="100" branchCoverage="100" maxCyclomaticComplexity="1" minCyclomaticComplexity="1" maxCrapScore="1" minCrapScore="1" visitedClasses="0" numClasses="0" visitedMethods="1" numMethods="1" />
              <MetadataToken>100663320</MetadataToken>
              <Name>System.Void hw2.Tests.PresentationModelTests::TestCheckAllCorrect_AllValid_ShouldEnableAddButton()</Name>
              <FileRef uid="3" />
              <SequencePoints>
                <SequencePoint vc="1" uspid="119" ordinal="0" offset="0" sl="94" sc="9" el="94" ec="10" bec="0" bev="0" fileid="3" />
                <SequencePoint vc="1" uspid="120" ordinal="1" offset="1" sl="95" sc="13" el="95" ec="61" bec="0" bev="0" fileid="3" />
                <SequencePoint vc="1" uspid="121" ordinal="2" offset="14" sl="96" sc="13" el="96" ec="69" bec="0" bev="0" fileid="3" />
                <SequencePoint vc="1" uspid="122" ordinal="3" offset="31" sl="97" sc="13" el="97" ec="59" bec="0" bev="0" fileid="3" />
                <SequencePoint vc="1" uspid="123" ordinal="4" offset="48" sl="98" sc="13" el="98" ec="59" bec="0" bev="0" fileid="3" />
                <SequencePoint vc="1" uspid="124" ordinal="5" offset="65" sl="99" sc="13" el="99" ec="63" bec="0" bev="0" fileid="3" />
                <SequencePoint vc="1" uspid="125" ordinal="6" offset="82" sl="100" sc="13" el="100" ec="62" bec="0" bev="0" fileid="3" />
                <SequencePoint vc="1" uspid="126" ordinal="7" offset="99" sl="102" sc="13" el="102" ec="50" bec="0" bev="0" fileid="3" />
                <SequencePoint vc="1" uspid="127" ordinal="8" offset="111" sl="104" sc="13" el="104" ec="66" bec="0" bev="0" fileid="3" />
                <SequencePoint vc="1" uspid="128" ordinal="9" offset="128" sl="105" sc="9" el="105" ec="10" bec="0" bev="0" fileid="3" />
              </SequencePoints>
              <BranchPoints />
              <MethodPoint xsi:type="SequencePoint" vc="1" uspid="119" ordinal="0" offset="0" sl="94" sc="9" el="94" ec="10" bec="0" bev="0" fileid="3" />
            </Method>
            <Method visited="true" cyclomaticComplexity="1" nPathComplexity="0" sequenceCoverage="100" branchCoverage="100" crapScore="1" isConstructor="false" isStatic="false" isGetter="false" isSetter="false">
              <Summary numSequencePoints="10" visitedSequencePoints="10" numBranchPoints="1" visitedBranchPoints="1" sequenceCoverage="100" branchCoverage="100" maxCyclomaticComplexity="1" minCyclomaticComplexity="1" maxCrapScore="1" minCrapScore="1" visitedClasses="0" numClasses="0" visitedMethods="1" numMethods="1" />
              <MetadataToken>100663321</MetadataToken>
              <Name>System.Void hw2.Tests.PresentationModelTests::TestCheckAllCorrect_InvalidInput_ShouldDisableAddButton()</Name>
              <FileRef uid="3" />
              <SequencePoints>
                <SequencePoint vc="1" uspid="129" ordinal="0" offset="0" sl="109" sc="9" el="109" ec="10" bec="0" bev="0" fileid="3" />
                <SequencePoint vc="1" uspid="130" ordinal="1" offset="1" sl="110" sc="13" el="110" ec="62" bec="0" bev="0" fileid="3" />
                <SequencePoint vc="1" uspid="131" ordinal="2" offset="14" sl="111" sc="13" el="111" ec="59" bec="0" bev="0" fileid="3" />
                <SequencePoint vc="1" uspid="132" ordinal="3" offset="31" sl="112" sc="13" el="112" ec="59" bec="0" bev="0" fileid="3" />
                <SequencePoint vc="1" uspid="133" ordinal="4" offset="48" sl="113" sc="13" el="113" ec="59" bec="0" bev="0" fileid="3" />
                <SequencePoint vc="1" uspid="134" ordinal="5" offset="65" sl="114" sc="13" el="114" ec="63" bec="0" bev="0" fileid="3" />
                <SequencePoint vc="1" uspid="135" ordinal="6" offset="82" sl="115" sc="13" el="115" ec="62" bec="0" bev="0" fileid="3" />
                <SequencePoint vc="1" uspid="136" ordinal="7" offset="99" sl="117" sc="13" el="117" ec="50" bec="0" bev="0" fileid="3" />
                <SequencePoint vc="1" uspid="137" ordinal="8" offset="111" sl="119" sc="13" el="119" ec="67" bec="0" bev="0" fileid="3" />
                <SequencePoint vc="1" uspid="138" ordinal="9" offset="128" sl="120" sc="9" el="120" ec="10" bec="0" bev="0" fileid="3" />
              </SequencePoints>
              <BranchPoints />
              <MethodPoint xsi:type="SequencePoint" vc="1" uspid="129" ordinal="0" offset="0" sl="109" sc="9" el="109" ec="10" bec="0" bev="0" fileid="3" />
            </Method>
            <Method visited="false" cyclomaticComplexity="1" nPathComplexity="0" sequenceCoverage="0" branchCoverage="0" crapScore="2" isConstructor="true" isStatic="false" isGetter="false" isSetter="false">
              <Summary numSequencePoints="0" visitedSequencePoints="0" numBranchPoints="0" visitedBranchPoints="0" sequenceCoverage="0" branchCoverage="0" maxCyclomaticComplexity="1" minCyclomaticComplexity="1" maxCrapScore="2" minCrapScore="2" visitedClasses="0" numClasses="0" visitedMethods="0" numMethods="0" />
              <MetadataToken>100663322</MetadataToken>
              <Name>System.Void hw2.Tests.PresentationModelTests::.ctor()</Name>
              <SequencePoints />
              <BranchPoints />
              <MethodPoint vc="0" uspid="139" ordinal="0" offset="0" />
            </Method>
          </Methods>
        </Class>
      </Classes>
    </Module>
    <Module hash="2A-94-DE-86-83-18-B5-35-39-6C-78-8C-DC-0D-AC-6E-E5-1B-2E-E7">
      <Summary numSequencePoints="1471" visitedSequencePoints="320" numBranchPoints="362" visitedBranchPoints="109" sequenceCoverage="21.75" branchCoverage="30.11" maxCyclomaticComplexity="12" minCyclomaticComplexity="1" maxCrapScore="124.13" minCrapScore="1" visitedClasses="12" numClasses="26" visitedMethods="69" numMethods="188" />
      <ModulePath>C:\Users\rewqa\Desktop\視窗\git\window_form_program_hw\hw2Tests\bin\Debug\fine-code-coverage\build-output\hw2.exe</ModulePath>
      <ModuleTime>2024-12-17T04:55:50.6064512Z</ModuleTime>
      <ModuleName>hw2</ModuleName>
      <Files>
        <File uid="7" fullPath="C:\Users\rewqa\Desktop\視窗\git\window_form_program_hw\window_form_program\ChangeTextForm.Designer.cs" />
        <File uid="8" fullPath="C:\Users\rewqa\Desktop\視窗\git\window_form_program_hw\window_form_program\ChangeTextForm.cs" />
        <File uid="9" fullPath="C:\Users\rewqa\Desktop\視窗\git\window_form_program_hw\window_form_program\Command\TextChangedCommand.cs" />
        <File uid="10" fullPath="C:\Users\rewqa\Desktop\視窗\git\window_form_program_hw\window_form_program\Command\CommandManager.cs" />
        <File uid="11" fullPath="C:\Users\rewqa\Desktop\視窗\git\window_form_program_hw\window_form_program\Command\DeleteCommand.cs" />
        <File uid="12" fullPath="C:\Users\rewqa\Desktop\視窗\git\window_form_program_hw\window_form_program\Command\DrawCommand.cs" />
        <File uid="13" fullPath="C:\Users\rewqa\Desktop\視窗\git\window_form_program_hw\window_form_program\Command\TextMoveCommand.cs" />
        <File uid="14" fullPath="C:\Users\rewqa\Desktop\視窗\git\window_form_program_hw\window_form_program\DoubleBufferedPanel.cs" />
        <File uid="15" fullPath="C:\Users\rewqa\Desktop\視窗\git\window_form_program_hw\window_form_program\State\DrawingLineState.cs" />
        <File uid="16" fullPath="C:\Users\rewqa\Desktop\視窗\git\window_form_program_hw\window_form_program\State\DrawingState.cs" />
        <File uid="17" fullPath="C:\Users\rewqa\Desktop\視窗\git\window_form_program_hw\window_form_program\Shape\factory.cs" />
        <File uid="18" fullPath="C:\Users\rewqa\Desktop\視窗\git\window_form_program_hw\window_form_program\Form1.cs" />
        <File uid="19" fullPath="C:\Users\rewqa\Desktop\視窗\git\window_form_program_hw\window_form_program\Form1.Designer.cs" />
        <File uid="20" fullPath="C:\Users\rewqa\Desktop\視窗\git\window_form_program_hw\window_form_program\State\GeneralState.cs" />
        <File uid="21" fullPath="C:\Users\rewqa\Desktop\視窗\git\window_form_program_hw\window_form_program\Model.cs" />
        <File uid="22" fullPath="C:\Users\rewqa\Desktop\視窗\git\window_form_program_hw\window_form_program\PresentationModel\PresentationModel.cs" />
        <File uid="23" fullPath="C:\Users\rewqa\Desktop\視窗\git\window_form_program_hw\window_form_program\PresentationModel\WindowsFormsGraphicsAdaptor.cs" />
        <File uid="24" fullPath="C:\Users\rewqa\Desktop\視窗\git\window_form_program_hw\window_form_program\Program.cs" />
        <File uid="25" fullPath="C:\Users\rewqa\Desktop\視窗\git\window_form_program_hw\window_form_program\RandomStringBuilder.cs" />
        <File uid="26" fullPath="C:\Users\rewqa\Desktop\視窗\git\window_form_program_hw\window_form_program\Shape\Shapes.cs" />
        <File uid="34" fullPath="C:\Users\rewqa\Desktop\視窗\git\window_form_program_hw\window_form_program\Command\MoveCommand.cs" />
      </Files>
      <Classes>
        <Class>
          <Summary numSequencePoints="65" visitedSequencePoints="0" numBranchPoints="11" visitedBranchPoints="0" sequenceCoverage="0" branchCoverage="0" maxCyclomaticComplexity="3" minCyclomaticComplexity="1" maxCrapScore="12" minCrapScore="2" visitedClasses="0" numClasses="1" visitedMethods="0" numMethods="7" />
          <FullName>hw2.ChangeTextForm</FullName>
          <Methods>
            <Method visited="false" cyclomaticComplexity="1" nPathComplexity="0" sequenceCoverage="0" branchCoverage="0" crapScore="2" isConstructor="true" isStatic="false" isGetter="false" isSetter="false">
              <Summary numSequencePoints="8" visitedSequencePoints="0" numBranchPoints="1" visitedBranchPoints="0" sequenceCoverage="0" branchCoverage="0" maxCyclomaticComplexity="1" minCyclomaticComplexity="1" maxCrapScore="2" minCrapScore="2" visitedClasses="0" numClasses="0" visitedMethods="0" numMethods="1" />
              <MetadataToken>100663297</MetadataToken>
              <Name>System.Void hw2.ChangeTextForm::.ctor()</Name>
              <FileRef uid="7" />
              <SequencePoints>
                <SequencePoint vc="0" uspid="140" ordinal="0" offset="0" sl="8" sc="9" el="8" ec="68" bec="0" bev="0" fileid="7" />
                <SequencePoint vc="0" uspid="141" ordinal="1" offset="7" sl="15" sc="9" el="15" ec="32" bec="0" bev="0" fileid="8" />
                <SequencePoint vc="0" uspid="142" ordinal="2" offset="14" sl="16" sc="9" el="16" ec="10" bec="0" bev="0" fileid="8" />
                <SequencePoint vc="0" uspid="143" ordinal="3" offset="15" sl="17" sc="13" el="17" ec="35" bec="0" bev="0" fileid="8" />
                <SequencePoint vc="0" uspid="144" ordinal="4" offset="22" sl="18" sc="13" el="18" ec="43" bec="0" bev="0" fileid="8" />
                <SequencePoint vc="0" uspid="145" ordinal="5" offset="35" sl="19" sc="13" el="19" ec="48" bec="0" bev="0" fileid="8" />
                <SequencePoint vc="0" uspid="146" ordinal="6" offset="59" sl="20" sc="13" el="20" ec="42" bec="0" bev="0" fileid="8" />
                <SequencePoint vc="0" uspid="147" ordinal="7" offset="72" sl="21" sc="9" el="21" ec="10" bec="0" bev="0" fileid="8" />
              </SequencePoints>
              <BranchPoints />
              <MethodPoint xsi:type="SequencePoint" vc="0" uspid="140" ordinal="0" offset="0" sl="8" sc="9" el="8" ec="68" bec="0" bev="0" fileid="7" />
            </Method>
            <Method visited="false" cyclomaticComplexity="1" nPathComplexity="0" sequenceCoverage="0" branchCoverage="0" crapScore="2" isConstructor="false" isStatic="false" isGetter="false" isSetter="false">
              <Summary numSequencePoints="4" visitedSequencePoints="0" numBranchPoints="1" visitedBranchPoints="0" sequenceCoverage="0" branchCoverage="0" maxCyclomaticComplexity="1" minCyclomaticComplexity="1" maxCrapScore="2" minCrapScore="2" visitedClasses="0" numClasses="0" visitedMethods="0" numMethods="1" />
              <MetadataToken>100663298</MetadataToken>
              <Name>System.Void hw2.ChangeTextForm::ConfirmButton_Click(System.Object,System.EventArgs)</Name>
              <FileRef uid="8" />
              <SequencePoints>
                <SequencePoint vc="0" uspid="148" ordinal="0" offset="0" sl="24" sc="9" el="24" ec="10" bec="0" bev="0" fileid="8" />
                <SequencePoint vc="0" uspid="149" ordinal="1" offset="1" sl="25" sc="13" el="25" ec="44" bec="0" bev="0" fileid="8" />
                <SequencePoint vc="0" uspid="150" ordinal="2" offset="9" sl="27" sc="13" el="27" ec="21" bec="0" bev="0" fileid="8" />
                <SequencePoint vc="0" uspid="151" ordinal="3" offset="16" sl="28" sc="9" el="28" ec="10" bec="0" bev="0" fileid="8" />
              </SequencePoints>
              <BranchPoints />
              <MethodPoint xsi:type="SequencePoint" vc="0" uspid="148" ordinal="0" offset="0" sl="24" sc="9" el="24" ec="10" bec="0" bev="0" fileid="8" />
            </Method>
            <Method visited="false" cyclomaticComplexity="1" nPathComplexity="0" sequenceCoverage="0" branchCoverage="0" crapScore="2" isConstructor="false" isStatic="false" isGetter="false" isSetter="false">
              <Summary numSequencePoints="4" visitedSequencePoints="0" numBranchPoints="1" visitedBranchPoints="0" sequenceCoverage="0" branchCoverage="0" maxCyclomaticComplexity="1" minCyclomaticComplexity="1" maxCrapScore="2" minCrapScore="2" visitedClasses="0" numClasses="0" visitedMethods="0" numMethods="1" />
              <MetadataToken>100663299</MetadataToken>
              <Name>System.Void hw2.ChangeTextForm::CancelButton_Click(System.Object,System.EventArgs)</Name>
              <FileRef uid="8" />
              <SequencePoints>
                <SequencePoint vc="0" uspid="152" ordinal="0" offset="0" sl="31" sc="9" el="31" ec="10" bec="0" bev="0" fileid="8" />
                <SequencePoint vc="0" uspid="153" ordinal="1" offset="1" sl="32" sc="13" el="32" ec="48" bec="0" bev="0" fileid="8" />
                <SequencePoint vc="0" uspid="154" ordinal="2" offset="9" sl="33" sc="13" el="33" ec="21" bec="0" bev="0" fileid="8" />
                <SequencePoint vc="0" uspid="155" ordinal="3" offset="16" sl="34" sc="9" el="34" ec="10" bec="0" bev="0" fileid="8" />
              </SequencePoints>
              <BranchPoints />
              <MethodPoint xsi:type="SequencePoint" vc="0" uspid="152" ordinal="0" offset="0" sl="31" sc="9" el="31" ec="10" bec="0" bev="0" fileid="8" />
            </Method>
            <Method visited="false" cyclomaticComplexity="1" nPathComplexity="0" sequenceCoverage="0" branchCoverage="0" crapScore="2" isConstructor="false" isStatic="false" isGetter="false" isSetter="false">
              <Summary numSequencePoints="3" visitedSequencePoints="0" numBranchPoints="1" visitedBranchPoints="0" sequenceCoverage="0" branchCoverage="0" maxCyclomaticComplexity="1" minCyclomaticComplexity="1" maxCrapScore="2" minCrapScore="2" visitedClasses="0" numClasses="0" visitedMethods="0" numMethods="1" />
              <MetadataToken>100663300</MetadataToken>
              <Name>System.Void hw2.ChangeTextForm::TextChange(System.Object,System.EventArgs)</Name>
              <FileRef uid="8" />
              <SequencePoints>
                <SequencePoint vc="0" uspid="156" ordinal="0" offset="0" sl="36" sc="9" el="36" ec="10" bec="0" bev="0" fileid="8" />
                <SequencePoint vc="0" uspid="157" ordinal="1" offset="1" sl="37" sc="13" el="37" ec="40" bec="0" bev="0" fileid="8" />
                <SequencePoint vc="0" uspid="158" ordinal="2" offset="14" sl="38" sc="9" el="38" ec="10" bec="0" bev="0" fileid="8" />
              </SequencePoints>
              <BranchPoints />
              <MethodPoint xsi:type="SequencePoint" vc="0" uspid="156" ordinal="0" offset="0" sl="36" sc="9" el="36" ec="10" bec="0" bev="0" fileid="8" />
            </Method>
            <Method visited="false" cyclomaticComplexity="1" nPathComplexity="0" sequenceCoverage="0" branchCoverage="0" crapScore="2" isConstructor="false" isStatic="false" isGetter="false" isSetter="false">
              <Summary numSequencePoints="3" visitedSequencePoints="0" numBranchPoints="1" visitedBranchPoints="0" sequenceCoverage="0" branchCoverage="0" maxCyclomaticComplexity="1" minCyclomaticComplexity="1" maxCrapScore="2" minCrapScore="2" visitedClasses="0" numClasses="0" visitedMethods="0" numMethods="1" />
              <MetadataToken>100663301</MetadataToken>
              <Name>System.String hw2.ChangeTextForm::GetText()</Name>
              <FileRef uid="8" />
              <SequencePoints>
                <SequencePoint vc="0" uspid="159" ordinal="0" offset="0" sl="41" sc="9" el="41" ec="10" bec="0" bev="0" fileid="8" />
                <SequencePoint vc="0" uspid="160" ordinal="1" offset="1" sl="42" sc="13" el="42" ec="45" bec="0" bev="0" fileid="8" />
                <SequencePoint vc="0" uspid="161" ordinal="2" offset="20" sl="43" sc="9" el="43" ec="10" bec="0" bev="0" fileid="8" />
              </SequencePoints>
              <BranchPoints />
              <MethodPoint xsi:type="SequencePoint" vc="0" uspid="159" ordinal="0" offset="0" sl="41" sc="9" el="41" ec="10" bec="0" bev="0" fileid="8" />
            </Method>
            <Method visited="false" cyclomaticComplexity="3" nPathComplexity="4" sequenceCoverage="0" branchCoverage="0" crapScore="12" isConstructor="false" isStatic="false" isGetter="false" isSetter="false">
              <Summary numSequencePoints="7" visitedSequencePoints="0" numBranchPoints="5" visitedBranchPoints="0" sequenceCoverage="0" branchCoverage="0" maxCyclomaticComplexity="3" minCyclomaticComplexity="3" maxCrapScore="12" minCrapScore="12" visitedClasses="0" numClasses="0" visitedMethods="0" numMethods="1" />
              <MetadataToken>100663302</MetadataToken>
              <Name>System.Void hw2.ChangeTextForm::Dispose(System.Boolean)</Name>
              <FileRef uid="7" />
              <SequencePoints>
                <SequencePoint vc="0" uspid="162" ordinal="0" offset="0" sl="15" sc="9" el="15" ec="10" bec="0" bev="0" fileid="7" />
                <SequencePoint vc="0" uspid="163" ordinal="1" offset="1" sl="16" sc="13" el="16" ec="51" bec="4" bev="0" fileid="7" />
                <SequencePoint vc="0" uspid="164" ordinal="2" offset="20" sl="17" sc="13" el="17" ec="14" bec="0" bev="0" fileid="7" />
                <SequencePoint vc="0" uspid="165" ordinal="3" offset="21" sl="18" sc="17" el="18" ec="38" bec="0" bev="0" fileid="7" />
                <SequencePoint vc="0" uspid="166" ordinal="4" offset="33" sl="19" sc="13" el="19" ec="14" bec="0" bev="0" fileid="7" />
                <SequencePoint vc="0" uspid="167" ordinal="5" offset="34" sl="20" sc="13" el="20" ec="37" bec="0" bev="0" fileid="7" />
                <SequencePoint vc="0" uspid="168" ordinal="6" offset="42" sl="21" sc="9" el="21" ec="10" bec="0" bev="0" fileid="7" />
              </SequencePoints>
              <BranchPoints>
                <BranchPoint vc="0" uspid="169" ordinal="0" offset="2" sl="16" path="0" offsetend="4" fileid="7" />
                <BranchPoint vc="0" uspid="170" ordinal="1" offset="2" sl="16" path="1" offsetend="15" fileid="7" />
                <BranchPoint vc="0" uspid="171" ordinal="2" offset="18" sl="16" path="0" offsetend="20" fileid="7" />
                <BranchPoint vc="0" uspid="172" ordinal="3" offset="18" sl="16" path="1" offsetend="34" fileid="7" />
              </BranchPoints>
              <MethodPoint xsi:type="SequencePoint" vc="0" uspid="162" ordinal="0" offset="0" sl="15" sc="9" el="15" ec="10" bec="0" bev="0" fileid="7" />
            </Method>
            <Method visited="false" cyclomaticComplexity="1" nPathComplexity="0" sequenceCoverage="0" branchCoverage="0" crapScore="2" isConstructor="false" isStatic="false" isGetter="false" isSetter="false">
              <Summary numSequencePoints="36" visitedSequencePoints="0" numBranchPoints="1" visitedBranchPoints="0" sequenceCoverage="0" branchCoverage="0" maxCyclomaticComplexity="1" minCyclomaticComplexity="1" maxCrapScore="2" minCrapScore="2" visitedClasses="0" numClasses="0" visitedMethods="0" numMethods="1" />
              <MetadataToken>100663303</MetadataToken>
              <Name>System.Void hw2.ChangeTextForm::InitializeComponent()</Name>
              <FileRef uid="7" />
              <SequencePoints>
                <SequencePoint vc="0" uspid="173" ordinal="0" offset="0" sl="30" sc="9" el="30" ec="10" bec="0" bev="0" fileid="7" />
                <SequencePoint vc="0" uspid="174" ordinal="1" offset="1" sl="31" sc="13" el="31" ec="64" bec="0" bev="0" fileid="7" />
                <SequencePoint vc="0" uspid="175" ordinal="2" offset="12" sl="32" sc="13" el="32" ec="68" bec="0" bev="0" fileid="7" />
                <SequencePoint vc="0" uspid="176" ordinal="3" offset="23" sl="33" sc="13" el="33" ec="67" bec="0" bev="0" fileid="7" />
                <SequencePoint vc="0" uspid="177" ordinal="4" offset="34" sl="34" sc="13" el="34" ec="34" bec="0" bev="0" fileid="7" />
                <SequencePoint vc="0" uspid="178" ordinal="5" offset="41" sl="38" sc="13" el="38" ec="71" bec="0" bev="0" fileid="7" />
                <SequencePoint vc="0" uspid="179" ordinal="6" offset="62" sl="39" sc="13" el="39" ec="45" bec="0" bev="0" fileid="7" />
                <SequencePoint vc="0" uspid="180" ordinal="7" offset="79" sl="40" sc="13" el="40" ec="67" bec="0" bev="0" fileid="7" />
                <SequencePoint vc="0" uspid="181" ordinal="8" offset="100" sl="41" sc="13" el="41" ec="40" bec="0" bev="0" fileid="7" />
                <SequencePoint vc="0" uspid="182" ordinal="9" offset="113" sl="46" sc="13" el="46" ec="77" bec="0" bev="0" fileid="7" />
                <SequencePoint vc="0" uspid="183" ordinal="10" offset="137" sl="47" sc="13" el="47" ec="55" bec="0" bev="0" fileid="7" />
                <SequencePoint vc="0" uspid="184" ordinal="11" offset="154" sl="48" sc="13" el="48" ec="71" bec="0" bev="0" fileid="7" />
                <SequencePoint vc="0" uspid="185" ordinal="12" offset="175" sl="49" sc="13" el="49" ec="45" bec="0" bev="0" fileid="7" />
                <SequencePoint vc="0" uspid="186" ordinal="13" offset="188" sl="50" sc="13" el="50" ec="44" bec="0" bev="0" fileid="7" />
                <SequencePoint vc="0" uspid="187" ordinal="14" offset="205" sl="51" sc="13" el="51" ec="63" bec="0" bev="0" fileid="7" />
                <SequencePoint vc="0" uspid="188" ordinal="15" offset="218" sl="52" sc="13" el="52" ec="91" bec="0" bev="0" fileid="7" />
                <SequencePoint vc="0" uspid="189" ordinal="16" offset="242" sl="56" sc="13" el="56" ec="77" bec="0" bev="0" fileid="7" />
                <SequencePoint vc="0" uspid="190" ordinal="17" offset="269" sl="57" sc="13" el="57" ec="53" bec="0" bev="0" fileid="7" />
                <SequencePoint vc="0" uspid="191" ordinal="18" offset="286" sl="58" sc="13" el="58" ec="70" bec="0" bev="0" fileid="7" />
                <SequencePoint vc="0" uspid="192" ordinal="19" offset="307" sl="59" sc="13" el="59" ec="44" bec="0" bev="0" fileid="7" />
                <SequencePoint vc="0" uspid="193" ordinal="20" offset="320" sl="60" sc="13" el="60" ec="43" bec="0" bev="0" fileid="7" />
                <SequencePoint vc="0" uspid="194" ordinal="21" offset="337" sl="61" sc="13" el="61" ec="62" bec="0" bev="0" fileid="7" />
                <SequencePoint vc="0" uspid="195" ordinal="22" offset="350" sl="62" sc="13" el="62" ec="89" bec="0" bev="0" fileid="7" />
                <SequencePoint vc="0" uspid="196" ordinal="23" offset="374" sl="66" sc="13" el="66" ec="74" bec="0" bev="0" fileid="7" />
                <SequencePoint vc="0" uspid="197" ordinal="24" offset="396" sl="67" sc="13" el="67" ec="74" bec="0" bev="0" fileid="7" />
                <SequencePoint vc="0" uspid="198" ordinal="25" offset="404" sl="68" sc="13" el="68" ec="65" bec="0" bev="0" fileid="7" />
                <SequencePoint vc="0" uspid="199" ordinal="26" offset="426" sl="69" sc="13" el="69" ec="50" bec="0" bev="0" fileid="7" />
                <SequencePoint vc="0" uspid="200" ordinal="27" offset="444" sl="70" sc="13" el="70" ec="51" bec="0" bev="0" fileid="7" />
                <SequencePoint vc="0" uspid="201" ordinal="28" offset="462" sl="71" sc="13" el="71" ec="46" bec="0" bev="0" fileid="7" />
                <SequencePoint vc="0" uspid="202" ordinal="29" offset="480" sl="72" sc="13" el="72" ec="38" bec="0" bev="0" fileid="7" />
                <SequencePoint vc="0" uspid="203" ordinal="30" offset="488" sl="73" sc="13" el="73" ec="38" bec="0" bev="0" fileid="7" />
                <SequencePoint vc="0" uspid="204" ordinal="31" offset="496" sl="74" sc="13" el="74" ec="42" bec="0" bev="0" fileid="7" />
                <SequencePoint vc="0" uspid="205" ordinal="32" offset="508" sl="75" sc="13" el="75" ec="34" bec="0" bev="0" fileid="7" />
                <SequencePoint vc="0" uspid="206" ordinal="33" offset="520" sl="76" sc="13" el="76" ec="38" bec="0" bev="0" fileid="7" />
                <SequencePoint vc="0" uspid="207" ordinal="34" offset="528" sl="77" sc="13" el="77" ec="34" bec="0" bev="0" fileid="7" />
                <SequencePoint vc="0" uspid="208" ordinal="35" offset="535" sl="79" sc="9" el="79" ec="10" bec="0" bev="0" fileid="7" />
              </SequencePoints>
              <BranchPoints />
              <MethodPoint xsi:type="SequencePoint" vc="0" uspid="173" ordinal="0" offset="0" sl="30" sc="9" el="30" ec="10" bec="0" bev="0" fileid="7" />
            </Method>
          </Methods>
        </Class>
        <Class>
          <Summary numSequencePoints="13" visitedSequencePoints="0" numBranchPoints="3" visitedBranchPoints="0" sequenceCoverage="0" branchCoverage="0" maxCyclomaticComplexity="1" minCyclomaticComplexity="1" maxCrapScore="2" minCrapScore="2" visitedClasses="0" numClasses="1" visitedMethods="0" numMethods="3" />
          <FullName>hw2.TextChangedCommand</FullName>
          <Methods>
            <Method visited="false" cyclomaticComplexity="1" nPathComplexity="0" sequenceCoverage="0" branchCoverage="0" crapScore="2" isConstructor="true" isStatic="false" isGetter="false" isSetter="false">
              <Summary numSequencePoints="7" visitedSequencePoints="0" numBranchPoints="1" visitedBranchPoints="0" sequenceCoverage="0" branchCoverage="0" maxCyclomaticComplexity="1" minCyclomaticComplexity="1" maxCrapScore="2" minCrapScore="2" visitedClasses="0" numClasses="0" visitedMethods="0" numMethods="1" />
              <MetadataToken>100663304</MetadataToken>
              <Name>System.Void hw2.TextChangedCommand::.ctor(hw2.Model,hw2.Shape,System.String)</Name>
              <FileRef uid="9" />
              <SequencePoints>
                <SequencePoint vc="0" uspid="209" ordinal="0" offset="0" sl="15" sc="9" el="15" ec="68" bec="0" bev="0" fileid="9" />
                <SequencePoint vc="0" uspid="210" ordinal="1" offset="7" sl="16" sc="9" el="16" ec="10" bec="0" bev="0" fileid="9" />
                <SequencePoint vc="0" uspid="211" ordinal="2" offset="8" sl="17" sc="13" el="17" ec="32" bec="0" bev="0" fileid="9" />
                <SequencePoint vc="0" uspid="212" ordinal="3" offset="15" sl="18" sc="13" el="18" ec="23" bec="0" bev="0" fileid="9" />
                <SequencePoint vc="0" uspid="213" ordinal="4" offset="22" sl="19" sc="13" el="19" ec="42" bec="0" bev="0" fileid="9" />
                <SequencePoint vc="0" uspid="214" ordinal="5" offset="34" sl="20" sc="13" el="20" ec="35" bec="0" bev="0" fileid="9" />
                <SequencePoint vc="0" uspid="215" ordinal="6" offset="41" sl="21" sc="9" el="21" ec="10" bec="0" bev="0" fileid="9" />
              </SequencePoints>
              <BranchPoints />
              <MethodPoint xsi:type="SequencePoint" vc="0" uspid="209" ordinal="0" offset="0" sl="15" sc="9" el="15" ec="68" bec="0" bev="0" fileid="9" />
            </Method>
            <Method visited="false" cyclomaticComplexity="1" nPathComplexity="0" sequenceCoverage="0" branchCoverage="0" crapScore="2" isConstructor="false" isStatic="false" isGetter="false" isSetter="false">
              <Summary numSequencePoints="3" visitedSequencePoints="0" numBranchPoints="1" visitedBranchPoints="0" sequenceCoverage="0" branchCoverage="0" maxCyclomaticComplexity="1" minCyclomaticComplexity="1" maxCrapScore="2" minCrapScore="2" visitedClasses="0" numClasses="0" visitedMethods="0" numMethods="1" />
              <MetadataToken>100663305</MetadataToken>
              <Name>System.Void hw2.TextChangedCommand::Execute()</Name>
              <FileRef uid="9" />
              <SequencePoints>
                <SequencePoint vc="0" uspid="216" ordinal="0" offset="0" sl="24" sc="9" el="24" ec="10" bec="0" bev="0" fileid="9" />
                <SequencePoint vc="0" uspid="217" ordinal="1" offset="1" sl="25" sc="13" el="25" ec="36" bec="0" bev="0" fileid="9" />
                <SequencePoint vc="0" uspid="218" ordinal="2" offset="19" sl="26" sc="9" el="26" ec="10" bec="0" bev="0" fileid="9" />
              </SequencePoints>
              <BranchPoints />
              <MethodPoint xsi:type="SequencePoint" vc="0" uspid="216" ordinal="0" offset="0" sl="24" sc="9" el="24" ec="10" bec="0" bev="0" fileid="9" />
            </Method>
            <Method visited="false" cyclomaticComplexity="1" nPathComplexity="0" sequenceCoverage="0" branchCoverage="0" crapScore="2" isConstructor="false" isStatic="false" isGetter="false" isSetter="false">
              <Summary numSequencePoints="3" visitedSequencePoints="0" numBranchPoints="1" visitedBranchPoints="0" sequenceCoverage="0" branchCoverage="0" maxCyclomaticComplexity="1" minCyclomaticComplexity="1" maxCrapScore="2" minCrapScore="2" visitedClasses="0" numClasses="0" visitedMethods="0" numMethods="1" />
              <MetadataToken>100663306</MetadataToken>
              <Name>System.Void hw2.TextChangedCommand::UnExecute()</Name>
              <FileRef uid="9" />
              <SequencePoints>
                <SequencePoint vc="0" uspid="219" ordinal="0" offset="0" sl="29" sc="9" el="29" ec="10" bec="0" bev="0" fileid="9" />
                <SequencePoint vc="0" uspid="220" ordinal="1" offset="1" sl="30" sc="13" el="30" ec="37" bec="0" bev="0" fileid="9" />
                <SequencePoint vc="0" uspid="221" ordinal="2" offset="19" sl="31" sc="9" el="31" ec="10" bec="0" bev="0" fileid="9" />
              </SequencePoints>
              <BranchPoints />
              <MethodPoint xsi:type="SequencePoint" vc="0" uspid="219" ordinal="0" offset="0" sl="29" sc="9" el="29" ec="10" bec="0" bev="0" fileid="9" />
            </Method>
          </Methods>
        </Class>
        <Class>
          <Summary numSequencePoints="28" visitedSequencePoints="8" numBranchPoints="12" visitedBranchPoints="3" sequenceCoverage="28.57" branchCoverage="25" maxCyclomaticComplexity="3" minCyclomaticComplexity="1" maxCrapScore="6" minCrapScore="1" visitedClasses="1" numClasses="1" visitedMethods="2" numMethods="6" />
          <FullName>hw2.CommandManager</FullName>
          <Methods>
            <Method visited="false" cyclomaticComplexity="1" nPathComplexity="0" sequenceCoverage="0" branchCoverage="0" crapScore="2" isConstructor="false" isStatic="false" isGetter="true" isSetter="false">
              <Summary numSequencePoints="3" visitedSequencePoints="0" numBranchPoints="1" visitedBranchPoints="0" sequenceCoverage="0" branchCoverage="0" maxCyclomaticComplexity="1" minCyclomaticComplexity="1" maxCrapScore="2" minCrapScore="2" visitedClasses="0" numClasses="0" visitedMethods="0" numMethods="1" />
              <MetadataToken>100663310</MetadataToken>
              <Name>System.Boolean hw2.CommandManager::get_IsRedoEnabled()</Name>
              <FileRef uid="10" />
              <SequencePoints>
                <SequencePoint vc="0" uspid="222" ordinal="0" offset="0" sl="43" sc="13" el="43" ec="14" bec="0" bev="0" fileid="10" />
                <SequencePoint vc="0" uspid="223" ordinal="1" offset="1" sl="44" sc="17" el="44" ec="40" bec="0" bev="0" fileid="10" />
                <SequencePoint vc="0" uspid="224" ordinal="2" offset="18" sl="45" sc="13" el="45" ec="14" bec="0" bev="0" fileid="10" />
              </SequencePoints>
              <BranchPoints />
              <MethodPoint xsi:type="SequencePoint" vc="0" uspid="222" ordinal="0" offset="0" sl="43" sc="13" el="43" ec="14" bec="0" bev="0" fileid="10" />
            </Method>
            <Method visited="false" cyclomaticComplexity="1" nPathComplexity="0" sequenceCoverage="0" branchCoverage="0" crapScore="2" isConstructor="false" isStatic="false" isGetter="true" isSetter="false">
              <Summary numSequencePoints="3" visitedSequencePoints="0" numBranchPoints="1" visitedBranchPoints="0" sequenceCoverage="0" branchCoverage="0" maxCyclomaticComplexity="1" minCyclomaticComplexity="1" maxCrapScore="2" minCrapScore="2" visitedClasses="0" numClasses="0" visitedMethods="0" numMethods="1" />
              <MetadataToken>100663311</MetadataToken>
              <Name>System.Boolean hw2.CommandManager::get_IsUndoEnabled()</Name>
              <FileRef uid="10" />
              <SequencePoints>
                <SequencePoint vc="0" uspid="225" ordinal="0" offset="0" sl="51" sc="13" el="51" ec="14" bec="0" bev="0" fileid="10" />
                <SequencePoint vc="0" uspid="226" ordinal="1" offset="1" sl="52" sc="17" el="52" ec="40" bec="0" bev="0" fileid="10" />
                <SequencePoint vc="0" uspid="227" ordinal="2" offset="18" sl="53" sc="13" el="53" ec="14" bec="0" bev="0" fileid="10" />
              </SequencePoints>
              <BranchPoints />
              <MethodPoint xsi:type="SequencePoint" vc="0" uspid="225" ordinal="0" offset="0" sl="51" sc="13" el="51" ec="14" bec="0" bev="0" fileid="10" />
            </Method>
            <Method visited="true" cyclomaticComplexity="3" nPathComplexity="2" sequenceCoverage="100" branchCoverage="66.67" crapScore="3" isConstructor="false" isStatic="false" isGetter="false" isSetter="false">
              <Summary numSequencePoints="6" visitedSequencePoints="6" numBranchPoints="3" visitedBranchPoints="2" sequenceCoverage="100" branchCoverage="66.67" maxCyclomaticComplexity="3" minCyclomaticComplexity="3" maxCrapScore="3" minCrapScore="3" visitedClasses="0" numClasses="0" visitedMethods="1" numMethods="1" />
              <MetadataToken>100663307</MetadataToken>
              <Name>System.Void hw2.CommandManager::Execute(hw2.ICommand)</Name>
              <FileRef uid="10" />
              <SequencePoints>
                <SequencePoint vc="2" uspid="228" ordinal="0" offset="0" sl="15" sc="9" el="15" ec="10" bec="0" bev="0" fileid="10" />
[...]
          <FullName>hw2.Decision</FullName>
          <Methods>
            <Method visited="false" cyclomaticComplexity="1" nPathComplexity="0" sequenceCoverage="0" branchCoverage="0" crapScore="2" isConstructor="true" isStatic="false" isGetter="false" isSetter="false">
              <Summary numSequencePoints="4" visitedSequencePoints="0" numBranchPoints="1" visitedBranchPoints="0" sequenceCoverage="0" branchCoverage="0" maxCyclomaticComplexity="1" minCyclomaticComplexity="1" maxCrapScore="2" minCrapScore="2" visitedClasses="0" numClasses="0" visitedMethods="0" numMethods="1" />
              <MetadataToken>100663500</MetadataToken>
              <Name>System.Void hw2.Decision::.ctor()</Name>
              <FileRef uid="26" />
              <SequencePoints>
                <SequencePoint vc="0" uspid="1784" ordinal="0" offset="0" sl="215" sc="9" el="215" ec="26" bec="0" bev="0" fileid="26" />
                <SequencePoint vc="0" uspid="1785" ordinal="1" offset="7" sl="216" sc="9" el="216" ec="10" bec="0" bev="0" fileid="26" />
                <SequencePoint vc="0" uspid="1786" ordinal="2" offset="8" sl="217" sc="13" el="217" ec="36" bec="0" bev="0" fileid="26" />
                <SequencePoint vc="0" uspid="1787" ordinal="3" offset="20" sl="218" sc="9" el="218" ec="10" bec="0" bev="0" fileid="26" />
              </SequencePoints>
              <BranchPoints />
              <MethodPoint xsi:type="SequencePoint" vc="0" uspid="1784" ordinal="0" offset="0" sl="215" sc="9" el="215" ec="26" bec="0" bev="0" fileid="26" />
            </Method>
            <Method visited="false" cyclomaticComplexity="1" nPathComplexity="0" sequenceCoverage="0" branchCoverage="0" crapScore="2" isConstructor="false" isStatic="false" isGetter="false" isSetter="false">
              <Summary numSequencePoints="3" visitedSequencePoints="0" numBranchPoints="1" visitedBranchPoints="0" sequenceCoverage="0" branchCoverage="0" maxCyclomaticComplexity="1" minCyclomaticComplexity="1" maxCrapScore="2" minCrapScore="2" visitedClasses="0" numClasses="0" visitedMethods="0" numMethods="1" />
              <MetadataToken>100663501</MetadataToken>
              <Name>System.Void hw2.Decision::DrawShape(hw2.IDrawable)</Name>
              <FileRef uid="26" />
              <SequencePoints>
                <SequencePoint vc="0" uspid="1788" ordinal="0" offset="0" sl="220" sc="9" el="220" ec="10" bec="0" bev="0" fileid="26" />
                <SequencePoint vc="0" uspid="1789" ordinal="1" offset="1" sl="221" sc="13" el="221" ec="69" bec="0" bev="0" fileid="26" />
                <SequencePoint vc="0" uspid="1790" ordinal="2" offset="44" sl="222" sc="9" el="222" ec="10" bec="0" bev="0" fileid="26" />
              </SequencePoints>
              <BranchPoints />
              <MethodPoint xsi:type="SequencePoint" vc="0" uspid="1788" ordinal="0" offset="0" sl="220" sc="9" el="220" ec="10" bec="0" bev="0" fileid="26" />
            </Method>
            <Method visited="false" cyclomaticComplexity="1" nPathComplexity="0" sequenceCoverage="0" branchCoverage="0" crapScore="2" isConstructor="false" isStatic="false" isGetter="false" isSetter="false">
              <Summary numSequencePoints="5" visitedSequencePoints="0" numBranchPoints="1" visitedBranchPoints="0" sequenceCoverage="0" branchCoverage="0" maxCyclomaticComplexity="1" minCyclomaticComplexity="1" maxCrapScore="2" minCrapScore="2" visitedClasses="0" numClasses="0" visitedMethods="0" numMethods="1" />
              <MetadataToken>100663502</MetadataToken>
              <Name>System.Boolean hw2.Decision::IsPointInShape(System.Drawing.PointF)</Name>
              <FileRef uid="26" />
              <SequencePoints>
                <SequencePoint vc="0" uspid="1791" ordinal="0" offset="0" sl="224" sc="9" el="224" ec="10" bec="0" bev="0" fileid="26" />
                <SequencePoint vc="0" uspid="1792" ordinal="1" offset="1" sl="226" sc="13" el="226" ec="68" bec="0" bev="0" fileid="26" />
                <SequencePoint vc="0" uspid="1793" ordinal="2" offset="8" sl="228" sc="13" el="231" ec="110" bec="0" bev="0" fileid="26" />
                <SequencePoint vc="0" uspid="1794" ordinal="3" offset="269" sl="232" sc="13" el="232" ec="42" bec="0" bev="0" fileid="26" />
                <SequencePoint vc="0" uspid="1795" ordinal="4" offset="279" sl="233" sc="9" el="233" ec="10" bec="0" bev="0" fileid="26" />
              </SequencePoints>
              <BranchPoints />
              <MethodPoint xsi:type="SequencePoint" vc="0" uspid="1791" ordinal="0" offset="0" sl="224" sc="9" el="224" ec="10" bec="0" bev="0" fileid="26" />
            </Method>
          </Methods>
        </Class>
        <Class>
          <Summary numSequencePoints="14" visitedSequencePoints="0" numBranchPoints="7" visitedBranchPoints="0" sequenceCoverage="0" branchCoverage="0" maxCyclomaticComplexity="1" minCyclomaticComplexity="1" maxCrapScore="2" minCrapScore="2" visitedClasses="0" numClasses="1" visitedMethods="0" numMethods="7" />
          <FullName>hw2.Line</FullName>
          <Methods>
            <Method visited="false" cyclomaticComplexity="1" nPathComplexity="0" sequenceCoverage="0" branchCoverage="0" crapScore="2" isConstructor="false" isStatic="false" isGetter="true" isSetter="false">
              <Summary numSequencePoints="1" visitedSequencePoints="0" numBranchPoints="1" visitedBranchPoints="0" sequenceCoverage="0" branchCoverage="0" maxCyclomaticComplexity="1" minCyclomaticComplexity="1" maxCrapScore="2" minCrapScore="2" visitedClasses="0" numClasses="0" visitedMethods="0" numMethods="1" />
              <MetadataToken>100663503</MetadataToken>
              <Name>System.Int32 hw2.Line::get_HeadShapeID()</Name>
              <FileRef uid="26" />
              <SequencePoints>
                <SequencePoint vc="0" uspid="1796" ordinal="0" offset="0" sl="237" sc="34" el="237" ec="38" bec="0" bev="0" fileid="26" />
              </SequencePoints>
              <BranchPoints />
              <MethodPoint xsi:type="SequencePoint" vc="0" uspid="1796" ordinal="0" offset="0" sl="237" sc="34" el="237" ec="38" bec="0" bev="0" fileid="26" />
            </Method>
            <Method visited="false" cyclomaticComplexity="1" nPathComplexity="0" sequenceCoverage="0" branchCoverage="0" crapScore="2" isConstructor="false" isStatic="false" isGetter="false" isSetter="true">
              <Summary numSequencePoints="1" visitedSequencePoints="0" numBranchPoints="1" visitedBranchPoints="0" sequenceCoverage="0" branchCoverage="0" maxCyclomaticComplexity="1" minCyclomaticComplexity="1" maxCrapScore="2" minCrapScore="2" visitedClasses="0" numClasses="0" visitedMethods="0" numMethods="1" />
              <MetadataToken>100663504</MetadataToken>
              <Name>System.Void hw2.Line::set_HeadShapeID(System.Int32)</Name>
              <FileRef uid="26" />
              <SequencePoints>
                <SequencePoint vc="0" uspid="1797" ordinal="0" offset="0" sl="237" sc="39" el="237" ec="43" bec="0" bev="0" fileid="26" />
              </SequencePoints>
              <BranchPoints />
              <MethodPoint xsi:type="SequencePoint" vc="0" uspid="1797" ordinal="0" offset="0" sl="237" sc="39" el="237" ec="43" bec="0" bev="0" fileid="26" />
            </Method>
            <Method visited="false" cyclomaticComplexity="1" nPathComplexity="0" sequenceCoverage="0" branchCoverage="0" crapScore="2" isConstructor="false" isStatic="false" isGetter="true" isSetter="false">
              <Summary numSequencePoints="1" visitedSequencePoints="0" numBranchPoints="1" visitedBranchPoints="0" sequenceCoverage="0" branchCoverage="0" maxCyclomaticComplexity="1" minCyclomaticComplexity="1" maxCrapScore="2" minCrapScore="2" visitedClasses="0" numClasses="0" visitedMethods="0" numMethods="1" />
              <MetadataToken>100663505</MetadataToken>
              <Name>System.Int32 hw2.Line::get_TailShapeID()</Name>
              <FileRef uid="26" />
              <SequencePoints>
                <SequencePoint vc="0" uspid="1798" ordinal="0" offset="0" sl="238" sc="34" el="238" ec="38" bec="0" bev="0" fileid="26" />
              </SequencePoints>
              <BranchPoints />
              <MethodPoint xsi:type="SequencePoint" vc="0" uspid="1798" ordinal="0" offset="0" sl="238" sc="34" el="238" ec="38" bec="0" bev="0" fileid="26" />
            </Method>
            <Method visited="false" cyclomaticComplexity="1" nPathComplexity="0" sequenceCoverage="0" branchCoverage="0" crapScore="2" isConstructor="false" isStatic="false" isGetter="false" isSetter="true">
              <Summary numSequencePoints="1" visitedSequencePoints="0" numBranchPoints="1" visitedBranchPoints="0" sequenceCoverage="0" branchCoverage="0" maxCyclomaticComplexity="1" minCyclomaticComplexity="1" maxCrapScore="2" minCrapScore="2" visitedClasses="0" numClasses="0" visitedMethods="0" numMethods="1" />
              <MetadataToken>100663506</MetadataToken>
              <Name>System.Void hw2.Line::set_TailShapeID(System.Int32)</Name>
              <FileRef uid="26" />
              <SequencePoints>
                <SequencePoint vc="0" uspid="1799" ordinal="0" offset="0" sl="238" sc="39" el="238" ec="43" bec="0" bev="0" fileid="26" />
              </SequencePoints>
              <BranchPoints />
              <MethodPoint xsi:type="SequencePoint" vc="0" uspid="1799" ordinal="0" offset="0" sl="238" sc="39" el="238" ec="43" bec="0" bev="0" fileid="26" />
            </Method>
            <Method visited="false" cyclomaticComplexity="1" nPathComplexity="0" sequenceCoverage="0" branchCoverage="0" crapScore="2" isConstructor="true" isStatic="false" isGetter="false" isSetter="false">
              <Summary numSequencePoints="4" visitedSequencePoints="0" numBranchPoints="1" visitedBranchPoints="0" sequenceCoverage="0" branchCoverage="0" maxCyclomaticComplexity="1" minCyclomaticComplexity="1" maxCrapScore="2" minCrapScore="2" visitedClasses="0" numClasses="0" visitedMethods="0" numMethods="1" />
              <MetadataToken>100663507</MetadataToken>
              <Name>System.Void hw2.Line::.ctor()</Name>
              <FileRef uid="26" />
              <SequencePoints>
                <SequencePoint vc="0" uspid="1800" ordinal="0" offset="0" sl="240" sc="9" el="240" ec="22" bec="0" bev="0" fileid="26" />
                <SequencePoint vc="0" uspid="1801" ordinal="1" offset="7" sl="241" sc="9" el="241" ec="10" bec="0" bev="0" fileid="26" />
                <SequencePoint vc="0" uspid="1802" ordinal="2" offset="8" sl="242" sc="13" el="242" ec="32" bec="0" bev="0" fileid="26" />
                <SequencePoint vc="0" uspid="1803" ordinal="3" offset="20" sl="243" sc="9" el="243" ec="10" bec="0" bev="0" fileid="26" />
              </SequencePoints>
              <BranchPoints />
              <MethodPoint xsi:type="SequencePoint" vc="0" uspid="1800" ordinal="0" offset="0" sl="240" sc="9" el="240" ec="22" bec="0" bev="0" fileid="26" />
            </Method>
            <Method visited="false" cyclomaticComplexity="1" nPathComplexity="0" sequenceCoverage="0" branchCoverage="0" crapScore="2" isConstructor="false" isStatic="false" isGetter="false" isSetter="false">
              <Summary numSequencePoints="3" visitedSequencePoints="0" numBranchPoints="1" visitedBranchPoints="0" sequenceCoverage="0" branchCoverage="0" maxCyclomaticComplexity="1" minCyclomaticComplexity="1" maxCrapScore="2" minCrapScore="2" visitedClasses="0" numClasses="0" visitedMethods="0" numMethods="1" />
              <MetadataToken>100663508</MetadataToken>
              <Name>System.Void hw2.Line::DrawShape(hw2.IDrawable)</Name>
              <FileRef uid="26" />
              <SequencePoints>
                <SequencePoint vc="0" uspid="1804" ordinal="0" offset="0" sl="245" sc="9" el="245" ec="10" bec="0" bev="0" fileid="26" />
                <SequencePoint vc="0" uspid="1805" ordinal="1" offset="1" sl="246" sc="13" el="246" ec="49" bec="0" bev="0" fileid="26" />
                <SequencePoint vc="0" uspid="1806" ordinal="2" offset="32" sl="247" sc="9" el="247" ec="10" bec="0" bev="0" fileid="26" />
              </SequencePoints>
              <BranchPoints />
              <MethodPoint xsi:type="SequencePoint" vc="0" uspid="1804" ordinal="0" offset="0" sl="245" sc="9" el="245" ec="10" bec="0" bev="0" fileid="26" />
            </Method>
            <Method visited="false" cyclomaticComplexity="1" nPathComplexity="0" sequenceCoverage="0" branchCoverage="0" crapScore="2" isConstructor="false" isStatic="false" isGetter="false" isSetter="false">
              <Summary numSequencePoints="3" visitedSequencePoints="0" numBranchPoints="1" visitedBranchPoints="0" sequenceCoverage="0" branchCoverage="0" maxCyclomaticComplexity="1" minCyclomaticComplexity="1" maxCrapScore="2" minCrapScore="2" visitedClasses="0" numClasses="0" visitedMethods="0" numMethods="1" />
              <MetadataToken>100663509</MetadataToken>
              <Name>System.Boolean hw2.Line::IsPointInShape(System.Drawing.PointF)</Name>
              <FileRef uid="26" />
              <SequencePoints>
                <SequencePoint vc="0" uspid="1807" ordinal="0" offset="0" sl="249" sc="9" el="249" ec="10" bec="0" bev="0" fileid="26" />
                <SequencePoint vc="0" uspid="1808" ordinal="1" offset="1" sl="250" sc="13" el="250" ec="26" bec="0" bev="0" fileid="26" />
                <SequencePoint vc="0" uspid="1809" ordinal="2" offset="5" sl="251" sc="9" el="251" ec="10" bec="0" bev="0" fileid="26" />
              </SequencePoints>
              <BranchPoints />
              <MethodPoint xsi:type="SequencePoint" vc="0" uspid="1807" ordinal="0" offset="0" sl="249" sc="9" el="249" ec="10" bec="0" bev="0" fileid="26" />
            </Method>
          </Methods>
        </Class>
        <Class>
          <Summary numSequencePoints="19" visitedSequencePoints="0" numBranchPoints="3" visitedBranchPoints="0" sequenceCoverage="0" branchCoverage="0" maxCyclomaticComplexity="1" minCyclomaticComplexity="1" maxCrapScore="2" minCrapScore="2" visitedClasses="0" numClasses="1" visitedMethods="0" numMethods="3" />
          <FullName>hw2.Command.MoveCommand</FullName>
          <Methods>
            <Method visited="false" cyclomaticComplexity="1" nPathComplexity="0" sequenceCoverage="0" branchCoverage="0" crapScore="2" isConstructor="true" isStatic="false" isGetter="false" isSetter="false">
              <Summary numSequencePoints="9" visitedSequencePoints="0" numBranchPoints="1" visitedBranchPoints="0" sequenceCoverage="0" branchCoverage="0" maxCyclomaticComplexity="1" minCyclomaticComplexity="1" maxCrapScore="2" minCrapScore="2" visitedClasses="0" numClasses="0" visitedMethods="0" numMethods="1" />
              <MetadataToken>100663517</MetadataToken>
              <Name>System.Void hw2.Command.MoveCommand::.ctor(hw2.Model,hw2.Shape,System.Drawing.PointF,System.Drawing.PointF)</Name>
              <FileRef uid="34" />
              <SequencePoints>
                <SequencePoint vc="0" uspid="1810" ordinal="0" offset="0" sl="14" sc="9" el="14" ec="42" bec="0" bev="0" fileid="34" />
                <SequencePoint vc="0" uspid="1811" ordinal="1" offset="12" sl="15" sc="9" el="15" ec="40" bec="0" bev="0" fileid="34" />
                <SequencePoint vc="0" uspid="1812" ordinal="2" offset="24" sl="16" sc="9" el="16" ec="85" bec="0" bev="0" fileid="34" />
                <SequencePoint vc="0" uspid="1813" ordinal="3" offset="31" sl="17" sc="9" el="17" ec="10" bec="0" bev="0" fileid="34" />
                <SequencePoint vc="0" uspid="1814" ordinal="4" offset="32" sl="18" sc="13" el="18" ec="32" bec="0" bev="0" fileid="34" />
                <SequencePoint vc="0" uspid="1815" ordinal="5" offset="39" sl="19" sc="13" el="19" ec="23" bec="0" bev="0" fileid="34" />
                <SequencePoint vc="0" uspid="1816" ordinal="6" offset="46" sl="20" sc="13" el="20" ec="42" bec="0" bev="0" fileid="34" />
                <SequencePoint vc="0" uspid="1817" ordinal="7" offset="53" sl="21" sc="13" el="21" ec="38" bec="0" bev="0" fileid="34" />
                <SequencePoint vc="0" uspid="1818" ordinal="8" offset="61" sl="22" sc="9" el="22" ec="10" bec="0" bev="0" fileid="34" />
              </SequencePoints>
              <BranchPoints />
              <MethodPoint xsi:type="SequencePoint" vc="0" uspid="1810" ordinal="0" offset="0" sl="14" sc="9" el="14" ec="42" bec="0" bev="0" fileid="34" />
            </Method>
            <Method visited="false" cyclomaticComplexity="1" nPathComplexity="0" sequenceCoverage="0" branchCoverage="0" crapScore="2" isConstructor="false" isStatic="false" isGetter="false" isSetter="false">
              <Summary numSequencePoints="5" visitedSequencePoints="0" numBranchPoints="1" visitedBranchPoints="0" sequenceCoverage="0" branchCoverage="0" maxCyclomaticComplexity="1" minCyclomaticComplexity="1" maxCrapScore="2" minCrapScore="2" visitedClasses="0" numClasses="0" visitedMethods="0" numMethods="1" />
              <MetadataToken>100663518</MetadataToken>
              <Name>System.Void hw2.Command.MoveCommand::Execute()</Name>
              <FileRef uid="34" />
              <SequencePoints>
                <SequencePoint vc="0" uspid="1819" ordinal="0" offset="0" sl="25" sc="9" el="25" ec="10" bec="0" bev="0" fileid="34" />
                <SequencePoint vc="0" uspid="1820" ordinal="1" offset="1" sl="26" sc="13" el="26" ec="126" bec="0" bev="0" fileid="34" />
                <SequencePoint vc="0" uspid="1821" ordinal="2" offset="104" sl="27" sc="13" el="27" ec="34" bec="0" bev="0" fileid="34" />
                <SequencePoint vc="0" uspid="1822" ordinal="3" offset="127" sl="28" sc="13" el="28" ec="34" bec="0" bev="0" fileid="34" />
                <SequencePoint vc="0" uspid="1823" ordinal="4" offset="150" sl="29" sc="9" el="29" ec="10" bec="0" bev="0" fileid="34" />
              </SequencePoints>
              <BranchPoints />
              <MethodPoint xsi:type="SequencePoint" vc="0" uspid="1819" ordinal="0" offset="0" sl="25" sc="9" el="25" ec="10" bec="0" bev="0" fileid="34" />
            </Method>
            <Method visited="false" cyclomaticComplexity="1" nPathComplexity="0" sequenceCoverage="0" branchCoverage="0" crapScore="2" isConstructor="false" isStatic="false" isGetter="false" isSetter="false">
              <Summary numSequencePoints="5" visitedSequencePoints="0" numBranchPoints="1" visitedBranchPoints="0" sequenceCoverage="0" branchCoverage="0" maxCyclomaticComplexity="1" minCyclomaticComplexity="1" maxCrapScore="2" minCrapScore="2" visitedClasses="0" numClasses="0" visitedMethods="0" numMethods="1" />
              <MetadataToken>100663519</MetadataToken>
              <Name>System.Void hw2.Command.MoveCommand::UnExecute()</Name>
              <FileRef uid="34" />
              <SequencePoints>
                <SequencePoint vc="0" uspid="1824" ordinal="0" offset="0" sl="32" sc="9" el="32" ec="10" bec="0" bev="0" fileid="34" />
                <SequencePoint vc="0" uspid="1825" ordinal="1" offset="1" sl="33" sc="13" el="33" ec="130" bec="0" bev="0" fileid="34" />
                <SequencePoint vc="0" uspid="1826" ordinal="2" offset="104" sl="34" sc="13" el="34" ec="36" bec="0" bev="0" fileid="34" />
                <SequencePoint vc="0" uspid="1827" ordinal="3" offset="127" sl="35" sc="13" el="35" ec="36" bec="0" bev="0" fileid="34" />
                <SequencePoint vc="0" uspid="1828" ordinal="4" offset="150" sl="36" sc="9" el="36" ec="10" bec="0" bev="0" fileid="34" />
              </SequencePoints>
              <BranchPoints />
              <MethodPoint xsi:type="SequencePoint" vc="0" uspid="1824" ordinal="0" offset="0" sl="32" sc="9" el="32" ec="10" bec="0" bev="0" fileid="34" />
            </Method>
          </Methods>
        </Class>
      </Classes>
    </Module>
  </Modules>
</CoverageSession>